<?xml version="1.0" encoding="UTF-8"?>
<testsuite xmlns:xsi="http://www.w3.org/2001/XMLSchema-instance" xsi:noNamespaceSchemaLocation="https://maven.apache.org/surefire/maven-surefire-plugin/xsd/surefire-test-report.xsd" name="org.apache.zookeeper.server.quorum.UnifiedServerSocketTest" time="25.515" tests="72" errors="0" skipped="0" failures="0">
  <properties>
[...]
</properties>
  <testcase name="testConnectWithoutSSLToStrictServer[0]" classname="org.apache.zookeeper.server.quorum.UnifiedServerSocketTest" time="0.817"/>
  <testcase name="testConnectWithSSLToStrictServer[0]" classname="org.apache.zookeeper.server.quorum.UnifiedServerSocketTest" time="0.579"/>
  <testcase name="testTLSDetectionNonBlockingNonStrictServerDisconnectedClient[0]" classname="org.apache.zookeeper.server.quorum.UnifiedServerSocketTest" time="0.286"/>
  <testcase name="testConnectWithSSLToNonStrictServer[0]" classname="org.apache.zookeeper.server.quorum.UnifiedServerSocketTest" time="0.283"/>
  <testcase name="testTLSDetectionNonBlockingStrictServerDisconnectedClient[0]" classname="org.apache.zookeeper.server.quorum.UnifiedServerSocketTest" time="0.265"/>
  <testcase name="testTLSDetectionNonBlockingStrictServerIdleClient[0]" classname="org.apache.zookeeper.server.quorum.UnifiedServerSocketTest" time="0.29"/>
  <testcase name="testConnectWithoutSSLToNonStrictServerPartialWrite[0]" classname="org.apache.zookeeper.server.quorum.UnifiedServerSocketTest" time="0.504"/>
  <testcase name="testTLSDetectionNonBlockingNonStrictServerIdleClient[0]" classname="org.apache.zookeeper.server.quorum.UnifiedServerSocketTest" time="0.268"/>
  <testcase name="testConnectWithoutSSLToNonStrictServer[0]" classname="org.apache.zookeeper.server.quorum.UnifiedServerSocketTest" time="0.138"/>
  <testcase name="testConnectWithoutSSLToStrictServer[1]" classname="org.apache.zookeeper.server.quorum.UnifiedServerSocketTest" time="0.508"/>
  <testcase name="testConnectWithSSLToStrictServer[1]" classname="org.apache.zookeeper.server.quorum.UnifiedServerSocketTest" time="0.238"/>
  <testcase name="testTLSDetectionNonBlockingNonStrictServerDisconnectedClient[1]" classname="org.apache.zookeeper.server.quorum.UnifiedServerSocketTest" time="0.283"/>
  <testcase name="testConnectWithSSLToNonStrictServer[1]" classname="org.apache.zookeeper.server.quorum.UnifiedServerSocketTest" time="0.282"/>
  <testcase name="testTLSDetectionNonBlockingStrictServerDisconnectedClient[1]" classname="org.apache.zookeeper.server.quorum.UnifiedServerSocketTest" time="0.285"/>
  <testcase name="testTLSDetectionNonBlockingStrictServerIdleClient[1]" classname="org.apache.zookeeper.server.quorum.UnifiedServerSocketTest" time="0.257"/>
  <testcase name="testConnectWithoutSSLToNonStrictServerPartialWrite[1]" classname="org.apache.zookeeper.server.quorum.UnifiedServerSocketTest" time="0.507"/>
  <testcase name="testTLSDetectionNonBlockingNonStrictServerIdleClient[1]" classname="org.apache.zookeeper.server.quorum.UnifiedServerSocketTest" time="0.288"/>
  <testcase name="testConnectWithoutSSLToNonStrictServer[1]" classname="org.apache.zookeeper.server.quorum.UnifiedServerSocketTest" time="0.198"/>
  <testcase name="testConnectWithoutSSLToStrictServer[2]" classname="org.apache.zookeeper.server.quorum.UnifiedServerSocketTest" time="0.519"/>
  <testcase name="testConnectWithSSLToStrictServer[2]" classname="org.apache.zookeeper.server.quorum.UnifiedServerSocketTest" time="0.288"/>
  <testcase name="testTLSDetectionNonBlockingNonStrictServerDisconnectedClient[2]" classname="org.apache.zookeeper.server.quorum.UnifiedServerSocketTest" time="0.279"/>
  <testcase name="testConnectWithSSLToNonStrictServer[2]" classname="org.apache.zookeeper.server.quorum.UnifiedServerSocketTest" time="0.315"/>
  <testcase name="testTLSDetectionNonBlockingStrictServerDisconnectedClient[2]" classname="org.apache.zookeeper.server.quorum.UnifiedServerSocketTest" time="0.255"/>
  <testcase name="testTLSDetectionNonBlockingStrictServerIdleClient[2]" classname="org.apache.zookeeper.server.quorum.UnifiedServerSocketTest" time="0.265"/>
  <testcase name="testConnectWithoutSSLToNonStrictServerPartialWrite[2]" classname="org.apache.zookeeper.server.quorum.UnifiedServerSocketTest" time="0.505"/>
  <testcase name="testTLSDetectionNonBlockingNonStrictServerIdleClient[2]" classname="org.apache.zookeeper.server.quorum.UnifiedServerSocketTest" time="0.254"/>
  <testcase name="testConnectWithoutSSLToNonStrictServer[2]" classname="org.apache.zookeeper.server.quorum.UnifiedServerSocketTest" time="0.13"/>
  <testcase name="testConnectWithoutSSLToStrictServer[3]" classname="org.apache.zookeeper.server.quorum.UnifiedServerSocketTest" time="0.429"/>
  <testcase name="testConnectWithSSLToStrictServer[3]" classname="org.apache.zookeeper.server.quorum.UnifiedServerSocketTest" time="0.279"/>
  <testcase name="testTLSDetectionNonBlockingNonStrictServerDisconnectedClient[3]" classname="org.apache.zookeeper.server.quorum.UnifiedServerSocketTest" time="0.25"/>
  <testcase name="testConnectWithSSLToNonStrictServer[3]" classname="org.apache.zookeeper.server.quorum.UnifiedServerSocketTest" time="0.255"/>
  <testcase name="testTLSDetectionNonBlockingStrictServerDisconnectedClient[3]" classname="org.apache.zookeeper.server.quorum.UnifiedServerSocketTest" time="0.304"/>
  <testcase name="testTLSDetectionNonBlockingStrictServerIdleClient[3]" classname="org.apache.zookeeper.server.quorum.UnifiedServerSocketTest" time="0.334"/>
  <testcase name="testConnectWithoutSSLToNonStrictServerPartialWrite[3]" classname="org.apache.zookeeper.server.quorum.UnifiedServerSocketTest" time="0.507"/>
  <testcase name="testTLSDetectionNonBlockingNonStrictServerIdleClient[3]" classname="org.apache.zookeeper.server.quorum.UnifiedServerSocketTest" time="0.27"/>
  <testcase name="testConnectWithoutSSLToNonStrictServer[3]" classname="org.apache.zookeeper.server.quorum.UnifiedServerSocketTest" time="0.161"/>
  <testcase name="testConnectWithoutSSLToStrictServer[4]" classname="org.apache.zookeeper.server.quorum.UnifiedServerSocketTest" time="0.545"/>
  <testcase name="testConnectWithSSLToStrictServer[4]" classname="org.apache.zookeeper.server.quorum.UnifiedServerSocketTest" time="0.284"/>
  <testcase name="testTLSDetectionNonBlockingNonStrictServerDisconnectedClient[4]" classname="org.apache.zookeeper.server.quorum.UnifiedServerSocketTest" time="0.276"/>
  <testcase name="testConnectWithSSLToNonStrictServer[4]" classname="org.apache.zookeeper.server.quorum.UnifiedServerSocketTest" time="0.255"/>
  <testcase name="testTLSDetectionNonBlockingStrictServerDisconnectedClient[4]" classname="org.apache.zookeeper.server.quorum.UnifiedServerSocketTest" time="0.241"/>
  <testcase name="testTLSDetectionNonBlockingStrictServerIdleClient[4]" classname="org.apache.zookeeper.server.quorum.UnifiedServerSocketTest" time="0.27"/>
  <testcase name="testConnectWithoutSSLToNonStrictServerPartialWrite[4]" classname="org.apache.zookeeper.server.quorum.UnifiedServerSocketTest" time="0.503"/>
  <testcase name="testTLSDetectionNonBlockingNonStrictServerIdleClient[4]" classname="org.apache.zookeeper.server.quorum.UnifiedServerSocketTest" time="0.25"/>
  <testcase name="testConnectWithoutSSLToNonStrictServer[4]" classname="org.apache.zookeeper.server.quorum.UnifiedServerSocketTest" time="0.126"/>
  <testcase name="testConnectWithoutSSLToStrictServer[5]" classname="org.apache.zookeeper.server.quorum.UnifiedServerSocketTest" time="0.483"/>
  <testcase name="testConnectWithSSLToStrictServer[5]" classname="org.apache.zookeeper.server.quorum.UnifiedServerSocketTest" time="0.253"/>
  <testcase name="testTLSDetectionNonBlockingNonStrictServerDisconnectedClient[5]" classname="org.apache.zookeeper.server.quorum.UnifiedServerSocketTest" time="0.314"/>
  <testcase name="testConnectWithSSLToNonStrictServer[5]" classname="org.apache.zookeeper.server.quorum.UnifiedServerSocketTest" time="0.263"/>
  <testcase name="testTLSDetectionNonBlockingStrictServerDisconnectedClient[5]" classname="org.apache.zookeeper.server.quorum.UnifiedServerSocketTest" time="0.263"/>
  <testcase name="testTLSDetectionNonBlockingStrictServerIdleClient[5]" classname="org.apache.zookeeper.server.quorum.UnifiedServerSocketTest" time="0.258"/>
  <testcase name="testConnectWithoutSSLToNonStrictServerPartialWrite[5]" classname="org.apache.zookeeper.server.quorum.UnifiedServerSocketTest" time="0.502"/>
  <testcase name="testTLSDetectionNonBlockingNonStrictServerIdleClient[5]" classname="org.apache.zookeeper.server.quorum.UnifiedServerSocketTest" time="0.265"/>
  <testcase name="testConnectWithoutSSLToNonStrictServer[5]" classname="org.apache.zookeeper.server.quorum.UnifiedServerSocketTest" time="0.14"/>
  <testcase name="testConnectWithoutSSLToStrictServer[6]" classname="org.apache.zookeeper.server.quorum.UnifiedServerSocketTest" time="0.487"/>
  <testcase name="testConnectWithSSLToStrictServer[6]" classname="org.apache.zookeeper.server.quorum.UnifiedServerSocketTest" time="0.291"/>
  <testcase name="testTLSDetectionNonBlockingNonStrictServerDisconnectedClient[6]" classname="org.apache.zookeeper.server.quorum.UnifiedServerSocketTest" time="0.264"/>
  <testcase name="testConnectWithSSLToNonStrictServer[6]" classname="org.apache.zookeeper.server.quorum.UnifiedServerSocketTest" time="0.234"/>
  <testcase name="testTLSDetectionNonBlockingStrictServerDisconnectedClient[6]" classname="org.apache.zookeeper.server.quorum.UnifiedServerSocketTest" time="0.274"/>
  <testcase name="testTLSDetectionNonBlockingStrictServerIdleClient[6]" classname="org.apache.zookeeper.server.quorum.UnifiedServerSocketTest" time="0.252"/>
  <testcase name="testConnectWithoutSSLToNonStrictServerPartialWrite[6]" classname="org.apache.zookeeper.server.quorum.UnifiedServerSocketTest" time="0.497"/>
  <testcase name="testTLSDetectionNonBlockingNonStrictServerIdleClient[6]" classname="org.apache.zookeeper.server.quorum.UnifiedServerSocketTest" time="0.284"/>
  <testcase name="testConnectWithoutSSLToNonStrictServer[6]" classname="org.apache.zookeeper.server.quorum.UnifiedServerSocketTest" time="0.146"/>
  <testcase name="testConnectWithoutSSLToStrictServer[7]" classname="org.apache.zookeeper.server.quorum.UnifiedServerSocketTest" time="0.502"/>
  <testcase name="testConnectWithSSLToStrictServer[7]" classname="org.apache.zookeeper.server.quorum.UnifiedServerSocketTest" time="0.239"/>
  <testcase name="testTLSDetectionNonBlockingNonStrictServerDisconnectedClient[7]" classname="org.apache.zookeeper.server.quorum.UnifiedServerSocketTest" time="0.289"/>
  <testcase name="testConnectWithSSLToNonStrictServer[7]" classname="org.apache.zookeeper.server.quorum.UnifiedServerSocketTest" time="0.287"/>
  <testcase name="testTLSDetectionNonBlockingStrictServerDisconnectedClient[7]" classname="org.apache.zookeeper.server.quorum.UnifiedServerSocketTest" time="0.24"/>
  <testcase name="testTLSDetectionNonBlockingStrictServerIdleClient[7]" classname="org.apache.zookeeper.server.quorum.UnifiedServerSocketTest" time="0.251"/>
  <testcase name="testConnectWithoutSSLToNonStrictServerPartialWrite[7]" classname="org.apache.zookeeper.server.quorum.UnifiedServerSocketTest" time="0.516"/>
  <testcase name="testTLSDetectionNonBlockingNonStrictServerIdleClient[7]" classname="org.apache.zookeeper.server.quorum.UnifiedServerSocketTest" time="0.25"/>
  <testcase name="testConnectWithoutSSLToNonStrictServer[7]" classname="org.apache.zookeeper.server.quorum.UnifiedServerSocketTest" time="0.161"/>
</testsuite>