<?xml version="1.0" encoding="UTF-8"?>
<testsuite xmlns:xsi="http://www.w3.org/2001/XMLSchema-instance" xsi:noNamespaceSchemaLocation="https://maven.apache.org/surefire/maven-surefire-plugin/xsd/surefire-test-report.xsd" name="org.apache.zookeeper.server.quorum.Zab1_0Test" time="27.98" tests="12" errors="0" skipped="0" failures="1">
  <properties>
[...]
</properties>
  <testcase name="testNormalFollowerRun" classname="org.apache.zookeeper.server.quorum.Zab1_0Test" time="2.236"/>
  <testcase name="testLeaderInConnectingFollowers" classname="org.apache.zookeeper.server.quorum.Zab1_0Test" time="4.188"/>
  <testcase name="testNormalFollowerRunWithDiff" classname="org.apache.zookeeper.server.quorum.Zab1_0Test" time="1.486">
    <failure type="java.lang.AssertionError">java.lang.AssertionError
	at org.apache.zookeeper.server.quorum.Zab1_0Test.testFollowerConversation(Zab1_0Test.java:444)
	at org.apache.zookeeper.server.quorum.Zab1_0Test.testNormalFollowerRunWithDiff(Zab1_0Test.java:705)
</failure>
    <system-out><![CDATA[2020-12-21 19:45:23,078 [myid:] - INFO  [main:ZKTestCase$1@86] - STARTING testNormalFollowerRunWithDiff
2020-12-21 19:45:23,078 [myid:] - INFO  [main:JUnit4ZKTestRunner$LoggedInvokeMethod@84] - RUNNING TEST METHOD testNormalFollowerRunWithDiff
2020-12-21 19:45:23,080 [myid:] - INFO  [main:PortAssignment@87] - Assigned port 27398 from range 27379 - 30071.
2020-12-21 19:45:23,081 [myid:] - INFO  [main:PortAssignment@87] - Assigned port 27399 from range 27379 - 30071.
2020-12-21 19:45:23,082 [myid:] - INFO  [main:PortAssignment@87] - Assigned port 27400 from range 27379 - 30071.
2020-12-21 19:45:23,082 [myid:] - INFO  [main:PortAssignment@87] - Assigned port 27401 from range 27379 - 30071.
2020-12-21 19:45:23,083 [myid:] - INFO  [main:PortAssignment@87] - Assigned port 27402 from range 27379 - 30071.
2020-12-21 19:45:23,083 [myid:] - INFO  [main:PortAssignment@87] - Assigned port 27403 from range 27379 - 30071.
2020-12-21 19:45:23,084 [myid:] - INFO  [main:PortAssignment@87] - Assigned port 27404 from range 27379 - 30071.
2020-12-21 19:45:23,084 [myid:] - INFO  [main:PortAssignment@87] - Assigned port 27405 from range 27379 - 30071.
2020-12-21 19:45:23,085 [myid:] - INFO  [main:PortAssignment@87] - Assigned port 27406 from range 27379 - 30071.
2020-12-21 19:45:23,085 [myid:] - WARN  [main:QuorumPeer@1787] - configFilename is null! This should only happen in tests.
2020-12-21 19:45:23,547 [myid:] - INFO  [main:FileTxnSnapLog@124] - zookeeper.snapshot.trust.empty : false
2020-12-21 19:45:23,549 [myid:] - INFO  [main:WatchManagerFactory@42] - Using org.apache.zookeeper.server.watch.WatchManager as watch manager
2020-12-21 19:45:23,549 [myid:] - INFO  [main:WatchManagerFactory@42] - Using org.apache.zookeeper.server.watch.WatchManager as watch manager
2020-12-21 19:45:23,550 [myid:] - INFO  [main:ZKDatabase@132] - zookeeper.snapshotSizeFactor = 0.33
2020-12-21 19:45:23,550 [myid:] - INFO  [main:ZKDatabase@152] - zookeeper.commitLogCount=500
2020-12-21 19:45:23,550 [myid:] - INFO  [main:ZooKeeperServer@1256] - minSessionTimeout set to 4000
2020-12-21 19:45:23,550 [myid:] - INFO  [main:ZooKeeperServer@1265] - maxSessionTimeout set to 40000
2020-12-21 19:45:23,551 [myid:] - INFO  [main:ResponseCache@45] - Response cache size is initialized with value 400.
2020-12-21 19:45:23,551 [myid:] - INFO  [main:ResponseCache@45] - Response cache size is initialized with value 400.
2020-12-21 19:45:23,551 [myid:] - INFO  [main:RequestPathMetricsCollector@111] - zookeeper.pathStats.slotCapacity = 60
2020-12-21 19:45:23,551 [myid:] - INFO  [main:RequestPathMetricsCollector@112] - zookeeper.pathStats.slotDuration = 15
2020-12-21 19:45:23,552 [myid:] - INFO  [main:RequestPathMetricsCollector@113] - zookeeper.pathStats.maxDepth = 6
2020-12-21 19:45:23,552 [myid:] - INFO  [main:RequestPathMetricsCollector@114] - zookeeper.pathStats.initialDelay = 5
2020-12-21 19:45:23,552 [myid:] - INFO  [main:RequestPathMetricsCollector@115] - zookeeper.pathStats.delay = 5
2020-12-21 19:45:23,552 [myid:] - INFO  [main:RequestPathMetricsCollector@116] - zookeeper.pathStats.enabled = false
2020-12-21 19:45:23,553 [myid:] - INFO  [main:ZooKeeperServer@1481] - The max bytes for all large requests are set to 104857600
2020-12-21 19:45:23,553 [myid:] - INFO  [main:ZooKeeperServer@1495] - The large request threshold is set to -1
2020-12-21 19:45:23,553 [myid:] - INFO  [main:ZooKeeperServer@339] - Created server with tickTime 2000 minSessionTimeout 4000 maxSessionTimeout 40000 clientPortListenBacklog -1 datadir src/test/resources/data/test3976319104513939317dir/version-2 snapdir src/test/resources/data/test3976319104513939317dir/version-2
2020-12-21 19:45:23,554 [myid:] - INFO  [Thread-3:Follower@75] - FOLLOWING - LEADER ELECTION TOOK - 47266365 MS
2020-12-21 19:45:23,554 [myid:] - INFO  [Thread-3:QuorumPeer@863] - Peer state changed: looking - discovery
2020-12-21 19:45:23,555 [myid:] - INFO  [LeaderConnector-/127.0.0.1:54154:Learner$LeaderConnector@330] - Successfully connected to leader, using address: /127.0.0.1:54154
2020-12-21 19:45:23,651 [myid:] - INFO  [Thread-3:FileTxnSnapLog@251] - Initialize file found, an empty database will not block voting participation
2020-12-21 19:45:23,652 [myid:] - INFO  [Thread-3:FileTxnSnapLog@470] - Snapshotting: 0x0 to src/test/resources/data/test3976319104513939317dir/version-2/snapshot.0
2020-12-21 19:45:23,717 [myid:] - INFO  [main:FileTxnSnapLog@124] - zookeeper.snapshot.trust.empty : false
2020-12-21 19:45:23,745 [myid:] - INFO  [Thread-3:ZKDatabase@289] - Snapshot loaded in 190 ms, highest zxid is 0x0, digest is 1371985504
2020-12-21 19:45:23,746 [myid:] - INFO  [main:WatchManagerFactory@42] - Using org.apache.zookeeper.server.watch.WatchManager as watch manager
2020-12-21 19:45:23,747 [myid:] - INFO  [main:WatchManagerFactory@42] - Using org.apache.zookeeper.server.watch.WatchManager as watch manager
2020-12-21 19:45:23,747 [myid:] - INFO  [main:ZKDatabase@132] - zookeeper.snapshotSizeFactor = 0.33
2020-12-21 19:45:23,747 [myid:] - INFO  [main:ZKDatabase@152] - zookeeper.commitLogCount=500
2020-12-21 19:45:24,027 [myid:] - INFO  [Thread-3:QuorumPeer@863] - Peer state changed: looking - synchronization
2020-12-21 19:45:24,028 [myid:] - INFO  [Thread-3:Learner@511] - Getting a diff from the leader 0x100000001
2020-12-21 19:45:24,028 [myid:] - INFO  [Thread-3:QuorumPeer@868] - Peer state changed: looking - synchronization - diff
2020-12-21 19:45:24,030 [myid:] - WARN  [Thread-3:Learner@577] - Got zxid 0x100000002 expected 0x1
2020-12-21 19:45:24,030 [myid:] - INFO  [Thread-3:Learner@677] - Learner received NEWLEADER message
2020-12-21 19:45:24,222 [myid:] - INFO  [Thread-3:Learner@661] - Learner received UPTODATE message
2020-12-21 19:45:24,222 [myid:] - INFO  [Thread-3:QuorumPeer@868] - Peer state changed: looking - synchronization
2020-12-21 19:45:24,223 [myid:] - INFO  [Thread-3:CommitProcessor@476] - Configuring CommitProcessor with readBatchSize -1 commitBatchSize 1
2020-12-21 19:45:24,223 [myid:] - INFO  [Thread-3:CommitProcessor@438] - Configuring CommitProcessor with 8 worker threads.
2020-12-21 19:45:24,225 [myid:] - INFO  [Thread-3:QuorumPeer@863] - Peer state changed: looking - broadcast
2020-12-21 19:45:24,225 [myid:] - INFO  [SyncThread:0:FileTxnLog@284] - Creating new log file: log.100000002
2020-12-21 19:45:24,225 [myid:] - INFO  [CommitProcessor:0:LearnerSessionTracker@116] - Committing global session 0x4
2020-12-21 19:45:24,226 [myid:] - INFO  [main:FileTxnSnapLog@124] - zookeeper.snapshot.trust.empty : false
2020-12-21 19:45:24,250 [myid:] - INFO  [main:WatchManagerFactory@42] - Using org.apache.zookeeper.server.watch.WatchManager as watch manager
2020-12-21 19:45:24,251 [myid:] - INFO  [main:WatchManagerFactory@42] - Using org.apache.zookeeper.server.watch.WatchManager as watch manager
2020-12-21 19:45:24,251 [myid:] - INFO  [main:ZKDatabase@132] - zookeeper.snapshotSizeFactor = 0.33
2020-12-21 19:45:24,251 [myid:] - INFO  [main:ZKDatabase@152] - zookeeper.commitLogCount=500
2020-12-21 19:45:24,287 [myid:] - INFO  [main:FileSnap@85] - Reading snapshot src/test/resources/data/test3976319104513939317dir/version-2/snapshot.0
2020-12-21 19:45:24,288 [myid:] - INFO  [main:DataTree@1737] - The digest value is empty in snapshot
2020-12-21 19:45:24,342 [myid:] - INFO  [main:ZKDatabase@289] - Snapshot loaded in 91 ms, highest zxid is 0x0, digest is 1371985504
2020-12-21 19:45:24,343 [myid:] - INFO  [main:Zab1_0Test$5@799] - zkdb2 sessions:[]
2020-12-21 19:45:24,343 [myid:] - INFO  [main:Zab1_0Test$5@800] - zkdb2 with timeouts:{}
2020-12-21 19:45:24,370 [myid:] - INFO  [main:Follower@292] - shutdown Follower
2020-12-21 19:45:24,370 [myid:] - WARN  [Thread-3:Follower@129] - Exception when following the leader
java.net.SocketException: Socket closed
	at java.base/sun.nio.ch.NioSocketImpl.endRead(NioSocketImpl.java:248)
	at java.base/sun.nio.ch.NioSocketImpl.implRead(NioSocketImpl.java:327)
	at java.base/sun.nio.ch.NioSocketImpl.read(NioSocketImpl.java:350)
	at java.base/sun.nio.ch.NioSocketImpl$1.read(NioSocketImpl.java:803)
	at java.base/java.net.Socket$SocketInputStream.read(Socket.java:981)
	at java.base/java.io.BufferedInputStream.fill(BufferedInputStream.java:244)
	at java.base/java.io.BufferedInputStream.read(BufferedInputStream.java:263)
	at java.base/java.io.DataInputStream.readInt(DataInputStream.java:391)
	at org.apache.jute.BinaryInputArchive.readInt(BinaryInputArchive.java:96)
	at org.apache.zookeeper.server.quorum.QuorumPacket.deserialize(QuorumPacket.java:90)
	at org.apache.jute.BinaryInputArchive.readRecord(BinaryInputArchive.java:134)
	at org.apache.zookeeper.server.quorum.Learner.readPacket(Learner.java:182)
	at org.apache.zookeeper.server.quorum.Follower.followLeader(Follower.java:125)
	at org.apache.zookeeper.server.quorum.Zab1_0Test$1.run(Zab1_0Test.java:430)
2020-12-21 19:45:24,370 [myid:] - INFO  [main:LearnerZooKeeperServer@160] - Shutting down
2020-12-21 19:45:24,371 [myid:] - INFO  [Thread-3:Follower@143] - Disconnected from leader (with address: /127.0.0.1:54154). Was connected for 815ms. Sync state: true
2020-12-21 19:45:24,371 [myid:] - INFO  [main:ZooKeeperServer@794] - shutting down
2020-12-21 19:45:24,372 [myid:] - INFO  [main:RequestThrottler@244] - Shutting down
2020-12-21 19:45:24,372 [myid:] - INFO  [RequestThrottler:RequestThrottler@205] - Draining request throttler queue
2020-12-21 19:45:24,372 [myid:] - INFO  [RequestThrottler:RequestThrottler@181] - RequestThrottler shutdown. Dropped 0 requests
2020-12-21 19:45:24,372 [myid:] - INFO  [main:FollowerRequestProcessor@148] - Shutting down
2020-12-21 19:45:24,372 [myid:] - INFO  [main:CommitProcessor@617] - Shutting down
2020-12-21 19:45:24,372 [myid:] - INFO  [FollowerRequestProcessor:0:FollowerRequestProcessor@112] - FollowerRequestProcessor exited loop!
2020-12-21 19:45:24,373 [myid:] - INFO  [main:FinalRequestProcessor@662] - shutdown of request processor complete
2020-12-21 19:45:24,373 [myid:] - INFO  [CommitProcessor:0:CommitProcessor@406] - CommitProcessor exited loop!
2020-12-21 19:45:24,396 [myid:] - WARN  [SyncThread:0:SendAckRequestProcessor@65] - Closing connection to leader, exception during packet send
java.net.SocketException: Socket closed
	at java.base/sun.nio.ch.NioSocketImpl.ensureOpenAndConnected(NioSocketImpl.java:165)
	at java.base/sun.nio.ch.NioSocketImpl.beginWrite(NioSocketImpl.java:366)
	at java.base/sun.nio.ch.NioSocketImpl.implWrite(NioSocketImpl.java:411)
	at java.base/sun.nio.ch.NioSocketImpl.write(NioSocketImpl.java:440)
	at java.base/sun.nio.ch.NioSocketImpl$2.write(NioSocketImpl.java:826)
	at java.base/java.net.Socket$SocketOutputStream.write(Socket.java:1051)
	at java.base/java.io.BufferedOutputStream.flushBuffer(BufferedOutputStream.java:81)
	at java.base/java.io.BufferedOutputStream.flush(BufferedOutputStream.java:142)
	at org.apache.zookeeper.server.quorum.Learner.writePacket(Learner.java:168)
	at org.apache.zookeeper.server.quorum.SendAckRequestProcessor.flush(SendAckRequestProcessor.java:63)
	at org.apache.zookeeper.server.SyncRequestProcessor.flush(SyncRequestProcessor.java:249)
	at org.apache.zookeeper.server.SyncRequestProcessor.run(SyncRequestProcessor.java:169)
2020-12-21 19:45:24,396 [myid:] - INFO  [main:SyncRequestProcessor@256] - Shutting down
2020-12-21 19:45:24,397 [myid:] - INFO  [SyncThread:0:SyncRequestProcessor@225] - SyncRequestProcessor exited!
2020-12-21 19:45:24,398 [myid:] - INFO  [main:Follower@292] - shutdown Follower
2020-12-21 19:45:24,557 [myid:] - WARN  [main:JUnit4ZKTestRunner$LoggedInvokeMethod@105] - TEST METHOD FAILED testNormalFollowerRunWithDiff
java.lang.AssertionError
	at org.apache.zookeeper.server.quorum.Zab1_0Test$5.converseWithFollower(Zab1_0Test.java:801)
	at org.apache.zookeeper.server.quorum.Zab1_0Test.testFollowerConversation(Zab1_0Test.java:444)
	at org.apache.zookeeper.server.quorum.Zab1_0Test.testNormalFollowerRunWithDiff(Zab1_0Test.java:705)
	at org.apache.zookeeper.JUnit4ZKTestRunner$LoggedInvokeMethod.evaluate(JUnit4ZKTestRunner.java:86)
2020-12-21 19:45:24,558 [myid:] - ERROR [main:ZKTestCase$1@101] - FAILED testNormalFollowerRunWithDiff
java.lang.AssertionError
	at org.apache.zookeeper.server.quorum.Zab1_0Test$5.converseWithFollower(Zab1_0Test.java:801)
	at org.apache.zookeeper.server.quorum.Zab1_0Test.testFollowerConversation(Zab1_0Test.java:444)
	at org.apache.zookeeper.server.quorum.Zab1_0Test.testNormalFollowerRunWithDiff(Zab1_0Test.java:705)
	at org.apache.zookeeper.JUnit4ZKTestRunner$LoggedInvokeMethod.evaluate(JUnit4ZKTestRunner.java:86)
2020-12-21 19:45:24,558 [myid:] - INFO  [main:ZKTestCase$1@91] - FINISHED testNormalFollowerRunWithDiff
]]></system-out>
  </testcase>
  <testcase name="testUnnecessarySnap" classname="org.apache.zookeeper.server.quorum.Zab1_0Test" time="0.137"/>
  <testcase name="testLastAcceptedEpoch" classname="org.apache.zookeeper.server.quorum.Zab1_0Test" time="0.185"/>
  <testcase name="testLeaderBehind" classname="org.apache.zookeeper.server.quorum.Zab1_0Test" time="0.496"/>
  <testcase name="testLeaderInElectingFollowers" classname="org.apache.zookeeper.server.quorum.Zab1_0Test" time="4.211"/>
  <testcase name="testTxnTimeout" classname="org.apache.zookeeper.server.quorum.Zab1_0Test" time="4.782"/>
  <testcase name="testAbandonBeforeACKEpoch" classname="org.apache.zookeeper.server.quorum.Zab1_0Test" time="9.133"/>
  <testcase name="testInitialAcceptedCurrent" classname="org.apache.zookeeper.server.quorum.Zab1_0Test" time="0.492"/>
  <testcase name="testNormalObserverRun" classname="org.apache.zookeeper.server.quorum.Zab1_0Test" time="0.308"/>
  <testcase name="testNormalRun" classname="org.apache.zookeeper.server.quorum.Zab1_0Test" time="0.102"/>
</testsuite>