<?xml version="1.0" encoding="UTF-8"?>
<testsuite xmlns:xsi="http://www.w3.org/2001/XMLSchema-instance" xsi:noNamespaceSchemaLocation="https://maven.apache.org/surefire/maven-surefire-plugin/xsd/surefire-test-report.xsd" name="org.apache.zookeeper.server.quorum.EagerACLFilterTest" time="126.904" tests="72" errors="0" skipped="0" failures="0">
  <properties>
[...]
</properties>
  <testcase name="testCreateOK[0]" classname="org.apache.zookeeper.server.quorum.EagerACLFilterTest" time="4.454"/>
  <testcase name="testCreate2Fail[0]" classname="org.apache.zookeeper.server.quorum.EagerACLFilterTest" time="1.506"/>
  <testcase name="testSetDataFail[0]" classname="org.apache.zookeeper.server.quorum.EagerACLFilterTest" time="1.073"/>
  <testcase name="testSetACLFail[0]" classname="org.apache.zookeeper.server.quorum.EagerACLFilterTest" time="1.073"/>
  <testcase name="testCreateFail[0]" classname="org.apache.zookeeper.server.quorum.EagerACLFilterTest" time="1.221"/>
  <testcase name="testSetDataOK[0]" classname="org.apache.zookeeper.server.quorum.EagerACLFilterTest" time="1.219"/>
  <testcase name="testDeleteFail[0]" classname="org.apache.zookeeper.server.quorum.EagerACLFilterTest" time="1.236"/>
  <testcase name="testBadACL[0]" classname="org.apache.zookeeper.server.quorum.EagerACLFilterTest" time="1.661"/>
  <testcase name="testCreate2OK[0]" classname="org.apache.zookeeper.server.quorum.EagerACLFilterTest" time="1.297"/>
  <testcase name="testDeleteOK[0]" classname="org.apache.zookeeper.server.quorum.EagerACLFilterTest" time="1.163"/>
  <testcase name="testSetACLOK[0]" classname="org.apache.zookeeper.server.quorum.EagerACLFilterTest" time="1.507"/>
  <testcase name="testNull[0]" classname="org.apache.zookeeper.server.quorum.EagerACLFilterTest" time="1.679"/>
  <testcase name="testCreateOK[1]" classname="org.apache.zookeeper.server.quorum.EagerACLFilterTest" time="1.863"/>
  <testcase name="testCreate2Fail[1]" classname="org.apache.zookeeper.server.quorum.EagerACLFilterTest" time="1.418"/>
  <testcase name="testSetDataFail[1]" classname="org.apache.zookeeper.server.quorum.EagerACLFilterTest" time="1.026"/>
  <testcase name="testSetACLFail[1]" classname="org.apache.zookeeper.server.quorum.EagerACLFilterTest" time="1.121"/>
  <testcase name="testCreateFail[1]" classname="org.apache.zookeeper.server.quorum.EagerACLFilterTest" time="1.307"/>
  <testcase name="testSetDataOK[1]" classname="org.apache.zookeeper.server.quorum.EagerACLFilterTest" time="1.498"/>
  <testcase name="testDeleteFail[1]" classname="org.apache.zookeeper.server.quorum.EagerACLFilterTest" time="1.12"/>
  <testcase name="testBadACL[1]" classname="org.apache.zookeeper.server.quorum.EagerACLFilterTest" time="1.415"/>
  <testcase name="testCreate2OK[1]" classname="org.apache.zookeeper.server.quorum.EagerACLFilterTest" time="1.982"/>
  <testcase name="testDeleteOK[1]" classname="org.apache.zookeeper.server.quorum.EagerACLFilterTest" time="1.523"/>
  <testcase name="testSetACLOK[1]" classname="org.apache.zookeeper.server.quorum.EagerACLFilterTest" time="2.092"/>
  <testcase name="testNull[1]" classname="org.apache.zookeeper.server.quorum.EagerACLFilterTest" time="1.154"/>
  <testcase name="testCreateOK[2]" classname="org.apache.zookeeper.server.quorum.EagerACLFilterTest" time="1.185"/>
  <testcase name="testCreate2Fail[2]" classname="org.apache.zookeeper.server.quorum.EagerACLFilterTest" time="1.45"/>
  <testcase name="testSetDataFail[2]" classname="org.apache.zookeeper.server.quorum.EagerACLFilterTest" time="1.524"/>
  <testcase name="testSetACLFail[2]" classname="org.apache.zookeeper.server.quorum.EagerACLFilterTest" time="1.579"/>
  <testcase name="testCreateFail[2]" classname="org.apache.zookeeper.server.quorum.EagerACLFilterTest" time="1.272"/>
  <testcase name="testSetDataOK[2]" classname="org.apache.zookeeper.server.quorum.EagerACLFilterTest" time="1.221"/>
  <testcase name="testDeleteFail[2]" classname="org.apache.zookeeper.server.quorum.EagerACLFilterTest" time="1.116"/>
  <testcase name="testBadACL[2]" classname="org.apache.zookeeper.server.quorum.EagerACLFilterTest" time="1.277"/>
  <testcase name="testCreate2OK[2]" classname="org.apache.zookeeper.server.quorum.EagerACLFilterTest" time="1.263"/>
  <testcase name="testDeleteOK[2]" classname="org.apache.zookeeper.server.quorum.EagerACLFilterTest" time="2.403"/>
  <testcase name="testSetACLOK[2]" classname="org.apache.zookeeper.server.quorum.EagerACLFilterTest" time="2.18"/>
  <testcase name="testNull[2]" classname="org.apache.zookeeper.server.quorum.EagerACLFilterTest" time="1.412"/>
  <testcase name="testCreateOK[3]" classname="org.apache.zookeeper.server.quorum.EagerACLFilterTest" time="1.367"/>
  <testcase name="testCreate2Fail[3]" classname="org.apache.zookeeper.server.quorum.EagerACLFilterTest" time="1.395"/>
  <testcase name="testSetDataFail[3]" classname="org.apache.zookeeper.server.quorum.EagerACLFilterTest" time="1.332"/>
  <testcase name="testSetACLFail[3]" classname="org.apache.zookeeper.server.quorum.EagerACLFilterTest" time="1.324"/>
  <testcase name="testCreateFail[3]" classname="org.apache.zookeeper.server.quorum.EagerACLFilterTest" time="1.368"/>
  <testcase name="testSetDataOK[3]" classname="org.apache.zookeeper.server.quorum.EagerACLFilterTest" time="1.261"/>
  <testcase name="testDeleteFail[3]" classname="org.apache.zookeeper.server.quorum.EagerACLFilterTest" time="1.161"/>
  <testcase name="testBadACL[3]" classname="org.apache.zookeeper.server.quorum.EagerACLFilterTest" time="1.04"/>
  <testcase name="testCreate2OK[3]" classname="org.apache.zookeeper.server.quorum.EagerACLFilterTest" time="1.367"/>
  <testcase name="testDeleteOK[3]" classname="org.apache.zookeeper.server.quorum.EagerACLFilterTest" time="2.228"/>
  <testcase name="testSetACLOK[3]" classname="org.apache.zookeeper.server.quorum.EagerACLFilterTest" time="1.915"/>
  <testcase name="testNull[3]" classname="org.apache.zookeeper.server.quorum.EagerACLFilterTest" time="1.64"/>
  <testcase name="testCreateOK[4]" classname="org.apache.zookeeper.server.quorum.EagerACLFilterTest" time="3.309"/>
  <testcase name="testCreate2Fail[4]" classname="org.apache.zookeeper.server.quorum.EagerACLFilterTest" time="3.223"/>
  <testcase name="testSetDataFail[4]" classname="org.apache.zookeeper.server.quorum.EagerACLFilterTest" time="3.987"/>
  <testcase name="testSetACLFail[4]" classname="org.apache.zookeeper.server.quorum.EagerACLFilterTest" time="3.85"/>
  <testcase name="testCreateFail[4]" classname="org.apache.zookeeper.server.quorum.EagerACLFilterTest" time="3.632"/>
  <testcase name="testSetDataOK[4]" classname="org.apache.zookeeper.server.quorum.EagerACLFilterTest" time="3.479"/>
  <testcase name="testDeleteFail[4]" classname="org.apache.zookeeper.server.quorum.EagerACLFilterTest" time="1.913"/>
  <testcase name="testBadACL[4]" classname="org.apache.zookeeper.server.quorum.EagerACLFilterTest" time="1.68"/>
  <testcase name="testCreate2OK[4]" classname="org.apache.zookeeper.server.quorum.EagerACLFilterTest" time="2.707"/>
  <testcase name="testDeleteOK[4]" classname="org.apache.zookeeper.server.quorum.EagerACLFilterTest" time="1.549"/>
  <testcase name="testSetACLOK[4]" classname="org.apache.zookeeper.server.quorum.EagerACLFilterTest" time="1.618"/>
  <testcase name="testNull[4]" classname="org.apache.zookeeper.server.quorum.EagerACLFilterTest" time="1.772"/>
  <testcase name="testCreateOK[5]" classname="org.apache.zookeeper.server.quorum.EagerACLFilterTest" time="1.565"/>
  <testcase name="testCreate2Fail[5]" classname="org.apache.zookeeper.server.quorum.EagerACLFilterTest" time="1.732"/>
  <testcase name="testSetDataFail[5]" classname="org.apache.zookeeper.server.quorum.EagerACLFilterTest" time="1.481"/>
  <testcase name="testSetACLFail[5]" classname="org.apache.zookeeper.server.quorum.EagerACLFilterTest" time="1.196"/>
  <testcase name="testCreateFail[5]" classname="org.apache.zookeeper.server.quorum.EagerACLFilterTest" time="2.842"/>
  <testcase name="testSetDataOK[5]" classname="org.apache.zookeeper.server.quorum.EagerACLFilterTest" time="3.152"/>
  <testcase name="testDeleteFail[5]" classname="org.apache.zookeeper.server.quorum.EagerACLFilterTest" time="1.399"/>
  <testcase name="testBadACL[5]" classname="org.apache.zookeeper.server.quorum.EagerACLFilterTest" time="1.31"/>
  <testcase name="testCreate2OK[5]" classname="org.apache.zookeeper.server.quorum.EagerACLFilterTest" time="1.888"/>
  <testcase name="testDeleteOK[5]" classname="org.apache.zookeeper.server.quorum.EagerACLFilterTest" time="1.739"/>
  <testcase name="testSetACLOK[5]" classname="org.apache.zookeeper.server.quorum.EagerACLFilterTest" time="2.002"/>
  <testcase name="testNull[5]" classname="org.apache.zookeeper.server.quorum.EagerACLFilterTest" time="1.637"/>
</testsuite>