<?xml version="1.0" encoding="UTF-8"?>
<testsuite xmlns:xsi="http://www.w3.org/2001/XMLSchema-instance" xsi:noNamespaceSchemaLocation="https://maven.apache.org/surefire/maven-surefire-plugin/xsd/surefire-test-report.xsd" name="org.apache.zookeeper.common.X509UtilTest" time="31.508" tests="352" errors="0" skipped="0" failures="0">
  <properties>
[...]
</properties>
  <testcase name="testLoadPEMTrustStoreNullPassword[0]" classname="org.apache.zookeeper.common.X509UtilTest" time="0.568"/>
  <testcase name="testCreateSSLContextWithoutKeyStorePassword[0]" classname="org.apache.zookeeper.common.X509UtilTest" time="0.003"/>
  <testcase name="testLoadPKCS12TrustStore[0]" classname="org.apache.zookeeper.common.X509UtilTest" time="0.173"/>
  <testcase name="testLoadPKCS12TrustStoreWithWrongPassword[0]" classname="org.apache.zookeeper.common.X509UtilTest" time="0.036"/>
  <testcase name="testClientRenegotiationFails[0]" classname="org.apache.zookeeper.common.X509UtilTest" time="0.557"/>
  <testcase name="testCRLEnabled[0]" classname="org.apache.zookeeper.common.X509UtilTest" time="0.134"/>
  <testcase name="testCreateSSLContextWithoutKeyStoreLocation[0]" classname="org.apache.zookeeper.common.X509UtilTest" time="0.064"/>
  <testcase name="testLoadPKCS12KeyStore[0]" classname="org.apache.zookeeper.common.X509UtilTest" time="0.19"/>
  <testcase name="testLoadJKSTrustStoreWithWrongPassword[0]" classname="org.apache.zookeeper.common.X509UtilTest" time="0.036"/>
  <testcase name="testLoadPKCS12TrustStoreAutodetectStoreFileType[0]" classname="org.apache.zookeeper.common.X509UtilTest" time="0.069"/>
  <testcase name="testCreateSSLServerSocketWithPort[0]" classname="org.apache.zookeeper.common.X509UtilTest" time="0.129"/>
  <testcase name="testCreateSSLContextWithCustomCipherSuites[0]" classname="org.apache.zookeeper.common.X509UtilTest" time="0.133"/>
  <testcase name="testCRLDisabled[0]" classname="org.apache.zookeeper.common.X509UtilTest" time="0.134"/>
  <testcase name="testCreateSSLContext_invalidCustomSSLContextClass[0]" classname="org.apache.zookeeper.common.X509UtilTest" time="0.001"/>
  <testcase name="testCreateSSLContextWithoutCustomProtocol[0]" classname="org.apache.zookeeper.common.X509UtilTest" time="0.138"/>
  <testcase name="testOCSPEnabled[0]" classname="org.apache.zookeeper.common.X509UtilTest" time="0.122"/>
  <testcase name="testGetDefaultCipherSuitesJava8[0]" classname="org.apache.zookeeper.common.X509UtilTest" time="0.001"/>
  <testcase name="testGetDefaultCipherSuitesJava9[0]" classname="org.apache.zookeeper.common.X509UtilTest" time="0"/>
  <testcase name="testLoadJKSKeyStoreNullPassword[0]" classname="org.apache.zookeeper.common.X509UtilTest" time="0.059"/>
  <testcase name="testLoadJKSKeyStoreAutodetectStoreFileType[0]" classname="org.apache.zookeeper.common.X509UtilTest" time="0.063"/>
  <testcase name="testCreateSSLContext_validCustomSSLContextClass[0]" classname="org.apache.zookeeper.common.X509UtilTest" time="0.009"/>
  <testcase name="testLoadPEMTrustStoreAutodetectStoreFileType[0]" classname="org.apache.zookeeper.common.X509UtilTest" time="0.008"/>
  <testcase name="testLoadJKSKeyStore[0]" classname="org.apache.zookeeper.common.X509UtilTest" time="0.064"/>
  <testcase name="testLoadJKSTrustStoreNullPassword[0]" classname="org.apache.zookeeper.common.X509UtilTest" time="0.06"/>
  <testcase name="testLoadJKSTrustStoreAutodetectStoreFileType[0]" classname="org.apache.zookeeper.common.X509UtilTest" time="0.063"/>
  <testcase name="testCreateSSLContextWithCustomProtocol[0]" classname="org.apache.zookeeper.common.X509UtilTest" time="0.118"/>
  <testcase name="testLoadJKSKeyStoreWithWrongPassword[0]" classname="org.apache.zookeeper.common.X509UtilTest" time="0.032"/>
  <testcase name="testLoadPKCS12TrustStoreNullPassword[0]" classname="org.apache.zookeeper.common.X509UtilTest" time="0.06"/>
  <testcase name="testGetDefaultCipherSuitesUnknownVersion[0]" classname="org.apache.zookeeper.common.X509UtilTest" time="0"/>
  <testcase name="testGetSslHandshakeDetectionTimeoutMillisProperty[0]" classname="org.apache.zookeeper.common.X509UtilTest" time="0.474"/>
  <testcase name="testLoadPKCS12KeyStoreAutodetectStoreFileType[0]" classname="org.apache.zookeeper.common.X509UtilTest" time="0.061"/>
  <testcase name="testCreateSSLSocket[0]" classname="org.apache.zookeeper.common.X509UtilTest" time="0.125"/>
  <testcase name="testLoadPEMTrustStore[0]" classname="org.apache.zookeeper.common.X509UtilTest" time="0.008"/>
  <testcase name="testGetDefaultCipherSuitesJava10[0]" classname="org.apache.zookeeper.common.X509UtilTest" time="0"/>
  <testcase name="testGetDefaultCipherSuitesJava11[0]" classname="org.apache.zookeeper.common.X509UtilTest" time="0.001"/>
  <testcase name="testLoadPEMKeyStoreNullPassword[0]" classname="org.apache.zookeeper.common.X509UtilTest" time="0.004"/>
  <testcase name="testLoadPEMKeyStoreAutodetectStoreFileType[0]" classname="org.apache.zookeeper.common.X509UtilTest" time="0.001"/>
  <testcase name="testLoadJKSTrustStore[0]" classname="org.apache.zookeeper.common.X509UtilTest" time="0.057"/>
  <testcase name="testLoadPEMKeyStore[0]" classname="org.apache.zookeeper.common.X509UtilTest" time="0.001"/>
  <testcase name="testLoadPKCS12KeyStoreWithWrongPassword[0]" classname="org.apache.zookeeper.common.X509UtilTest" time="0.03"/>
  <testcase name="testLoadPEMKeyStoreWithWrongPassword[0]" classname="org.apache.zookeeper.common.X509UtilTest" time="0.001"/>
  <testcase name="testCreateSSLServerSocketWithoutPort[0]" classname="org.apache.zookeeper.common.X509UtilTest" time="0.114"/>
  <testcase name="testGetDefaultCipherSuitesNullVersion[0]" classname="org.apache.zookeeper.common.X509UtilTest" time="0.001"/>
  <testcase name="testLoadPKCS12KeyStoreNullPassword[0]" classname="org.apache.zookeeper.common.X509UtilTest" time="0.057"/>
  <testcase name="testLoadPEMTrustStoreNullPassword[1]" classname="org.apache.zookeeper.common.X509UtilTest" time="0.159"/>
  <testcase name="testCreateSSLContextWithoutKeyStorePassword[1]" classname="org.apache.zookeeper.common.X509UtilTest" time="0.06"/>
  <testcase name="testLoadPKCS12TrustStore[1]" classname="org.apache.zookeeper.common.X509UtilTest" time="0.115"/>
  <testcase name="testLoadPKCS12TrustStoreWithWrongPassword[1]" classname="org.apache.zookeeper.common.X509UtilTest" time="0.031"/>
  <testcase name="testClientRenegotiationFails[1]" classname="org.apache.zookeeper.common.X509UtilTest" time="0.236"/>
  <testcase name="testCRLEnabled[1]" classname="org.apache.zookeeper.common.X509UtilTest" time="0.134"/>
  <testcase name="testCreateSSLContextWithoutKeyStoreLocation[1]" classname="org.apache.zookeeper.common.X509UtilTest" time="0.067"/>
  <testcase name="testLoadPKCS12KeyStore[1]" classname="org.apache.zookeeper.common.X509UtilTest" time="0.178"/>
  <testcase name="testLoadJKSTrustStoreWithWrongPassword[1]" classname="org.apache.zookeeper.common.X509UtilTest" time="0.031"/>
  <testcase name="testLoadPKCS12TrustStoreAutodetectStoreFileType[1]" classname="org.apache.zookeeper.common.X509UtilTest" time="0.06"/>
  <testcase name="testCreateSSLServerSocketWithPort[1]" classname="org.apache.zookeeper.common.X509UtilTest" time="0.12"/>
  <testcase name="testCreateSSLContextWithCustomCipherSuites[1]" classname="org.apache.zookeeper.common.X509UtilTest" time="0.123"/>
  <testcase name="testCRLDisabled[1]" classname="org.apache.zookeeper.common.X509UtilTest" time="0.141"/>
  <testcase name="testCreateSSLContext_invalidCustomSSLContextClass[1]" classname="org.apache.zookeeper.common.X509UtilTest" time="0.001"/>
  <testcase name="testCreateSSLContextWithoutCustomProtocol[1]" classname="org.apache.zookeeper.common.X509UtilTest" time="0.126"/>
  <testcase name="testOCSPEnabled[1]" classname="org.apache.zookeeper.common.X509UtilTest" time="0.118"/>
  <testcase name="testGetDefaultCipherSuitesJava8[1]" classname="org.apache.zookeeper.common.X509UtilTest" time="0.001"/>
  <testcase name="testGetDefaultCipherSuitesJava9[1]" classname="org.apache.zookeeper.common.X509UtilTest" time="0"/>
  <testcase name="testLoadJKSKeyStoreNullPassword[1]" classname="org.apache.zookeeper.common.X509UtilTest" time="0"/>
  <testcase name="testLoadJKSKeyStoreAutodetectStoreFileType[1]" classname="org.apache.zookeeper.common.X509UtilTest" time="0.064"/>
  <testcase name="testCreateSSLContext_validCustomSSLContextClass[1]" classname="org.apache.zookeeper.common.X509UtilTest" time="0.001"/>
  <testcase name="testLoadPEMTrustStoreAutodetectStoreFileType[1]" classname="org.apache.zookeeper.common.X509UtilTest" time="0.002"/>
  <testcase name="testLoadJKSKeyStore[1]" classname="org.apache.zookeeper.common.X509UtilTest" time="0.067"/>
  <testcase name="testLoadJKSTrustStoreNullPassword[1]" classname="org.apache.zookeeper.common.X509UtilTest" time="0"/>
  <testcase name="testLoadJKSTrustStoreAutodetectStoreFileType[1]" classname="org.apache.zookeeper.common.X509UtilTest" time="0.065"/>
  <testcase name="testCreateSSLContextWithCustomProtocol[1]" classname="org.apache.zookeeper.common.X509UtilTest" time="0.125"/>
  <testcase name="testLoadJKSKeyStoreWithWrongPassword[1]" classname="org.apache.zookeeper.common.X509UtilTest" time="0.031"/>
  <testcase name="testLoadPKCS12TrustStoreNullPassword[1]" classname="org.apache.zookeeper.common.X509UtilTest" time="0.001"/>
  <testcase name="testGetDefaultCipherSuitesUnknownVersion[1]" classname="org.apache.zookeeper.common.X509UtilTest" time="0"/>
  <testcase name="testGetSslHandshakeDetectionTimeoutMillisProperty[1]" classname="org.apache.zookeeper.common.X509UtilTest" time="0.494"/>
  <testcase name="testLoadPKCS12KeyStoreAutodetectStoreFileType[1]" classname="org.apache.zookeeper.common.X509UtilTest" time="0.06"/>
  <testcase name="testCreateSSLSocket[1]" classname="org.apache.zookeeper.common.X509UtilTest" time="0.133"/>
  <testcase name="testLoadPEMTrustStore[1]" classname="org.apache.zookeeper.common.X509UtilTest" time="0.001"/>
  <testcase name="testGetDefaultCipherSuitesJava10[1]" classname="org.apache.zookeeper.common.X509UtilTest" time="0"/>
  <testcase name="testGetDefaultCipherSuitesJava11[1]" classname="org.apache.zookeeper.common.X509UtilTest" time="0"/>
  <testcase name="testLoadPEMKeyStoreNullPassword[1]" classname="org.apache.zookeeper.common.X509UtilTest" time="0.001"/>
  <testcase name="testLoadPEMKeyStoreAutodetectStoreFileType[1]" classname="org.apache.zookeeper.common.X509UtilTest" time="0.039"/>
  <testcase name="testLoadJKSTrustStore[1]" classname="org.apache.zookeeper.common.X509UtilTest" time="0.077"/>
  <testcase name="testLoadPEMKeyStore[1]" classname="org.apache.zookeeper.common.X509UtilTest" time="0.004"/>
  <testcase name="testLoadPKCS12KeyStoreWithWrongPassword[1]" classname="org.apache.zookeeper.common.X509UtilTest" time="0.054"/>
  <testcase name="testLoadPEMKeyStoreWithWrongPassword[1]" classname="org.apache.zookeeper.common.X509UtilTest" time="0.004"/>
  <testcase name="testCreateSSLServerSocketWithoutPort[1]" classname="org.apache.zookeeper.common.X509UtilTest" time="0.118"/>
  <testcase name="testGetDefaultCipherSuitesNullVersion[1]" classname="org.apache.zookeeper.common.X509UtilTest" time="0"/>
  <testcase name="testLoadPKCS12KeyStoreNullPassword[1]" classname="org.apache.zookeeper.common.X509UtilTest" time="0.001"/>
  <testcase name="testLoadPEMTrustStoreNullPassword[2]" classname="org.apache.zookeeper.common.X509UtilTest" time="0.167"/>
  <testcase name="testCreateSSLContextWithoutKeyStorePassword[2]" classname="org.apache.zookeeper.common.X509UtilTest" time="0"/>
  <testcase name="testLoadPKCS12TrustStore[2]" classname="org.apache.zookeeper.common.X509UtilTest" time="0.137"/>
  <testcase name="testLoadPKCS12TrustStoreWithWrongPassword[2]" classname="org.apache.zookeeper.common.X509UtilTest" time="0.032"/>
  <testcase name="testClientRenegotiationFails[2]" classname="org.apache.zookeeper.common.X509UtilTest" time="0.257"/>
  <testcase name="testCRLEnabled[2]" classname="org.apache.zookeeper.common.X509UtilTest" time="0.127"/>
  <testcase name="testCreateSSLContextWithoutKeyStoreLocation[2]" classname="org.apache.zookeeper.common.X509UtilTest" time="0.083"/>
  <testcase name="testLoadPKCS12KeyStore[2]" classname="org.apache.zookeeper.common.X509UtilTest" time="0.163"/>
  <testcase name="testLoadJKSTrustStoreWithWrongPassword[2]" classname="org.apache.zookeeper.common.X509UtilTest" time="0.029"/>
  <testcase name="testLoadPKCS12TrustStoreAutodetectStoreFileType[2]" classname="org.apache.zookeeper.common.X509UtilTest" time="0.058"/>
  <testcase name="testCreateSSLServerSocketWithPort[2]" classname="org.apache.zookeeper.common.X509UtilTest" time="0.118"/>
  <testcase name="testCreateSSLContextWithCustomCipherSuites[2]" classname="org.apache.zookeeper.common.X509UtilTest" time="0.115"/>
  <testcase name="testCRLDisabled[2]" classname="org.apache.zookeeper.common.X509UtilTest" time="0.118"/>
  <testcase name="testCreateSSLContext_invalidCustomSSLContextClass[2]" classname="org.apache.zookeeper.common.X509UtilTest" time="0.001"/>
  <testcase name="testCreateSSLContextWithoutCustomProtocol[2]" classname="org.apache.zookeeper.common.X509UtilTest" time="0.117"/>
  <testcase name="testOCSPEnabled[2]" classname="org.apache.zookeeper.common.X509UtilTest" time="0.123"/>
  <testcase name="testGetDefaultCipherSuitesJava8[2]" classname="org.apache.zookeeper.common.X509UtilTest" time="0"/>
  <testcase name="testGetDefaultCipherSuitesJava9[2]" classname="org.apache.zookeeper.common.X509UtilTest" time="0.001"/>
  <testcase name="testLoadJKSKeyStoreNullPassword[2]" classname="org.apache.zookeeper.common.X509UtilTest" time="0.061"/>
  <testcase name="testLoadJKSKeyStoreAutodetectStoreFileType[2]" classname="org.apache.zookeeper.common.X509UtilTest" time="0.062"/>
  <testcase name="testCreateSSLContext_validCustomSSLContextClass[2]" classname="org.apache.zookeeper.common.X509UtilTest" time="0"/>
  <testcase name="testLoadPEMTrustStoreAutodetectStoreFileType[2]" classname="org.apache.zookeeper.common.X509UtilTest" time="0.001"/>
  <testcase name="testLoadJKSKeyStore[2]" classname="org.apache.zookeeper.common.X509UtilTest" time="0.06"/>
  <testcase name="testLoadJKSTrustStoreNullPassword[2]" classname="org.apache.zookeeper.common.X509UtilTest" time="0.072"/>
  <testcase name="testLoadJKSTrustStoreAutodetectStoreFileType[2]" classname="org.apache.zookeeper.common.X509UtilTest" time="0.068"/>
  <testcase name="testCreateSSLContextWithCustomProtocol[2]" classname="org.apache.zookeeper.common.X509UtilTest" time="0.136"/>
  <testcase name="testLoadJKSKeyStoreWithWrongPassword[2]" classname="org.apache.zookeeper.common.X509UtilTest" time="0.038"/>
  <testcase name="testLoadPKCS12TrustStoreNullPassword[2]" classname="org.apache.zookeeper.common.X509UtilTest" time="0.072"/>
  <testcase name="testGetDefaultCipherSuitesUnknownVersion[2]" classname="org.apache.zookeeper.common.X509UtilTest" time="0"/>
  <testcase name="testGetSslHandshakeDetectionTimeoutMillisProperty[2]" classname="org.apache.zookeeper.common.X509UtilTest" time="0.481"/>
  <testcase name="testLoadPKCS12KeyStoreAutodetectStoreFileType[2]" classname="org.apache.zookeeper.common.X509UtilTest" time="0.067"/>
  <testcase name="testCreateSSLSocket[2]" classname="org.apache.zookeeper.common.X509UtilTest" time="0.122"/>
  <testcase name="testLoadPEMTrustStore[2]" classname="org.apache.zookeeper.common.X509UtilTest" time="0.001"/>
  <testcase name="testGetDefaultCipherSuitesJava10[2]" classname="org.apache.zookeeper.common.X509UtilTest" time="0"/>
  <testcase name="testGetDefaultCipherSuitesJava11[2]" classname="org.apache.zookeeper.common.X509UtilTest" time="0.001"/>
  <testcase name="testLoadPEMKeyStoreNullPassword[2]" classname="org.apache.zookeeper.common.X509UtilTest" time="0.004"/>
  <testcase name="testLoadPEMKeyStoreAutodetectStoreFileType[2]" classname="org.apache.zookeeper.common.X509UtilTest" time="0.001"/>
  <testcase name="testLoadJKSTrustStore[2]" classname="org.apache.zookeeper.common.X509UtilTest" time="0.09"/>
  <testcase name="testLoadPEMKeyStore[2]" classname="org.apache.zookeeper.common.X509UtilTest" time="0.075"/>
  <testcase name="testLoadPKCS12KeyStoreWithWrongPassword[2]" classname="org.apache.zookeeper.common.X509UtilTest" time="0.051"/>
  <testcase name="testLoadPEMKeyStoreWithWrongPassword[2]" classname="org.apache.zookeeper.common.X509UtilTest" time="0.038"/>
  <testcase name="testCreateSSLServerSocketWithoutPort[2]" classname="org.apache.zookeeper.common.X509UtilTest" time="0.191"/>
  <testcase name="testGetDefaultCipherSuitesNullVersion[2]" classname="org.apache.zookeeper.common.X509UtilTest" time="0"/>
  <testcase name="testLoadPKCS12KeyStoreNullPassword[2]" classname="org.apache.zookeeper.common.X509UtilTest" time="0.083"/>
  <testcase name="testLoadPEMTrustStoreNullPassword[3]" classname="org.apache.zookeeper.common.X509UtilTest" time="0.22"/>
  <testcase name="testCreateSSLContextWithoutKeyStorePassword[3]" classname="org.apache.zookeeper.common.X509UtilTest" time="0.084"/>
  <testcase name="testLoadPKCS12TrustStore[3]" classname="org.apache.zookeeper.common.X509UtilTest" time="0.148"/>
  <testcase name="testLoadPKCS12TrustStoreWithWrongPassword[3]" classname="org.apache.zookeeper.common.X509UtilTest" time="0.029"/>
  <testcase name="testClientRenegotiationFails[3]" classname="org.apache.zookeeper.common.X509UtilTest" time="0.249"/>
  <testcase name="testCRLEnabled[3]" classname="org.apache.zookeeper.common.X509UtilTest" time="0.129"/>
  <testcase name="testCreateSSLContextWithoutKeyStoreLocation[3]" classname="org.apache.zookeeper.common.X509UtilTest" time="0.066"/>
  <testcase name="testLoadPKCS12KeyStore[3]" classname="org.apache.zookeeper.common.X509UtilTest" time="0.207"/>
  <testcase name="testLoadJKSTrustStoreWithWrongPassword[3]" classname="org.apache.zookeeper.common.X509UtilTest" time="0.032"/>
  <testcase name="testLoadPKCS12TrustStoreAutodetectStoreFileType[3]" classname="org.apache.zookeeper.common.X509UtilTest" time="0.062"/>
  <testcase name="testCreateSSLServerSocketWithPort[3]" classname="org.apache.zookeeper.common.X509UtilTest" time="0.128"/>
  <testcase name="testCreateSSLContextWithCustomCipherSuites[3]" classname="org.apache.zookeeper.common.X509UtilTest" time="0.122"/>
  <testcase name="testCRLDisabled[3]" classname="org.apache.zookeeper.common.X509UtilTest" time="0.121"/>
  <testcase name="testCreateSSLContext_invalidCustomSSLContextClass[3]" classname="org.apache.zookeeper.common.X509UtilTest" time="0"/>
  <testcase name="testCreateSSLContextWithoutCustomProtocol[3]" classname="org.apache.zookeeper.common.X509UtilTest" time="0.128"/>
  <testcase name="testOCSPEnabled[3]" classname="org.apache.zookeeper.common.X509UtilTest" time="0.14"/>
  <testcase name="testGetDefaultCipherSuitesJava8[3]" classname="org.apache.zookeeper.common.X509UtilTest" time="0"/>
  <testcase name="testGetDefaultCipherSuitesJava9[3]" classname="org.apache.zookeeper.common.X509UtilTest" time="0"/>
  <testcase name="testLoadJKSKeyStoreNullPassword[3]" classname="org.apache.zookeeper.common.X509UtilTest" time="0.001"/>
  <testcase name="testLoadJKSKeyStoreAutodetectStoreFileType[3]" classname="org.apache.zookeeper.common.X509UtilTest" time="0.064"/>
  <testcase name="testCreateSSLContext_validCustomSSLContextClass[3]" classname="org.apache.zookeeper.common.X509UtilTest" time="0"/>
  <testcase name="testLoadPEMTrustStoreAutodetectStoreFileType[3]" classname="org.apache.zookeeper.common.X509UtilTest" time="0.002"/>
  <testcase name="testLoadJKSKeyStore[3]" classname="org.apache.zookeeper.common.X509UtilTest" time="0.061"/>
  <testcase name="testLoadJKSTrustStoreNullPassword[3]" classname="org.apache.zookeeper.common.X509UtilTest" time="0"/>
  <testcase name="testLoadJKSTrustStoreAutodetectStoreFileType[3]" classname="org.apache.zookeeper.common.X509UtilTest" time="0.063"/>
  <testcase name="testCreateSSLContextWithCustomProtocol[3]" classname="org.apache.zookeeper.common.X509UtilTest" time="0.122"/>
  <testcase name="testLoadJKSKeyStoreWithWrongPassword[3]" classname="org.apache.zookeeper.common.X509UtilTest" time="0.033"/>
  <testcase name="testLoadPKCS12TrustStoreNullPassword[3]" classname="org.apache.zookeeper.common.X509UtilTest" time="0.001"/>
  <testcase name="testGetDefaultCipherSuitesUnknownVersion[3]" classname="org.apache.zookeeper.common.X509UtilTest" time="0"/>
  <testcase name="testGetSslHandshakeDetectionTimeoutMillisProperty[3]" classname="org.apache.zookeeper.common.X509UtilTest" time="0.525"/>
  <testcase name="testLoadPKCS12KeyStoreAutodetectStoreFileType[3]" classname="org.apache.zookeeper.common.X509UtilTest" time="0.072"/>
  <testcase name="testCreateSSLSocket[3]" classname="org.apache.zookeeper.common.X509UtilTest" time="0.164"/>
  <testcase name="testLoadPEMTrustStore[3]" classname="org.apache.zookeeper.common.X509UtilTest" time="0.001"/>
  <testcase name="testGetDefaultCipherSuitesJava10[3]" classname="org.apache.zookeeper.common.X509UtilTest" time="0.001"/>
  <testcase name="testGetDefaultCipherSuitesJava11[3]" classname="org.apache.zookeeper.common.X509UtilTest" time="0"/>
  <testcase name="testLoadPEMKeyStoreNullPassword[3]" classname="org.apache.zookeeper.common.X509UtilTest" time="0.001"/>
  <testcase name="testLoadPEMKeyStoreAutodetectStoreFileType[3]" classname="org.apache.zookeeper.common.X509UtilTest" time="0.021"/>
  <testcase name="testLoadJKSTrustStore[3]" classname="org.apache.zookeeper.common.X509UtilTest" time="0.081"/>
  <testcase name="testLoadPEMKeyStore[3]" classname="org.apache.zookeeper.common.X509UtilTest" time="0.004"/>
  <testcase name="testLoadPKCS12KeyStoreWithWrongPassword[3]" classname="org.apache.zookeeper.common.X509UtilTest" time="0.039"/>
  <testcase name="testLoadPEMKeyStoreWithWrongPassword[3]" classname="org.apache.zookeeper.common.X509UtilTest" time="0.004"/>
  <testcase name="testCreateSSLServerSocketWithoutPort[3]" classname="org.apache.zookeeper.common.X509UtilTest" time="0.15"/>
  <testcase name="testGetDefaultCipherSuitesNullVersion[3]" classname="org.apache.zookeeper.common.X509UtilTest" time="0.001"/>
  <testcase name="testLoadPKCS12KeyStoreNullPassword[3]" classname="org.apache.zookeeper.common.X509UtilTest" time="0"/>
  <testcase name="testLoadPEMTrustStoreNullPassword[4]" classname="org.apache.zookeeper.common.X509UtilTest" time="0.213"/>
  <testcase name="testCreateSSLContextWithoutKeyStorePassword[4]" classname="org.apache.zookeeper.common.X509UtilTest" time="0.002"/>
  <testcase name="testLoadPKCS12TrustStore[4]" classname="org.apache.zookeeper.common.X509UtilTest" time="0.128"/>
  <testcase name="testLoadPKCS12TrustStoreWithWrongPassword[4]" classname="org.apache.zookeeper.common.X509UtilTest" time="0.051"/>
  <testcase name="testClientRenegotiationFails[4]" classname="org.apache.zookeeper.common.X509UtilTest" time="0.297"/>
  <testcase name="testCRLEnabled[4]" classname="org.apache.zookeeper.common.X509UtilTest" time="0.138"/>
  <testcase name="testCreateSSLContextWithoutKeyStoreLocation[4]" classname="org.apache.zookeeper.common.X509UtilTest" time="0.059"/>
  <testcase name="testLoadPKCS12KeyStore[4]" classname="org.apache.zookeeper.common.X509UtilTest" time="0.228"/>
  <testcase name="testLoadJKSTrustStoreWithWrongPassword[4]" classname="org.apache.zookeeper.common.X509UtilTest" time="0.073"/>
  <testcase name="testLoadPKCS12TrustStoreAutodetectStoreFileType[4]" classname="org.apache.zookeeper.common.X509UtilTest" time="0.073"/>
  <testcase name="testCreateSSLServerSocketWithPort[4]" classname="org.apache.zookeeper.common.X509UtilTest" time="0.15"/>
  <testcase name="testCreateSSLContextWithCustomCipherSuites[4]" classname="org.apache.zookeeper.common.X509UtilTest" time="0.138"/>
  <testcase name="testCRLDisabled[4]" classname="org.apache.zookeeper.common.X509UtilTest" time="0.117"/>
  <testcase name="testCreateSSLContext_invalidCustomSSLContextClass[4]" classname="org.apache.zookeeper.common.X509UtilTest" time="0.001"/>
  <testcase name="testCreateSSLContextWithoutCustomProtocol[4]" classname="org.apache.zookeeper.common.X509UtilTest" time="0.133"/>
  <testcase name="testOCSPEnabled[4]" classname="org.apache.zookeeper.common.X509UtilTest" time="0.184"/>
  <testcase name="testGetDefaultCipherSuitesJava8[4]" classname="org.apache.zookeeper.common.X509UtilTest" time="0.001"/>
  <testcase name="testGetDefaultCipherSuitesJava9[4]" classname="org.apache.zookeeper.common.X509UtilTest" time="0"/>
  <testcase name="testLoadJKSKeyStoreNullPassword[4]" classname="org.apache.zookeeper.common.X509UtilTest" time="0.071"/>
  <testcase name="testLoadJKSKeyStoreAutodetectStoreFileType[4]" classname="org.apache.zookeeper.common.X509UtilTest" time="0.069"/>
  <testcase name="testCreateSSLContext_validCustomSSLContextClass[4]" classname="org.apache.zookeeper.common.X509UtilTest" time="0"/>
  <testcase name="testLoadPEMTrustStoreAutodetectStoreFileType[4]" classname="org.apache.zookeeper.common.X509UtilTest" time="0.001"/>
  <testcase name="testLoadJKSKeyStore[4]" classname="org.apache.zookeeper.common.X509UtilTest" time="0.064"/>
  <testcase name="testLoadJKSTrustStoreNullPassword[4]" classname="org.apache.zookeeper.common.X509UtilTest" time="0.067"/>
  <testcase name="testLoadJKSTrustStoreAutodetectStoreFileType[4]" classname="org.apache.zookeeper.common.X509UtilTest" time="0.063"/>
  <testcase name="testCreateSSLContextWithCustomProtocol[4]" classname="org.apache.zookeeper.common.X509UtilTest" time="0.173"/>
  <testcase name="testLoadJKSKeyStoreWithWrongPassword[4]" classname="org.apache.zookeeper.common.X509UtilTest" time="0.045"/>
  <testcase name="testLoadPKCS12TrustStoreNullPassword[4]" classname="org.apache.zookeeper.common.X509UtilTest" time="0.089"/>
  <testcase name="testGetDefaultCipherSuitesUnknownVersion[4]" classname="org.apache.zookeeper.common.X509UtilTest" time="0"/>
  <testcase name="testGetSslHandshakeDetectionTimeoutMillisProperty[4]" classname="org.apache.zookeeper.common.X509UtilTest" time="0.622"/>
  <testcase name="testLoadPKCS12KeyStoreAutodetectStoreFileType[4]" classname="org.apache.zookeeper.common.X509UtilTest" time="0.073"/>
  <testcase name="testCreateSSLSocket[4]" classname="org.apache.zookeeper.common.X509UtilTest" time="0.171"/>
  <testcase name="testLoadPEMTrustStore[4]" classname="org.apache.zookeeper.common.X509UtilTest" time="0.002"/>
  <testcase name="testGetDefaultCipherSuitesJava10[4]" classname="org.apache.zookeeper.common.X509UtilTest" time="0"/>
  <testcase name="testGetDefaultCipherSuitesJava11[4]" classname="org.apache.zookeeper.common.X509UtilTest" time="0.001"/>
  <testcase name="testLoadPEMKeyStoreNullPassword[4]" classname="org.apache.zookeeper.common.X509UtilTest" time="0.002"/>
  <testcase name="testLoadPEMKeyStoreAutodetectStoreFileType[4]" classname="org.apache.zookeeper.common.X509UtilTest" time="0.001"/>
  <testcase name="testLoadJKSTrustStore[4]" classname="org.apache.zookeeper.common.X509UtilTest" time="0.098"/>
  <testcase name="testLoadPEMKeyStore[4]" classname="org.apache.zookeeper.common.X509UtilTest" time="0.002"/>
  <testcase name="testLoadPKCS12KeyStoreWithWrongPassword[4]" classname="org.apache.zookeeper.common.X509UtilTest" time="0.041"/>
  <testcase name="testLoadPEMKeyStoreWithWrongPassword[4]" classname="org.apache.zookeeper.common.X509UtilTest" time="0.03"/>
  <testcase name="testCreateSSLServerSocketWithoutPort[4]" classname="org.apache.zookeeper.common.X509UtilTest" time="0.153"/>
  <testcase name="testGetDefaultCipherSuitesNullVersion[4]" classname="org.apache.zookeeper.common.X509UtilTest" time="0"/>
  <testcase name="testLoadPKCS12KeyStoreNullPassword[4]" classname="org.apache.zookeeper.common.X509UtilTest" time="0.064"/>
  <testcase name="testLoadPEMTrustStoreNullPassword[5]" classname="org.apache.zookeeper.common.X509UtilTest" time="0.165"/>
  <testcase name="testCreateSSLContextWithoutKeyStorePassword[5]" classname="org.apache.zookeeper.common.X509UtilTest" time="0.08"/>
  <testcase name="testLoadPKCS12TrustStore[5]" classname="org.apache.zookeeper.common.X509UtilTest" time="0.124"/>
  <testcase name="testLoadPKCS12TrustStoreWithWrongPassword[5]" classname="org.apache.zookeeper.common.X509UtilTest" time="0.029"/>
  <testcase name="testClientRenegotiationFails[5]" classname="org.apache.zookeeper.common.X509UtilTest" time="0.253"/>
  <testcase name="testCRLEnabled[5]" classname="org.apache.zookeeper.common.X509UtilTest" time="0.137"/>
  <testcase name="testCreateSSLContextWithoutKeyStoreLocation[5]" classname="org.apache.zookeeper.common.X509UtilTest" time="0.087"/>
  <testcase name="testLoadPKCS12KeyStore[5]" classname="org.apache.zookeeper.common.X509UtilTest" time="0.211"/>
  <testcase name="testLoadJKSTrustStoreWithWrongPassword[5]" classname="org.apache.zookeeper.common.X509UtilTest" time="0.05"/>
  <testcase name="testLoadPKCS12TrustStoreAutodetectStoreFileType[5]" classname="org.apache.zookeeper.common.X509UtilTest" time="0.075"/>
  <testcase name="testCreateSSLServerSocketWithPort[5]" classname="org.apache.zookeeper.common.X509UtilTest" time="0.136"/>
  <testcase name="testCreateSSLContextWithCustomCipherSuites[5]" classname="org.apache.zookeeper.common.X509UtilTest" time="0.115"/>
  <testcase name="testCRLDisabled[5]" classname="org.apache.zookeeper.common.X509UtilTest" time="0.125"/>
  <testcase name="testCreateSSLContext_invalidCustomSSLContextClass[5]" classname="org.apache.zookeeper.common.X509UtilTest" time="0.001"/>
  <testcase name="testCreateSSLContextWithoutCustomProtocol[5]" classname="org.apache.zookeeper.common.X509UtilTest" time="0.15"/>
  <testcase name="testOCSPEnabled[5]" classname="org.apache.zookeeper.common.X509UtilTest" time="0.152"/>
  <testcase name="testGetDefaultCipherSuitesJava8[5]" classname="org.apache.zookeeper.common.X509UtilTest" time="0"/>
  <testcase name="testGetDefaultCipherSuitesJava9[5]" classname="org.apache.zookeeper.common.X509UtilTest" time="0.001"/>
  <testcase name="testLoadJKSKeyStoreNullPassword[5]" classname="org.apache.zookeeper.common.X509UtilTest" time="0"/>
  <testcase name="testLoadJKSKeyStoreAutodetectStoreFileType[5]" classname="org.apache.zookeeper.common.X509UtilTest" time="0.078"/>
  <testcase name="testCreateSSLContext_validCustomSSLContextClass[5]" classname="org.apache.zookeeper.common.X509UtilTest" time="0"/>
  <testcase name="testLoadPEMTrustStoreAutodetectStoreFileType[5]" classname="org.apache.zookeeper.common.X509UtilTest" time="0.001"/>
  <testcase name="testLoadJKSKeyStore[5]" classname="org.apache.zookeeper.common.X509UtilTest" time="0.091"/>
  <testcase name="testLoadJKSTrustStoreNullPassword[5]" classname="org.apache.zookeeper.common.X509UtilTest" time="0"/>
  <testcase name="testLoadJKSTrustStoreAutodetectStoreFileType[5]" classname="org.apache.zookeeper.common.X509UtilTest" time="0.074"/>
  <testcase name="testCreateSSLContextWithCustomProtocol[5]" classname="org.apache.zookeeper.common.X509UtilTest" time="0.159"/>
  <testcase name="testLoadJKSKeyStoreWithWrongPassword[5]" classname="org.apache.zookeeper.common.X509UtilTest" time="0.056"/>
  <testcase name="testLoadPKCS12TrustStoreNullPassword[5]" classname="org.apache.zookeeper.common.X509UtilTest" time="0"/>
  <testcase name="testGetDefaultCipherSuitesUnknownVersion[5]" classname="org.apache.zookeeper.common.X509UtilTest" time="0"/>
  <testcase name="testGetSslHandshakeDetectionTimeoutMillisProperty[5]" classname="org.apache.zookeeper.common.X509UtilTest" time="0.661"/>
  <testcase name="testLoadPKCS12KeyStoreAutodetectStoreFileType[5]" classname="org.apache.zookeeper.common.X509UtilTest" time="0.074"/>
  <testcase name="testCreateSSLSocket[5]" classname="org.apache.zookeeper.common.X509UtilTest" time="0.147"/>
  <testcase name="testLoadPEMTrustStore[5]" classname="org.apache.zookeeper.common.X509UtilTest" time="0.032"/>
  <testcase name="testGetDefaultCipherSuitesJava10[5]" classname="org.apache.zookeeper.common.X509UtilTest" time="0"/>
  <testcase name="testGetDefaultCipherSuitesJava11[5]" classname="org.apache.zookeeper.common.X509UtilTest" time="0"/>
  <testcase name="testLoadPEMKeyStoreNullPassword[5]" classname="org.apache.zookeeper.common.X509UtilTest" time="0.001"/>
  <testcase name="testLoadPEMKeyStoreAutodetectStoreFileType[5]" classname="org.apache.zookeeper.common.X509UtilTest" time="0.099"/>
  <testcase name="testLoadJKSTrustStore[5]" classname="org.apache.zookeeper.common.X509UtilTest" time="0.069"/>
  <testcase name="testLoadPEMKeyStore[5]" classname="org.apache.zookeeper.common.X509UtilTest" time="0.022"/>
  <testcase name="testLoadPKCS12KeyStoreWithWrongPassword[5]" classname="org.apache.zookeeper.common.X509UtilTest" time="0.033"/>
  <testcase name="testLoadPEMKeyStoreWithWrongPassword[5]" classname="org.apache.zookeeper.common.X509UtilTest" time="0.003"/>
  <testcase name="testCreateSSLServerSocketWithoutPort[5]" classname="org.apache.zookeeper.common.X509UtilTest" time="0.162"/>
  <testcase name="testGetDefaultCipherSuitesNullVersion[5]" classname="org.apache.zookeeper.common.X509UtilTest" time="0"/>
  <testcase name="testLoadPKCS12KeyStoreNullPassword[5]" classname="org.apache.zookeeper.common.X509UtilTest" time="0"/>
  <testcase name="testLoadPEMTrustStoreNullPassword[6]" classname="org.apache.zookeeper.common.X509UtilTest" time="0.204"/>
  <testcase name="testCreateSSLContextWithoutKeyStorePassword[6]" classname="org.apache.zookeeper.common.X509UtilTest" time="0"/>
  <testcase name="testLoadPKCS12TrustStore[6]" classname="org.apache.zookeeper.common.X509UtilTest" time="0.186"/>
  <testcase name="testLoadPKCS12TrustStoreWithWrongPassword[6]" classname="org.apache.zookeeper.common.X509UtilTest" time="0.038"/>
  <testcase name="testClientRenegotiationFails[6]" classname="org.apache.zookeeper.common.X509UtilTest" time="0.259"/>
  <testcase name="testCRLEnabled[6]" classname="org.apache.zookeeper.common.X509UtilTest" time="0.153"/>
  <testcase name="testCreateSSLContextWithoutKeyStoreLocation[6]" classname="org.apache.zookeeper.common.X509UtilTest" time="0.059"/>
  <testcase name="testLoadPKCS12KeyStore[6]" classname="org.apache.zookeeper.common.X509UtilTest" time="0.186"/>
  <testcase name="testLoadJKSTrustStoreWithWrongPassword[6]" classname="org.apache.zookeeper.common.X509UtilTest" time="0.052"/>
  <testcase name="testLoadPKCS12TrustStoreAutodetectStoreFileType[6]" classname="org.apache.zookeeper.common.X509UtilTest" time="0.085"/>
  <testcase name="testCreateSSLServerSocketWithPort[6]" classname="org.apache.zookeeper.common.X509UtilTest" time="0.17"/>
  <testcase name="testCreateSSLContextWithCustomCipherSuites[6]" classname="org.apache.zookeeper.common.X509UtilTest" time="0.147"/>
  <testcase name="testCRLDisabled[6]" classname="org.apache.zookeeper.common.X509UtilTest" time="0.167"/>
  <testcase name="testCreateSSLContext_invalidCustomSSLContextClass[6]" classname="org.apache.zookeeper.common.X509UtilTest" time="0"/>
  <testcase name="testCreateSSLContextWithoutCustomProtocol[6]" classname="org.apache.zookeeper.common.X509UtilTest" time="0.138"/>
  <testcase name="testOCSPEnabled[6]" classname="org.apache.zookeeper.common.X509UtilTest" time="0.166"/>
  <testcase name="testGetDefaultCipherSuitesJava8[6]" classname="org.apache.zookeeper.common.X509UtilTest" time="0"/>
  <testcase name="testGetDefaultCipherSuitesJava9[6]" classname="org.apache.zookeeper.common.X509UtilTest" time="0"/>
  <testcase name="testLoadJKSKeyStoreNullPassword[6]" classname="org.apache.zookeeper.common.X509UtilTest" time="0.102"/>
  <testcase name="testLoadJKSKeyStoreAutodetectStoreFileType[6]" classname="org.apache.zookeeper.common.X509UtilTest" time="0.083"/>
  <testcase name="testCreateSSLContext_validCustomSSLContextClass[6]" classname="org.apache.zookeeper.common.X509UtilTest" time="0.001"/>
  <testcase name="testLoadPEMTrustStoreAutodetectStoreFileType[6]" classname="org.apache.zookeeper.common.X509UtilTest" time="0.001"/>
  <testcase name="testLoadJKSKeyStore[6]" classname="org.apache.zookeeper.common.X509UtilTest" time="0.083"/>
  <testcase name="testLoadJKSTrustStoreNullPassword[6]" classname="org.apache.zookeeper.common.X509UtilTest" time="0.098"/>
  <testcase name="testLoadJKSTrustStoreAutodetectStoreFileType[6]" classname="org.apache.zookeeper.common.X509UtilTest" time="0.103"/>
  <testcase name="testCreateSSLContextWithCustomProtocol[6]" classname="org.apache.zookeeper.common.X509UtilTest" time="0.169"/>
  <testcase name="testLoadJKSKeyStoreWithWrongPassword[6]" classname="org.apache.zookeeper.common.X509UtilTest" time="0.073"/>
  <testcase name="testLoadPKCS12TrustStoreNullPassword[6]" classname="org.apache.zookeeper.common.X509UtilTest" time="0.097"/>
  <testcase name="testGetDefaultCipherSuitesUnknownVersion[6]" classname="org.apache.zookeeper.common.X509UtilTest" time="0"/>
  <testcase name="testGetSslHandshakeDetectionTimeoutMillisProperty[6]" classname="org.apache.zookeeper.common.X509UtilTest" time="0.645"/>
  <testcase name="testLoadPKCS12KeyStoreAutodetectStoreFileType[6]" classname="org.apache.zookeeper.common.X509UtilTest" time="0.083"/>
  <testcase name="testCreateSSLSocket[6]" classname="org.apache.zookeeper.common.X509UtilTest" time="0.167"/>
  <testcase name="testLoadPEMTrustStore[6]" classname="org.apache.zookeeper.common.X509UtilTest" time="0.038"/>
  <testcase name="testGetDefaultCipherSuitesJava10[6]" classname="org.apache.zookeeper.common.X509UtilTest" time="0"/>
  <testcase name="testGetDefaultCipherSuitesJava11[6]" classname="org.apache.zookeeper.common.X509UtilTest" time="0"/>
  <testcase name="testLoadPEMKeyStoreNullPassword[6]" classname="org.apache.zookeeper.common.X509UtilTest" time="0.03"/>
  <testcase name="testLoadPEMKeyStoreAutodetectStoreFileType[6]" classname="org.apache.zookeeper.common.X509UtilTest" time="0"/>
  <testcase name="testLoadJKSTrustStore[6]" classname="org.apache.zookeeper.common.X509UtilTest" time="0.09"/>
  <testcase name="testLoadPEMKeyStore[6]" classname="org.apache.zookeeper.common.X509UtilTest" time="0.002"/>
  <testcase name="testLoadPKCS12KeyStoreWithWrongPassword[6]" classname="org.apache.zookeeper.common.X509UtilTest" time="0.064"/>
  <testcase name="testLoadPEMKeyStoreWithWrongPassword[6]" classname="org.apache.zookeeper.common.X509UtilTest" time="0.038"/>
  <testcase name="testCreateSSLServerSocketWithoutPort[6]" classname="org.apache.zookeeper.common.X509UtilTest" time="0.134"/>
  <testcase name="testGetDefaultCipherSuitesNullVersion[6]" classname="org.apache.zookeeper.common.X509UtilTest" time="0.001"/>
  <testcase name="testLoadPKCS12KeyStoreNullPassword[6]" classname="org.apache.zookeeper.common.X509UtilTest" time="0.079"/>
  <testcase name="testLoadPEMTrustStoreNullPassword[7]" classname="org.apache.zookeeper.common.X509UtilTest" time="0.221"/>
  <testcase name="testCreateSSLContextWithoutKeyStorePassword[7]" classname="org.apache.zookeeper.common.X509UtilTest" time="0.08"/>
  <testcase name="testLoadPKCS12TrustStore[7]" classname="org.apache.zookeeper.common.X509UtilTest" time="0.161"/>
  <testcase name="testLoadPKCS12TrustStoreWithWrongPassword[7]" classname="org.apache.zookeeper.common.X509UtilTest" time="0.036"/>
  <testcase name="testClientRenegotiationFails[7]" classname="org.apache.zookeeper.common.X509UtilTest" time="0.249"/>
  <testcase name="testCRLEnabled[7]" classname="org.apache.zookeeper.common.X509UtilTest" time="0.159"/>
  <testcase name="testCreateSSLContextWithoutKeyStoreLocation[7]" classname="org.apache.zookeeper.common.X509UtilTest" time="0.062"/>
  <testcase name="testLoadPKCS12KeyStore[7]" classname="org.apache.zookeeper.common.X509UtilTest" time="0.187"/>
  <testcase name="testLoadJKSTrustStoreWithWrongPassword[7]" classname="org.apache.zookeeper.common.X509UtilTest" time="0.034"/>
  <testcase name="testLoadPKCS12TrustStoreAutodetectStoreFileType[7]" classname="org.apache.zookeeper.common.X509UtilTest" time="0.082"/>
  <testcase name="testCreateSSLServerSocketWithPort[7]" classname="org.apache.zookeeper.common.X509UtilTest" time="0.164"/>
  <testcase name="testCreateSSLContextWithCustomCipherSuites[7]" classname="org.apache.zookeeper.common.X509UtilTest" time="0.164"/>
  <testcase name="testCRLDisabled[7]" classname="org.apache.zookeeper.common.X509UtilTest" time="0.159"/>
  <testcase name="testCreateSSLContext_invalidCustomSSLContextClass[7]" classname="org.apache.zookeeper.common.X509UtilTest" time="0.001"/>
  <testcase name="testCreateSSLContextWithoutCustomProtocol[7]" classname="org.apache.zookeeper.common.X509UtilTest" time="0.16"/>
  <testcase name="testOCSPEnabled[7]" classname="org.apache.zookeeper.common.X509UtilTest" time="0.161"/>
  <testcase name="testGetDefaultCipherSuitesJava8[7]" classname="org.apache.zookeeper.common.X509UtilTest" time="0.001"/>
  <testcase name="testGetDefaultCipherSuitesJava9[7]" classname="org.apache.zookeeper.common.X509UtilTest" time="0"/>
  <testcase name="testLoadJKSKeyStoreNullPassword[7]" classname="org.apache.zookeeper.common.X509UtilTest" time="0.001"/>
  <testcase name="testLoadJKSKeyStoreAutodetectStoreFileType[7]" classname="org.apache.zookeeper.common.X509UtilTest" time="0.079"/>
  <testcase name="testCreateSSLContext_validCustomSSLContextClass[7]" classname="org.apache.zookeeper.common.X509UtilTest" time="0.001"/>
  <testcase name="testLoadPEMTrustStoreAutodetectStoreFileType[7]" classname="org.apache.zookeeper.common.X509UtilTest" time="0.003"/>
  <testcase name="testLoadJKSKeyStore[7]" classname="org.apache.zookeeper.common.X509UtilTest" time="0.079"/>
  <testcase name="testLoadJKSTrustStoreNullPassword[7]" classname="org.apache.zookeeper.common.X509UtilTest" time="0.001"/>
  <testcase name="testLoadJKSTrustStoreAutodetectStoreFileType[7]" classname="org.apache.zookeeper.common.X509UtilTest" time="0.082"/>
  <testcase name="testCreateSSLContextWithCustomProtocol[7]" classname="org.apache.zookeeper.common.X509UtilTest" time="0.165"/>
  <testcase name="testLoadJKSKeyStoreWithWrongPassword[7]" classname="org.apache.zookeeper.common.X509UtilTest" time="0.054"/>
  <testcase name="testLoadPKCS12TrustStoreNullPassword[7]" classname="org.apache.zookeeper.common.X509UtilTest" time="0.001"/>
  <testcase name="testGetDefaultCipherSuitesUnknownVersion[7]" classname="org.apache.zookeeper.common.X509UtilTest" time="0.001"/>
  <testcase name="testGetSslHandshakeDetectionTimeoutMillisProperty[7]" classname="org.apache.zookeeper.common.X509UtilTest" time="0.649"/>
  <testcase name="testLoadPKCS12KeyStoreAutodetectStoreFileType[7]" classname="org.apache.zookeeper.common.X509UtilTest" time="0.091"/>
  <testcase name="testCreateSSLSocket[7]" classname="org.apache.zookeeper.common.X509UtilTest" time="0.162"/>
  <testcase name="testLoadPEMTrustStore[7]" classname="org.apache.zookeeper.common.X509UtilTest" time="0.001"/>
  <testcase name="testGetDefaultCipherSuitesJava10[7]" classname="org.apache.zookeeper.common.X509UtilTest" time="0"/>
  <testcase name="testGetDefaultCipherSuitesJava11[7]" classname="org.apache.zookeeper.common.X509UtilTest" time="0"/>
  <testcase name="testLoadPEMKeyStoreNullPassword[7]" classname="org.apache.zookeeper.common.X509UtilTest" time="0.001"/>
  <testcase name="testLoadPEMKeyStoreAutodetectStoreFileType[7]" classname="org.apache.zookeeper.common.X509UtilTest" time="0.034"/>
  <testcase name="testLoadJKSTrustStore[7]" classname="org.apache.zookeeper.common.X509UtilTest" time="0.076"/>
  <testcase name="testLoadPEMKeyStore[7]" classname="org.apache.zookeeper.common.X509UtilTest" time="0.028"/>
  <testcase name="testLoadPKCS12KeyStoreWithWrongPassword[7]" classname="org.apache.zookeeper.common.X509UtilTest" time="0.055"/>
  <testcase name="testLoadPEMKeyStoreWithWrongPassword[7]" classname="org.apache.zookeeper.common.X509UtilTest" time="0.005"/>
  <testcase name="testCreateSSLServerSocketWithoutPort[7]" classname="org.apache.zookeeper.common.X509UtilTest" time="0.159"/>
  <testcase name="testGetDefaultCipherSuitesNullVersion[7]" classname="org.apache.zookeeper.common.X509UtilTest" time="0.001"/>
  <testcase name="testLoadPKCS12KeyStoreNullPassword[7]" classname="org.apache.zookeeper.common.X509UtilTest" time="0"/>
</testsuite>