<?xml version="1.0" encoding="UTF-8"?>
<testsuite xmlns:xsi="http://www.w3.org/2001/XMLSchema-instance" xsi:noNamespaceSchemaLocation="https://maven.apache.org/surefire/maven-surefire-plugin/xsd/surefire-test-report.xsd" name="org.apache.zookeeper.test.DisconnectedWatcherTest" time="854.751" tests="4" errors="1" skipped="0" failures="0">
  <properties>
[...]
</properties>
  <testcase name="testDeepChildWatcherAutoResetWithChroot" classname="org.apache.zookeeper.test.DisconnectedWatcherTest" time="5.911"/>
  <testcase name="testChildWatcherAutoResetWithChroot" classname="org.apache.zookeeper.test.DisconnectedWatcherTest" time="3.885"/>
  <testcase name="testDefaultWatcherAutoResetWithChroot" classname="org.apache.zookeeper.test.DisconnectedWatcherTest" time="3.638"/>
  <testcase name="testManyChildWatchersAutoReset" classname="org.apache.zookeeper.test.DisconnectedWatcherTest" time="840.981">
    <error message="test timed out after 840000 milliseconds" type="org.junit.runners.model.TestTimedOutException">org.junit.runners.model.TestTimedOutException: test timed out after 840000 milliseconds
	at app//org.apache.zookeeper.test.DisconnectedWatcherTest.testManyChildWatchersAutoReset(DisconnectedWatcherTest.java:241)
</error>
    <system-out><![CDATA[2020-12-21 19:32:51,397 [myid:] - INFO  [main:PortAssignment@87] - Assigned port 24690 from range 24686 - 27378.
2020-12-21 19:32:51,399 [myid:] - INFO  [main:ZKTestCase$1@86] - STARTING testManyChildWatchersAutoReset
2020-12-21 19:32:51,399 [myid:] - INFO  [main:ClientBase@486] - Initial fdcount is: 80
2020-12-21 19:32:51,400 [myid:] - INFO  [main:JMXEnv@58] - connecting to addr service:jmx:rmi://127.0.0.1/stub/rO0ABXNyAC5qYXZheC5tYW5hZ2VtZW50LnJlbW90ZS5ybWkuUk1JU2VydmVySW1wbF9TdHViAAAAAAAAAAICAAB4cgAaamF2YS5ybWkuc2VydmVyLlJlbW90ZVN0dWLp/tzJi+FlGgIAAHhyABxqYXZhLnJtaS5zZXJ2ZXIuUmVtb3RlT2JqZWN002G0kQxhMx4DAAB4cHc1AApVbmljYXN0UmVmAAwxOTIuMTY4LjAuMTcAAMgQ+Q1xVfL3y0OOtc7BAAABdoiBhImAKgB4
2020-12-21 19:32:51,489 [myid:] - INFO  [main:ClientBase@514] - STARTING server
2020-12-21 19:32:51,489 [myid:] - INFO  [main:ClientBase@423] - CREATING server instance 127.0.0.1:24690
2020-12-21 19:32:51,489 [myid:] - INFO  [main:ServerCnxnFactory@169] - Using org.apache.zookeeper.server.NIOServerCnxnFactory as server connection factory
2020-12-21 19:32:51,490 [myid:] - WARN  [main:ServerCnxnFactory@309] - maxCnxns is not configured, using default value 0.
2020-12-21 19:32:51,490 [myid:] - INFO  [main:NIOServerCnxnFactory@666] - Configuring NIO connection handler with 10s sessionless connection timeout, 2 selector thread(s), 16 worker threads, and 64 kB direct buffers.
2020-12-21 19:32:51,490 [myid:] - INFO  [main:NIOServerCnxnFactory@674] - binding to port 0.0.0.0/0.0.0.0:24690
2020-12-21 19:32:51,491 [myid:] - INFO  [main:ClientBase@395] - STARTING server instance 127.0.0.1:24690
2020-12-21 19:32:51,491 [myid:] - INFO  [main:FileTxnSnapLog@124] - zookeeper.snapshot.trust.empty : false
2020-12-21 19:32:51,532 [myid:] - INFO  [main:WatchManagerFactory@42] - Using org.apache.zookeeper.server.watch.WatchManager as watch manager
2020-12-21 19:32:51,533 [myid:] - INFO  [main:WatchManagerFactory@42] - Using org.apache.zookeeper.server.watch.WatchManager as watch manager
2020-12-21 19:32:51,533 [myid:] - INFO  [main:ZKDatabase@132] - zookeeper.snapshotSizeFactor = 0.33
2020-12-21 19:32:51,533 [myid:] - INFO  [main:ZKDatabase@152] - zookeeper.commitLogCount=500
2020-12-21 19:32:51,533 [myid:] - INFO  [main:ZooKeeperServer@1256] - minSessionTimeout set to 6000
2020-12-21 19:32:51,533 [myid:] - INFO  [main:ZooKeeperServer@1265] - maxSessionTimeout set to 60000
2020-12-21 19:32:51,533 [myid:] - INFO  [main:ResponseCache@45] - Response cache size is initialized with value 400.
2020-12-21 19:32:51,533 [myid:] - INFO  [main:ResponseCache@45] - Response cache size is initialized with value 400.
2020-12-21 19:32:51,533 [myid:] - INFO  [main:RequestPathMetricsCollector@111] - zookeeper.pathStats.slotCapacity = 60
2020-12-21 19:32:51,534 [myid:] - INFO  [main:RequestPathMetricsCollector@112] - zookeeper.pathStats.slotDuration = 15
2020-12-21 19:32:51,534 [myid:] - INFO  [main:RequestPathMetricsCollector@113] - zookeeper.pathStats.maxDepth = 6
2020-12-21 19:32:51,534 [myid:] - INFO  [main:RequestPathMetricsCollector@114] - zookeeper.pathStats.initialDelay = 5
2020-12-21 19:32:51,534 [myid:] - INFO  [main:RequestPathMetricsCollector@115] - zookeeper.pathStats.delay = 5
2020-12-21 19:32:51,534 [myid:] - INFO  [main:RequestPathMetricsCollector@116] - zookeeper.pathStats.enabled = false
2020-12-21 19:32:51,534 [myid:] - INFO  [main:ZooKeeperServer@1481] - The max bytes for all large requests are set to 104857600
2020-12-21 19:32:51,534 [myid:] - INFO  [main:ZooKeeperServer@1495] - The large request threshold is set to -1
2020-12-21 19:32:51,534 [myid:] - INFO  [main:ZooKeeperServer@339] - Created server with tickTime 3000 minSessionTimeout 6000 maxSessionTimeout 60000 clientPortListenBacklog -1 datadir /Users/aleck/go/src/github.com/AleckDarcy/reload/reload/java/zookeeper/3.6.2/zookeeper-server/target/surefire/test8345579502145305941.junit.dir/version-2 snapdir /Users/aleck/go/src/github.com/AleckDarcy/reload/reload/java/zookeeper/3.6.2/zookeeper-server/target/surefire/test8345579502145305941.junit.dir/version-2
2020-12-21 19:32:51,559 [myid:] - INFO  [main:FileTxnSnapLog@251] - Initialize file found, an empty database will not block voting participation
2020-12-21 19:32:51,560 [myid:] - INFO  [main:FileTxnSnapLog@470] - Snapshotting: 0x0 to /Users/aleck/go/src/github.com/AleckDarcy/reload/reload/java/zookeeper/3.6.2/zookeeper-server/target/surefire/test8345579502145305941.junit.dir/version-2/snapshot.0
2020-12-21 19:32:51,665 [myid:] - INFO  [main:ZKDatabase@289] - Snapshot loaded in 130 ms, highest zxid is 0x0, digest is 1371985504
2020-12-21 19:32:51,665 [myid:] - INFO  [main:FileTxnSnapLog@470] - Snapshotting: 0x0 to /Users/aleck/go/src/github.com/AleckDarcy/reload/reload/java/zookeeper/3.6.2/zookeeper-server/target/surefire/test8345579502145305941.junit.dir/version-2/snapshot.0
2020-12-21 19:32:51,836 [myid:] - INFO  [main:ZooKeeperServer@529] - Snapshot taken in 171 ms
2020-12-21 19:32:51,837 [myid:] - INFO  [ProcessThread(sid:0 cport:24690)::PrepRequestProcessor@136] - PrepRequestProcessor (sid:0) started, reconfigEnabled=false
2020-12-21 19:32:51,837 [myid:] - INFO  [main:FourLetterWordMain@93] - connecting to 127.0.0.1 24690
2020-12-21 19:32:51,838 [myid:] - INFO  [NIOWorkerThread-1:NIOServerCnxn@507] - Processing stat command from /127.0.0.1:51479
2020-12-21 19:32:51,838 [myid:] - INFO  [NIOWorkerThread-1:StatCommand@52] - Stat command output
2020-12-21 19:32:51,839 [myid:] - INFO  [main:JMXEnv@219] - ensureParent:[InMemoryDataTree, StandaloneServer_port]
2020-12-21 19:32:51,840 [myid:] - INFO  [main:JMXEnv@235] - expect:InMemoryDataTree
2020-12-21 19:32:51,840 [myid:] - INFO  [main:JMXEnv@239] - found:InMemoryDataTree org.apache.ZooKeeperService:name0=StandaloneServer_port24690,name1=InMemoryDataTree
2020-12-21 19:32:51,840 [myid:] - INFO  [main:JMXEnv@235] - expect:StandaloneServer_port
2020-12-21 19:32:51,840 [myid:] - INFO  [main:JMXEnv@239] - found:StandaloneServer_port org.apache.ZooKeeperService:name0=StandaloneServer_port24690
2020-12-21 19:32:51,840 [myid:] - INFO  [main:ClientBase@501] - Client test setup finished
2020-12-21 19:32:51,840 [myid:] - INFO  [main:ZooKeeper@1006] - Initiating client connection, connectString=127.0.0.1:24690 sessionTimeout=30000 watcher=org.apache.zookeeper.test.ClientBase$CountdownWatcher@17fc391b
2020-12-21 19:32:51,841 [myid:] - INFO  [main:ClientCnxnSocket@239] - jute.maxbuffer value is 1048575 Bytes
2020-12-21 19:32:51,841 [myid:] - INFO  [main:ClientCnxn@1716] - zookeeper.request.timeout value is 0. feature enabled=false
2020-12-21 19:32:51,842 [myid:127.0.0.1:24690] - INFO  [main-SendThread(127.0.0.1:24690):ClientCnxn$SendThread@1167] - Opening socket connection to server localhost/127.0.0.1:24690.
2020-12-21 19:32:51,842 [myid:127.0.0.1:24690] - INFO  [main-SendThread(127.0.0.1:24690):ClientCnxn$SendThread@1169] - SASL config status: Will not attempt to authenticate using SASL (unknown error)
2020-12-21 19:32:51,842 [myid:127.0.0.1:24690] - INFO  [main-SendThread(127.0.0.1:24690):ClientCnxn$SendThread@999] - Socket connection established, initiating session, client: /127.0.0.1:51480, server: localhost/127.0.0.1:24690
2020-12-21 19:32:51,843 [myid:] - INFO  [SyncThread:0:FileTxnLog@284] - Creating new log file: log.1
2020-12-21 19:32:52,033 [myid:127.0.0.1:24690] - INFO  [main-SendThread(127.0.0.1:24690):ClientCnxn$SendThread@1433] - Session establishment complete on server localhost/127.0.0.1:24690, session id = 0x10002c5c1e40000, negotiated timeout = 30000
2020-12-21 19:32:52,035 [myid:] - INFO  [main:JMXEnv@116] - expect:0x10002c5c1e40000
2020-12-21 19:32:52,035 [myid:] - INFO  [main:JMXEnv@119] - found:0x10002c5c1e40000 org.apache.ZooKeeperService:name0=StandaloneServer_port24690,name1=Connections,name2=127.0.0.1,name3=0x10002c5c1e40000
2020-12-21 19:32:52,036 [myid:] - INFO  [Time-limited test:JUnit4ZKTestRunner$LoggedInvokeMethod@84] - RUNNING TEST METHOD testManyChildWatchersAutoReset
2020-12-21 19:32:52,036 [myid:] - INFO  [Time-limited test:ZooKeeper@1006] - Initiating client connection, connectString=127.0.0.1:24690 sessionTimeout=30000 watcher=org.apache.zookeeper.test.DisconnectedWatcherTest$MyWatcher@383a86e7
2020-12-21 19:32:52,036 [myid:] - INFO  [Time-limited test:ClientCnxnSocket@239] - jute.maxbuffer value is 1048575 Bytes
2020-12-21 19:32:52,037 [myid:] - INFO  [Time-limited test:ClientCnxn@1716] - zookeeper.request.timeout value is 0. feature enabled=false
2020-12-21 19:32:52,038 [myid:127.0.0.1:24690] - INFO  [Time-limited test-SendThread(127.0.0.1:24690):ClientCnxn$SendThread@1167] - Opening socket connection to server localhost/127.0.0.1:24690.
2020-12-21 19:32:52,038 [myid:127.0.0.1:24690] - INFO  [Time-limited test-SendThread(127.0.0.1:24690):ClientCnxn$SendThread@1169] - SASL config status: Will not attempt to authenticate using SASL (unknown error)
2020-12-21 19:32:52,038 [myid:127.0.0.1:24690] - INFO  [Time-limited test-SendThread(127.0.0.1:24690):ClientCnxn$SendThread@999] - Socket connection established, initiating session, client: /127.0.0.1:51482, server: localhost/127.0.0.1:24690
2020-12-21 19:32:52,168 [myid:127.0.0.1:24690] - INFO  [Time-limited test-SendThread(127.0.0.1:24690):ClientCnxn$SendThread@1433] - Session establishment complete on server localhost/127.0.0.1:24690, session id = 0x10002c5c1e40001, negotiated timeout = 30000
2020-12-21 19:32:52,170 [myid:] - INFO  [Time-limited test:JMXEnv@116] - expect:0x10002c5c1e40001
2020-12-21 19:32:52,171 [myid:] - INFO  [Time-limited test:JMXEnv@119] - found:0x10002c5c1e40001 org.apache.ZooKeeperService:name0=StandaloneServer_port24690,name1=Connections,name2=127.0.0.1,name3=0x10002c5c1e40001
2020-12-21 19:32:52,177 [myid:] - INFO  [SessionTracker:SessionTrackerImpl@170] - SessionTrackerImpl exited loop!
2020-12-21 19:44:23,642 [myid:] - INFO  [Time-limited test:DisconnectedWatcherTest@206] - Created 10,000 nodes.
2020-12-21 19:44:25,945 [myid:] - INFO  [Time-limited test:ClientBase@557] - STOPPING server
2020-12-21 19:44:25,945 [myid:] - INFO  [ConnnectionExpirer:NIOServerCnxnFactory$ConnectionExpirerThread@578] - ConnnectionExpirerThread interrupted
2020-12-21 19:44:25,945 [myid:] - INFO  [NIOServerCxnFactory.AcceptThread:0.0.0.0/0.0.0.0:24690:NIOServerCnxnFactory$AcceptThread@209] - accept thread exitted run method
2020-12-21 19:44:25,946 [myid:] - INFO  [NIOServerCxnFactory.SelectorThread-0:NIOServerCnxnFactory$SelectorThread@411] - selector thread exitted run method
2020-12-21 19:44:25,946 [myid:127.0.0.1:24690] - WARN  [main-SendThread(127.0.0.1:24690):ClientCnxn$SendThread@1285] - Session 0x10002c5c1e40000 for sever localhost/127.0.0.1:24690, Closing socket connection. Attempting reconnect except it is a SessionExpiredException.
EndOfStreamException: Unable to read additional data from server sessionid 0x10002c5c1e40000, likely server has closed socket
	at org.apache.zookeeper.ClientCnxnSocketNIO.doIO(ClientCnxnSocketNIO.java:77)
	at org.apache.zookeeper.ClientCnxnSocketNIO.doTransport(ClientCnxnSocketNIO.java:350)
	at org.apache.zookeeper.ClientCnxn$SendThread.run(ClientCnxn.java:1275)
2020-12-21 19:44:25,950 [myid:] - INFO  [NIOServerCxnFactory.SelectorThread-1:NIOServerCnxnFactory$SelectorThread@411] - selector thread exitted run method
2020-12-21 19:44:25,950 [myid:127.0.0.1:24690] - WARN  [Time-limited test-SendThread(127.0.0.1:24690):ClientCnxn$SendThread@1285] - Session 0x10002c5c1e40001 for sever localhost/127.0.0.1:24690, Closing socket connection. Attempting reconnect except it is a SessionExpiredException.
EndOfStreamException: Unable to read additional data from server sessionid 0x10002c5c1e40001, likely server has closed socket
	at org.apache.zookeeper.ClientCnxnSocketNIO.doIO(ClientCnxnSocketNIO.java:77)
	at org.apache.zookeeper.ClientCnxnSocketNIO.doTransport(ClientCnxnSocketNIO.java:350)
	at org.apache.zookeeper.ClientCnxn$SendThread.run(ClientCnxn.java:1275)
2020-12-21 19:44:25,950 [myid:] - INFO  [Time-limited test:ZooKeeperServer@794] - shutting down
2020-12-21 19:44:25,950 [myid:] - INFO  [Time-limited test:RequestThrottler@244] - Shutting down
2020-12-21 19:44:25,951 [myid:] - INFO  [RequestThrottler:RequestThrottler@205] - Draining request throttler queue
2020-12-21 19:44:25,951 [myid:] - INFO  [RequestThrottler:RequestThrottler@181] - RequestThrottler shutdown. Dropped 0 requests
2020-12-21 19:44:25,951 [myid:] - INFO  [Time-limited test:SessionTrackerImpl@247] - Shutting down
2020-12-21 19:44:25,951 [myid:] - INFO  [Time-limited test:PrepRequestProcessor@1048] - Shutting down
2020-12-21 19:44:25,951 [myid:] - INFO  [Time-limited test:SyncRequestProcessor@256] - Shutting down
2020-12-21 19:44:25,951 [myid:] - INFO  [ProcessThread(sid:0 cport:24690)::PrepRequestProcessor@160] - PrepRequestProcessor exited loop!
2020-12-21 19:44:25,951 [myid:] - INFO  [SyncThread:0:SyncRequestProcessor@225] - SyncRequestProcessor exited!
2020-12-21 19:44:25,951 [myid:] - INFO  [Time-limited test:FinalRequestProcessor@662] - shutdown of request processor complete
2020-12-21 19:44:25,979 [myid:] - INFO  [Time-limited test:FourLetterWordMain@93] - connecting to 127.0.0.1 24690
2020-12-21 19:44:25,979 [myid:] - INFO  [Time-limited test:JMXEnv@142] - ensureOnly:[]
2020-12-21 19:44:26,057 [myid:] - INFO  [Time-limited test:ClientBase@514] - STARTING server
2020-12-21 19:44:26,057 [myid:] - INFO  [Time-limited test:ClientBase@423] - CREATING server instance 127.0.0.1:24690
2020-12-21 19:44:26,057 [myid:] - INFO  [Time-limited test:ServerCnxnFactory@169] - Using org.apache.zookeeper.server.NIOServerCnxnFactory as server connection factory
2020-12-21 19:44:26,057 [myid:] - WARN  [Time-limited test:ServerCnxnFactory@309] - maxCnxns is not configured, using default value 0.
2020-12-21 19:44:26,057 [myid:] - INFO  [Time-limited test:NIOServerCnxnFactory@666] - Configuring NIO connection handler with 10s sessionless connection timeout, 2 selector thread(s), 16 worker threads, and 64 kB direct buffers.
2020-12-21 19:44:26,057 [myid:] - INFO  [Time-limited test:NIOServerCnxnFactory@674] - binding to port 0.0.0.0/0.0.0.0:24690
2020-12-21 19:44:26,057 [myid:] - INFO  [Time-limited test:ClientBase@395] - STARTING server instance 127.0.0.1:24690
2020-12-21 19:44:26,058 [myid:] - INFO  [Time-limited test:FileTxnSnapLog@124] - zookeeper.snapshot.trust.empty : false
2020-12-21 19:44:26,058 [myid:] - INFO  [Time-limited test:WatchManagerFactory@42] - Using org.apache.zookeeper.server.watch.WatchManager as watch manager
2020-12-21 19:44:26,058 [myid:] - INFO  [Time-limited test:WatchManagerFactory@42] - Using org.apache.zookeeper.server.watch.WatchManager as watch manager
2020-12-21 19:44:26,058 [myid:] - INFO  [Time-limited test:ZKDatabase@132] - zookeeper.snapshotSizeFactor = 0.33
2020-12-21 19:44:26,058 [myid:] - INFO  [Time-limited test:ZKDatabase@152] - zookeeper.commitLogCount=500
2020-12-21 19:44:26,058 [myid:] - INFO  [Time-limited test:ZooKeeperServer@1256] - minSessionTimeout set to 6000
2020-12-21 19:44:26,059 [myid:] - INFO  [Time-limited test:ZooKeeperServer@1265] - maxSessionTimeout set to 60000
2020-12-21 19:44:26,059 [myid:] - INFO  [Time-limited test:ResponseCache@45] - Response cache size is initialized with value 400.
2020-12-21 19:44:26,059 [myid:] - INFO  [Time-limited test:ResponseCache@45] - Response cache size is initialized with value 400.
2020-12-21 19:44:26,059 [myid:] - INFO  [Time-limited test:RequestPathMetricsCollector@111] - zookeeper.pathStats.slotCapacity = 60
2020-12-21 19:44:26,059 [myid:] - INFO  [Time-limited test:RequestPathMetricsCollector@112] - zookeeper.pathStats.slotDuration = 15
2020-12-21 19:44:26,059 [myid:] - INFO  [Time-limited test:RequestPathMetricsCollector@113] - zookeeper.pathStats.maxDepth = 6
2020-12-21 19:44:26,059 [myid:] - INFO  [Time-limited test:RequestPathMetricsCollector@114] - zookeeper.pathStats.initialDelay = 5
2020-12-21 19:44:26,059 [myid:] - INFO  [Time-limited test:RequestPathMetricsCollector@115] - zookeeper.pathStats.delay = 5
2020-12-21 19:44:26,059 [myid:] - INFO  [Time-limited test:RequestPathMetricsCollector@116] - zookeeper.pathStats.enabled = false
2020-12-21 19:44:26,059 [myid:] - INFO  [Time-limited test:ZooKeeperServer@1481] - The max bytes for all large requests are set to 104857600
2020-12-21 19:44:26,059 [myid:] - INFO  [Time-limited test:ZooKeeperServer@1495] - The large request threshold is set to -1
2020-12-21 19:44:26,059 [myid:] - INFO  [Time-limited test:ZooKeeperServer@339] - Created server with tickTime 3000 minSessionTimeout 6000 maxSessionTimeout 60000 clientPortListenBacklog -1 datadir /Users/aleck/go/src/github.com/AleckDarcy/reload/reload/java/zookeeper/3.6.2/zookeeper-server/target/surefire/test8345579502145305941.junit.dir/version-2 snapdir /Users/aleck/go/src/github.com/AleckDarcy/reload/reload/java/zookeeper/3.6.2/zookeeper-server/target/surefire/test8345579502145305941.junit.dir/version-2
2020-12-21 19:44:26,062 [myid:] - INFO  [Time-limited test:FileSnap@85] - Reading snapshot /Users/aleck/go/src/github.com/AleckDarcy/reload/reload/java/zookeeper/3.6.2/zookeeper-server/target/surefire/test8345579502145305941.junit.dir/version-2/snapshot.0
2020-12-21 19:44:26,062 [myid:] - INFO  [Time-limited test:DataTree@1737] - The digest value is empty in snapshot
2020-12-21 19:44:26,143 [myid:] - INFO  [Time-limited test:FileTxnSnapLog@363] - 10003 txns loaded in 81 ms
2020-12-21 19:44:26,144 [myid:] - INFO  [Time-limited test:ZKDatabase@289] - Snapshot loaded in 84 ms, highest zxid is 0x2713, digest is 21504879895211
2020-12-21 19:44:26,144 [myid:] - INFO  [Time-limited test:FileTxnSnapLog@470] - Snapshotting: 0x2713 to /Users/aleck/go/src/github.com/AleckDarcy/reload/reload/java/zookeeper/3.6.2/zookeeper-server/target/surefire/test8345579502145305941.junit.dir/version-2/snapshot.2713
2020-12-21 19:44:26,191 [myid:] - INFO  [Time-limited test:ZooKeeperServer@529] - Snapshot taken in 47 ms
2020-12-21 19:44:26,192 [myid:] - INFO  [ProcessThread(sid:0 cport:24690)::PrepRequestProcessor@136] - PrepRequestProcessor (sid:0) started, reconfigEnabled=false
2020-12-21 19:44:26,192 [myid:] - INFO  [Time-limited test:FourLetterWordMain@93] - connecting to 127.0.0.1 24690
2020-12-21 19:44:26,193 [myid:] - INFO  [NIOWorkerThread-1:NIOServerCnxn@507] - Processing stat command from /127.0.0.1:52516
2020-12-21 19:44:26,193 [myid:] - INFO  [NIOWorkerThread-1:StatCommand@52] - Stat command output
2020-12-21 19:44:26,194 [myid:] - INFO  [Time-limited test:JMXEnv@219] - ensureParent:[InMemoryDataTree, StandaloneServer_port]
2020-12-21 19:44:26,195 [myid:] - INFO  [Time-limited test:JMXEnv@235] - expect:InMemoryDataTree
2020-12-21 19:44:26,195 [myid:] - INFO  [Time-limited test:JMXEnv@239] - found:InMemoryDataTree org.apache.ZooKeeperService:name0=StandaloneServer_port24690,name1=InMemoryDataTree
2020-12-21 19:44:26,195 [myid:] - INFO  [Time-limited test:JMXEnv@235] - expect:StandaloneServer_port
2020-12-21 19:44:26,195 [myid:] - INFO  [Time-limited test:JMXEnv@239] - found:StandaloneServer_port org.apache.ZooKeeperService:name0=StandaloneServer_port24690
2020-12-21 19:44:27,582 [myid:127.0.0.1:24690] - INFO  [main-SendThread(127.0.0.1:24690):ClientCnxn$SendThread@1167] - Opening socket connection to server localhost/127.0.0.1:24690.
2020-12-21 19:44:27,582 [myid:127.0.0.1:24690] - INFO  [main-SendThread(127.0.0.1:24690):ClientCnxn$SendThread@1169] - SASL config status: Will not attempt to authenticate using SASL (unknown error)
2020-12-21 19:44:27,582 [myid:127.0.0.1:24690] - INFO  [main-SendThread(127.0.0.1:24690):ClientCnxn$SendThread@999] - Socket connection established, initiating session, client: /127.0.0.1:52559, server: localhost/127.0.0.1:24690
2020-12-21 19:44:27,583 [myid:127.0.0.1:24690] - INFO  [main-SendThread(127.0.0.1:24690):ClientCnxn$SendThread@1433] - Session establishment complete on server localhost/127.0.0.1:24690, session id = 0x10002c5c1e40000, negotiated timeout = 30000
2020-12-21 19:44:27,692 [myid:127.0.0.1:24690] - INFO  [Time-limited test-SendThread(127.0.0.1:24690):ClientCnxn$SendThread@1167] - Opening socket connection to server localhost/127.0.0.1:24690.
2020-12-21 19:44:27,693 [myid:127.0.0.1:24690] - INFO  [Time-limited test-SendThread(127.0.0.1:24690):ClientCnxn$SendThread@1169] - SASL config status: Will not attempt to authenticate using SASL (unknown error)
2020-12-21 19:44:27,693 [myid:127.0.0.1:24690] - INFO  [Time-limited test-SendThread(127.0.0.1:24690):ClientCnxn$SendThread@999] - Socket connection established, initiating session, client: /127.0.0.1:52562, server: localhost/127.0.0.1:24690
2020-12-21 19:44:27,699 [myid:127.0.0.1:24690] - INFO  [Time-limited test-SendThread(127.0.0.1:24690):ClientCnxn$SendThread@1433] - Session establishment complete on server localhost/127.0.0.1:24690, session id = 0x10002c5c1e40001, negotiated timeout = 30000
2020-12-21 19:44:27,703 [myid:] - INFO  [SyncThread:0:FileTxnLog@284] - Creating new log file: log.2714
2020-12-21 19:44:28,188 [myid:] - INFO  [SessionTracker:SessionTrackerImpl@170] - SessionTrackerImpl exited loop!
2020-12-21 19:46:52,028 [myid:] - WARN  [Time-limited test:JUnit4ZKTestRunner$LoggedInvokeMethod@105] - TEST METHOD FAILED testManyChildWatchersAutoReset
java.lang.InterruptedException
	at java.base/java.lang.Object.wait(Native Method)
	at java.base/java.lang.Object.wait(Object.java:321)
	at org.apache.zookeeper.ClientCnxn.submitRequest(ClientCnxn.java:1574)
	at org.apache.zookeeper.ClientCnxn.submitRequest(ClientCnxn.java:1546)
	at org.apache.zookeeper.ZooKeeper.create(ZooKeeper.java:1732)
	at org.apache.zookeeper.test.DisconnectedWatcherTest.testManyChildWatchersAutoReset(DisconnectedWatcherTest.java:241)
	at org.apache.zookeeper.JUnit4ZKTestRunner$LoggedInvokeMethod.evaluate(JUnit4ZKTestRunner.java:86)
	at java.base/java.lang.Thread.run(Thread.java:832)
2020-12-21 19:46:52,223 [myid:] - INFO  [Time-limited test-EventThread:ClientCnxn$EventThread@577] - EventThread shut down for session: 0x10002c5c1e40001
2020-12-21 19:46:52,223 [myid:] - INFO  [main:ZooKeeper@1619] - Session: 0x10002c5c1e40001 closed
2020-12-21 19:46:52,353 [myid:] - INFO  [main:ZooKeeper@1619] - Session: 0x10002c5c1e40000 closed
2020-12-21 19:46:52,354 [myid:] - INFO  [main:ClientBase@583] - tearDown starting
2020-12-21 19:46:52,353 [myid:] - INFO  [main-EventThread:ClientCnxn$EventThread@577] - EventThread shut down for session: 0x10002c5c1e40000
2020-12-21 19:46:52,354 [myid:] - INFO  [main:ClientBase@557] - STOPPING server
2020-12-21 19:46:52,354 [myid:] - INFO  [ConnnectionExpirer:NIOServerCnxnFactory$ConnectionExpirerThread@578] - ConnnectionExpirerThread interrupted
2020-12-21 19:46:52,354 [myid:] - INFO  [NIOServerCxnFactory.AcceptThread:0.0.0.0/0.0.0.0:24690:NIOServerCnxnFactory$AcceptThread@209] - accept thread exitted run method
2020-12-21 19:46:52,354 [myid:] - INFO  [NIOServerCxnFactory.SelectorThread-1:NIOServerCnxnFactory$SelectorThread@411] - selector thread exitted run method
2020-12-21 19:46:52,354 [myid:] - INFO  [NIOServerCxnFactory.SelectorThread-0:NIOServerCnxnFactory$SelectorThread@411] - selector thread exitted run method
2020-12-21 19:46:52,355 [myid:] - INFO  [main:ZooKeeperServer@794] - shutting down
2020-12-21 19:46:52,355 [myid:] - INFO  [main:RequestThrottler@244] - Shutting down
2020-12-21 19:46:52,355 [myid:] - INFO  [RequestThrottler:RequestThrottler@205] - Draining request throttler queue
2020-12-21 19:46:52,355 [myid:] - INFO  [RequestThrottler:RequestThrottler@181] - RequestThrottler shutdown. Dropped 0 requests
2020-12-21 19:46:52,355 [myid:] - INFO  [main:SessionTrackerImpl@247] - Shutting down
2020-12-21 19:46:52,355 [myid:] - INFO  [main:PrepRequestProcessor@1048] - Shutting down
2020-12-21 19:46:52,355 [myid:] - INFO  [main:SyncRequestProcessor@256] - Shutting down
2020-12-21 19:46:52,355 [myid:] - INFO  [ProcessThread(sid:0 cport:24690)::PrepRequestProcessor@160] - PrepRequestProcessor exited loop!
2020-12-21 19:46:52,355 [myid:] - INFO  [SyncThread:0:SyncRequestProcessor@225] - SyncRequestProcessor exited!
2020-12-21 19:46:52,355 [myid:] - INFO  [main:FinalRequestProcessor@662] - shutdown of request processor complete
2020-12-21 19:46:52,366 [myid:] - INFO  [main:FourLetterWordMain@93] - connecting to 127.0.0.1 24690
2020-12-21 19:46:52,366 [myid:] - INFO  [main:JMXEnv@142] - ensureOnly:[]
2020-12-21 19:46:52,375 [myid:] - INFO  [main:ClientBase@607] - fdcount after test is: 80 at start it was 80
2020-12-21 19:46:52,375 [myid:] - ERROR [main:ZKTestCase$1@101] - FAILED testManyChildWatchersAutoReset
org.junit.runners.model.TestTimedOutException: test timed out after 840000 milliseconds
	at java.base@15.0.1/java.lang.Object.wait(Native Method)
	at java.base@15.0.1/java.lang.Object.wait(Object.java:321)
	at app//org.apache.zookeeper.ClientCnxn.submitRequest(ClientCnxn.java:1574)
	at app//org.apache.zookeeper.ClientCnxn.submitRequest(ClientCnxn.java:1546)
	at app//org.apache.zookeeper.ZooKeeper.create(ZooKeeper.java:1732)
	at app//org.apache.zookeeper.test.DisconnectedWatcherTest.testManyChildWatchersAutoReset(DisconnectedWatcherTest.java:241)
	at java.base@15.0.1/jdk.internal.reflect.NativeMethodAccessorImpl.invoke0(Native Method)
	at java.base@15.0.1/jdk.internal.reflect.NativeMethodAccessorImpl.invoke(NativeMethodAccessorImpl.java:64)
	at java.base@15.0.1/jdk.internal.reflect.DelegatingMethodAccessorImpl.invoke(DelegatingMethodAccessorImpl.java:43)
	at java.base@15.0.1/java.lang.reflect.Method.invoke(Method.java:564)
	at app//org.junit.runners.model.FrameworkMethod$1.runReflectiveCall(FrameworkMethod.java:50)
	at app//org.junit.internal.runners.model.ReflectiveCallable.run(ReflectiveCallable.java:12)
	at app//org.junit.runners.model.FrameworkMethod.invokeExplosively(FrameworkMethod.java:47)
	at app//mockit.integration.junit4.JUnit4TestRunnerDecorator.executeTestMethod(JUnit4TestRunnerDecorator.java:157)
	at app//mockit.integration.junit4.JUnit4TestRunnerDecorator.invokeExplosively(JUnit4TestRunnerDecorator.java:71)
	at app//mockit.integration.junit4.FakeFrameworkMethod.invokeExplosively(FakeFrameworkMethod.java:29)
	at app//org.junit.runners.model.FrameworkMethod.invokeExplosively(FrameworkMethod.java)
	at app//org.junit.internal.runners.statements.InvokeMethod.evaluate(InvokeMethod.java:17)
	at app//org.apache.zookeeper.JUnit4ZKTestRunner$LoggedInvokeMethod.evaluate(JUnit4ZKTestRunner.java:86)
	at app//org.junit.internal.runners.statements.FailOnTimeout$CallableStatement.call(FailOnTimeout.java:298)
	at app//org.junit.internal.runners.statements.FailOnTimeout$CallableStatement.call(FailOnTimeout.java:292)
	at java.base@15.0.1/java.util.concurrent.FutureTask.run(FutureTask.java:264)
	at java.base@15.0.1/java.lang.Thread.run(Thread.java:832)
2020-12-21 19:46:52,376 [myid:] - INFO  [main:ZKTestCase$1@91] - FINISHED testManyChildWatchersAutoReset
]]></system-out>
  </testcase>
</testsuite>