<?xml version="1.0" encoding="UTF-8"?>
<testsuite xmlns:xsi="http://www.w3.org/2001/XMLSchema-instance" xsi:noNamespaceSchemaLocation="https://maven.apache.org/surefire/maven-surefire-plugin/xsd/surefire-test-report.xsd" name="org.apache.zookeeper.server.ServerIdTest" time="504.858" tests="512" errors="0" skipped="0" failures="0">
  <properties>
[...]
</properties>
  <testcase name="doTest[0]" classname="org.apache.zookeeper.server.ServerIdTest" time="3.018"/>
  <testcase name="doTest[1]" classname="org.apache.zookeeper.server.ServerIdTest" time="0.546"/>
  <testcase name="doTest[2]" classname="org.apache.zookeeper.server.ServerIdTest" time="0.538"/>
  <testcase name="doTest[3]" classname="org.apache.zookeeper.server.ServerIdTest" time="0.56"/>
  <testcase name="doTest[4]" classname="org.apache.zookeeper.server.ServerIdTest" time="0.586"/>
  <testcase name="doTest[5]" classname="org.apache.zookeeper.server.ServerIdTest" time="0.595"/>
  <testcase name="doTest[6]" classname="org.apache.zookeeper.server.ServerIdTest" time="0.661"/>
  <testcase name="doTest[7]" classname="org.apache.zookeeper.server.ServerIdTest" time="0.869"/>
  <testcase name="doTest[8]" classname="org.apache.zookeeper.server.ServerIdTest" time="0.831"/>
  <testcase name="doTest[9]" classname="org.apache.zookeeper.server.ServerIdTest" time="0.684"/>
  <testcase name="doTest[10]" classname="org.apache.zookeeper.server.ServerIdTest" time="0.6"/>
  <testcase name="doTest[11]" classname="org.apache.zookeeper.server.ServerIdTest" time="0.561"/>
  <testcase name="doTest[12]" classname="org.apache.zookeeper.server.ServerIdTest" time="0.766"/>
  <testcase name="doTest[13]" classname="org.apache.zookeeper.server.ServerIdTest" time="0.729"/>
  <testcase name="doTest[14]" classname="org.apache.zookeeper.server.ServerIdTest" time="0.572"/>
  <testcase name="doTest[15]" classname="org.apache.zookeeper.server.ServerIdTest" time="0.663"/>
  <testcase name="doTest[16]" classname="org.apache.zookeeper.server.ServerIdTest" time="0.885"/>
  <testcase name="doTest[17]" classname="org.apache.zookeeper.server.ServerIdTest" time="0.712"/>
  <testcase name="doTest[18]" classname="org.apache.zookeeper.server.ServerIdTest" time="0.561"/>
  <testcase name="doTest[19]" classname="org.apache.zookeeper.server.ServerIdTest" time="0.504"/>
  <testcase name="doTest[20]" classname="org.apache.zookeeper.server.ServerIdTest" time="0.502"/>
  <testcase name="doTest[21]" classname="org.apache.zookeeper.server.ServerIdTest" time="0.903"/>
  <testcase name="doTest[22]" classname="org.apache.zookeeper.server.ServerIdTest" time="0.531"/>
  <testcase name="doTest[23]" classname="org.apache.zookeeper.server.ServerIdTest" time="0.67"/>
  <testcase name="doTest[24]" classname="org.apache.zookeeper.server.ServerIdTest" time="0.538"/>
  <testcase name="doTest[25]" classname="org.apache.zookeeper.server.ServerIdTest" time="0.613"/>
  <testcase name="doTest[26]" classname="org.apache.zookeeper.server.ServerIdTest" time="0.577"/>
  <testcase name="doTest[27]" classname="org.apache.zookeeper.server.ServerIdTest" time="0.556"/>
  <testcase name="doTest[28]" classname="org.apache.zookeeper.server.ServerIdTest" time="0.549"/>
  <testcase name="doTest[29]" classname="org.apache.zookeeper.server.ServerIdTest" time="0.538"/>
  <testcase name="doTest[30]" classname="org.apache.zookeeper.server.ServerIdTest" time="0.665"/>
  <testcase name="doTest[31]" classname="org.apache.zookeeper.server.ServerIdTest" time="1.052"/>
  <testcase name="doTest[32]" classname="org.apache.zookeeper.server.ServerIdTest" time="0.679"/>
  <testcase name="doTest[33]" classname="org.apache.zookeeper.server.ServerIdTest" time="0.75"/>
  <testcase name="doTest[34]" classname="org.apache.zookeeper.server.ServerIdTest" time="0.579"/>
  <testcase name="doTest[35]" classname="org.apache.zookeeper.server.ServerIdTest" time="0.601"/>
  <testcase name="doTest[36]" classname="org.apache.zookeeper.server.ServerIdTest" time="0.569"/>
  <testcase name="doTest[37]" classname="org.apache.zookeeper.server.ServerIdTest" time="0.568"/>
  <testcase name="doTest[38]" classname="org.apache.zookeeper.server.ServerIdTest" time="0.565"/>
  <testcase name="doTest[39]" classname="org.apache.zookeeper.server.ServerIdTest" time="0.479"/>
  <testcase name="doTest[40]" classname="org.apache.zookeeper.server.ServerIdTest" time="0.546"/>
  <testcase name="doTest[41]" classname="org.apache.zookeeper.server.ServerIdTest" time="0.532"/>
  <testcase name="doTest[42]" classname="org.apache.zookeeper.server.ServerIdTest" time="0.746"/>
  <testcase name="doTest[43]" classname="org.apache.zookeeper.server.ServerIdTest" time="0.575"/>
  <testcase name="doTest[44]" classname="org.apache.zookeeper.server.ServerIdTest" time="0.599"/>
  <testcase name="doTest[45]" classname="org.apache.zookeeper.server.ServerIdTest" time="0.598"/>
  <testcase name="doTest[46]" classname="org.apache.zookeeper.server.ServerIdTest" time="0.609"/>
  <testcase name="doTest[47]" classname="org.apache.zookeeper.server.ServerIdTest" time="0.603"/>
  <testcase name="doTest[48]" classname="org.apache.zookeeper.server.ServerIdTest" time="0.545"/>
  <testcase name="doTest[49]" classname="org.apache.zookeeper.server.ServerIdTest" time="0.583"/>
  <testcase name="doTest[50]" classname="org.apache.zookeeper.server.ServerIdTest" time="0.605"/>
  <testcase name="doTest[51]" classname="org.apache.zookeeper.server.ServerIdTest" time="0.615"/>
  <testcase name="doTest[52]" classname="org.apache.zookeeper.server.ServerIdTest" time="0.5"/>
  <testcase name="doTest[53]" classname="org.apache.zookeeper.server.ServerIdTest" time="0.575"/>
  <testcase name="doTest[54]" classname="org.apache.zookeeper.server.ServerIdTest" time="0.521"/>
  <testcase name="doTest[55]" classname="org.apache.zookeeper.server.ServerIdTest" time="0.498"/>
  <testcase name="doTest[56]" classname="org.apache.zookeeper.server.ServerIdTest" time="0.521"/>
  <testcase name="doTest[57]" classname="org.apache.zookeeper.server.ServerIdTest" time="0.52"/>
  <testcase name="doTest[58]" classname="org.apache.zookeeper.server.ServerIdTest" time="0.563"/>
  <testcase name="doTest[59]" classname="org.apache.zookeeper.server.ServerIdTest" time="0.55"/>
  <testcase name="doTest[60]" classname="org.apache.zookeeper.server.ServerIdTest" time="0.581"/>
  <testcase name="doTest[61]" classname="org.apache.zookeeper.server.ServerIdTest" time="0.502"/>
  <testcase name="doTest[62]" classname="org.apache.zookeeper.server.ServerIdTest" time="0.502"/>
  <testcase name="doTest[63]" classname="org.apache.zookeeper.server.ServerIdTest" time="0.569"/>
  <testcase name="doTest[64]" classname="org.apache.zookeeper.server.ServerIdTest" time="0.503"/>
  <testcase name="doTest[65]" classname="org.apache.zookeeper.server.ServerIdTest" time="0.608"/>
  <testcase name="doTest[66]" classname="org.apache.zookeeper.server.ServerIdTest" time="0.496"/>
  <testcase name="doTest[67]" classname="org.apache.zookeeper.server.ServerIdTest" time="0.526"/>
  <testcase name="doTest[68]" classname="org.apache.zookeeper.server.ServerIdTest" time="0.483"/>
  <testcase name="doTest[69]" classname="org.apache.zookeeper.server.ServerIdTest" time="0.519"/>
  <testcase name="doTest[70]" classname="org.apache.zookeeper.server.ServerIdTest" time="0.47"/>
  <testcase name="doTest[71]" classname="org.apache.zookeeper.server.ServerIdTest" time="0.922"/>
  <testcase name="doTest[72]" classname="org.apache.zookeeper.server.ServerIdTest" time="1.182"/>
  <testcase name="doTest[73]" classname="org.apache.zookeeper.server.ServerIdTest" time="1.095"/>
  <testcase name="doTest[74]" classname="org.apache.zookeeper.server.ServerIdTest" time="1.099"/>
  <testcase name="doTest[75]" classname="org.apache.zookeeper.server.ServerIdTest" time="1.047"/>
  <testcase name="doTest[76]" classname="org.apache.zookeeper.server.ServerIdTest" time="0.934"/>
  <testcase name="doTest[77]" classname="org.apache.zookeeper.server.ServerIdTest" time="1.072"/>
  <testcase name="doTest[78]" classname="org.apache.zookeeper.server.ServerIdTest" time="1.171"/>
  <testcase name="doTest[79]" classname="org.apache.zookeeper.server.ServerIdTest" time="1.167"/>
  <testcase name="doTest[80]" classname="org.apache.zookeeper.server.ServerIdTest" time="1.016"/>
  <testcase name="doTest[81]" classname="org.apache.zookeeper.server.ServerIdTest" time="1.234"/>
  <testcase name="doTest[82]" classname="org.apache.zookeeper.server.ServerIdTest" time="1.239"/>
  <testcase name="doTest[83]" classname="org.apache.zookeeper.server.ServerIdTest" time="0.496"/>
  <testcase name="doTest[84]" classname="org.apache.zookeeper.server.ServerIdTest" time="0.378"/>
  <testcase name="doTest[85]" classname="org.apache.zookeeper.server.ServerIdTest" time="0.413"/>
  <testcase name="doTest[86]" classname="org.apache.zookeeper.server.ServerIdTest" time="0.381"/>
  <testcase name="doTest[87]" classname="org.apache.zookeeper.server.ServerIdTest" time="0.411"/>
  <testcase name="doTest[88]" classname="org.apache.zookeeper.server.ServerIdTest" time="0.506"/>
  <testcase name="doTest[89]" classname="org.apache.zookeeper.server.ServerIdTest" time="0.577"/>
  <testcase name="doTest[90]" classname="org.apache.zookeeper.server.ServerIdTest" time="1.065"/>
  <testcase name="doTest[91]" classname="org.apache.zookeeper.server.ServerIdTest" time="1.025"/>
  <testcase name="doTest[92]" classname="org.apache.zookeeper.server.ServerIdTest" time="1.009"/>
  <testcase name="doTest[93]" classname="org.apache.zookeeper.server.ServerIdTest" time="1.053"/>
  <testcase name="doTest[94]" classname="org.apache.zookeeper.server.ServerIdTest" time="1.122"/>
  <testcase name="doTest[95]" classname="org.apache.zookeeper.server.ServerIdTest" time="1.034"/>
  <testcase name="doTest[96]" classname="org.apache.zookeeper.server.ServerIdTest" time="1.043"/>
  <testcase name="doTest[97]" classname="org.apache.zookeeper.server.ServerIdTest" time="0.947"/>
  <testcase name="doTest[98]" classname="org.apache.zookeeper.server.ServerIdTest" time="1.192"/>
  <testcase name="doTest[99]" classname="org.apache.zookeeper.server.ServerIdTest" time="0.952"/>
  <testcase name="doTest[100]" classname="org.apache.zookeeper.server.ServerIdTest" time="1.065"/>
  <testcase name="doTest[101]" classname="org.apache.zookeeper.server.ServerIdTest" time="0.921"/>
  <testcase name="doTest[102]" classname="org.apache.zookeeper.server.ServerIdTest" time="0.955"/>
  <testcase name="doTest[103]" classname="org.apache.zookeeper.server.ServerIdTest" time="0.781"/>
  <testcase name="doTest[104]" classname="org.apache.zookeeper.server.ServerIdTest" time="1.135"/>
  <testcase name="doTest[105]" classname="org.apache.zookeeper.server.ServerIdTest" time="0.965"/>
  <testcase name="doTest[106]" classname="org.apache.zookeeper.server.ServerIdTest" time="1.042"/>
  <testcase name="doTest[107]" classname="org.apache.zookeeper.server.ServerIdTest" time="1.03"/>
  <testcase name="doTest[108]" classname="org.apache.zookeeper.server.ServerIdTest" time="1.086"/>
  <testcase name="doTest[109]" classname="org.apache.zookeeper.server.ServerIdTest" time="0.921"/>
  <testcase name="doTest[110]" classname="org.apache.zookeeper.server.ServerIdTest" time="0.979"/>
  <testcase name="doTest[111]" classname="org.apache.zookeeper.server.ServerIdTest" time="1.094"/>
  <testcase name="doTest[112]" classname="org.apache.zookeeper.server.ServerIdTest" time="1.044"/>
  <testcase name="doTest[113]" classname="org.apache.zookeeper.server.ServerIdTest" time="1.16"/>
  <testcase name="doTest[114]" classname="org.apache.zookeeper.server.ServerIdTest" time="1.046"/>
  <testcase name="doTest[115]" classname="org.apache.zookeeper.server.ServerIdTest" time="0.993"/>
  <testcase name="doTest[116]" classname="org.apache.zookeeper.server.ServerIdTest" time="1.107"/>
  <testcase name="doTest[117]" classname="org.apache.zookeeper.server.ServerIdTest" time="1.099"/>
  <testcase name="doTest[118]" classname="org.apache.zookeeper.server.ServerIdTest" time="1.444"/>
  <testcase name="doTest[119]" classname="org.apache.zookeeper.server.ServerIdTest" time="1.152"/>
  <testcase name="doTest[120]" classname="org.apache.zookeeper.server.ServerIdTest" time="1.309"/>
  <testcase name="doTest[121]" classname="org.apache.zookeeper.server.ServerIdTest" time="1.336"/>
  <testcase name="doTest[122]" classname="org.apache.zookeeper.server.ServerIdTest" time="1.294"/>
  <testcase name="doTest[123]" classname="org.apache.zookeeper.server.ServerIdTest" time="1.367"/>
  <testcase name="doTest[124]" classname="org.apache.zookeeper.server.ServerIdTest" time="1.152"/>
  <testcase name="doTest[125]" classname="org.apache.zookeeper.server.ServerIdTest" time="1.445"/>
  <testcase name="doTest[126]" classname="org.apache.zookeeper.server.ServerIdTest" time="1.416"/>
  <testcase name="doTest[127]" classname="org.apache.zookeeper.server.ServerIdTest" time="1.332"/>
  <testcase name="doTest[128]" classname="org.apache.zookeeper.server.ServerIdTest" time="1.068"/>
  <testcase name="doTest[129]" classname="org.apache.zookeeper.server.ServerIdTest" time="1.481"/>
  <testcase name="doTest[130]" classname="org.apache.zookeeper.server.ServerIdTest" time="1.48"/>
  <testcase name="doTest[131]" classname="org.apache.zookeeper.server.ServerIdTest" time="1.405"/>
  <testcase name="doTest[132]" classname="org.apache.zookeeper.server.ServerIdTest" time="1.439"/>
  <testcase name="doTest[133]" classname="org.apache.zookeeper.server.ServerIdTest" time="1.411"/>
  <testcase name="doTest[134]" classname="org.apache.zookeeper.server.ServerIdTest" time="1.338"/>
  <testcase name="doTest[135]" classname="org.apache.zookeeper.server.ServerIdTest" time="1.476"/>
  <testcase name="doTest[136]" classname="org.apache.zookeeper.server.ServerIdTest" time="1.399"/>
  <testcase name="doTest[137]" classname="org.apache.zookeeper.server.ServerIdTest" time="1.446"/>
  <testcase name="doTest[138]" classname="org.apache.zookeeper.server.ServerIdTest" time="1.247"/>
  <testcase name="doTest[139]" classname="org.apache.zookeeper.server.ServerIdTest" time="1.454"/>
  <testcase name="doTest[140]" classname="org.apache.zookeeper.server.ServerIdTest" time="1.476"/>
  <testcase name="doTest[141]" classname="org.apache.zookeeper.server.ServerIdTest" time="1.291"/>
  <testcase name="doTest[142]" classname="org.apache.zookeeper.server.ServerIdTest" time="1.382"/>
  <testcase name="doTest[143]" classname="org.apache.zookeeper.server.ServerIdTest" time="1.436"/>
  <testcase name="doTest[144]" classname="org.apache.zookeeper.server.ServerIdTest" time="1.457"/>
  <testcase name="doTest[145]" classname="org.apache.zookeeper.server.ServerIdTest" time="1.435"/>
  <testcase name="doTest[146]" classname="org.apache.zookeeper.server.ServerIdTest" time="1.498"/>
  <testcase name="doTest[147]" classname="org.apache.zookeeper.server.ServerIdTest" time="1.369"/>
  <testcase name="doTest[148]" classname="org.apache.zookeeper.server.ServerIdTest" time="1.457"/>
  <testcase name="doTest[149]" classname="org.apache.zookeeper.server.ServerIdTest" time="1.388"/>
  <testcase name="doTest[150]" classname="org.apache.zookeeper.server.ServerIdTest" time="1.355"/>
  <testcase name="doTest[151]" classname="org.apache.zookeeper.server.ServerIdTest" time="1.427"/>
  <testcase name="doTest[152]" classname="org.apache.zookeeper.server.ServerIdTest" time="1.462"/>
  <testcase name="doTest[153]" classname="org.apache.zookeeper.server.ServerIdTest" time="1.503"/>
  <testcase name="doTest[154]" classname="org.apache.zookeeper.server.ServerIdTest" time="1.244"/>
  <testcase name="doTest[155]" classname="org.apache.zookeeper.server.ServerIdTest" time="1.458"/>
  <testcase name="doTest[156]" classname="org.apache.zookeeper.server.ServerIdTest" time="1.412"/>
  <testcase name="doTest[157]" classname="org.apache.zookeeper.server.ServerIdTest" time="1.276"/>
  <testcase name="doTest[158]" classname="org.apache.zookeeper.server.ServerIdTest" time="1.498"/>
  <testcase name="doTest[159]" classname="org.apache.zookeeper.server.ServerIdTest" time="1.295"/>
  <testcase name="doTest[160]" classname="org.apache.zookeeper.server.ServerIdTest" time="1.362"/>
  <testcase name="doTest[161]" classname="org.apache.zookeeper.server.ServerIdTest" time="1.217"/>
  <testcase name="doTest[162]" classname="org.apache.zookeeper.server.ServerIdTest" time="1.414"/>
  <testcase name="doTest[163]" classname="org.apache.zookeeper.server.ServerIdTest" time="1.439"/>
  <testcase name="doTest[164]" classname="org.apache.zookeeper.server.ServerIdTest" time="1.42"/>
  <testcase name="doTest[165]" classname="org.apache.zookeeper.server.ServerIdTest" time="1.36"/>
  <testcase name="doTest[166]" classname="org.apache.zookeeper.server.ServerIdTest" time="1.316"/>
  <testcase name="doTest[167]" classname="org.apache.zookeeper.server.ServerIdTest" time="1.392"/>
  <testcase name="doTest[168]" classname="org.apache.zookeeper.server.ServerIdTest" time="1.45"/>
  <testcase name="doTest[169]" classname="org.apache.zookeeper.server.ServerIdTest" time="1.253"/>
  <testcase name="doTest[170]" classname="org.apache.zookeeper.server.ServerIdTest" time="1.32"/>
  <testcase name="doTest[171]" classname="org.apache.zookeeper.server.ServerIdTest" time="1.366"/>
  <testcase name="doTest[172]" classname="org.apache.zookeeper.server.ServerIdTest" time="1.043"/>
  <testcase name="doTest[173]" classname="org.apache.zookeeper.server.ServerIdTest" time="1.401"/>
  <testcase name="doTest[174]" classname="org.apache.zookeeper.server.ServerIdTest" time="1.344"/>
  <testcase name="doTest[175]" classname="org.apache.zookeeper.server.ServerIdTest" time="1.448"/>
  <testcase name="doTest[176]" classname="org.apache.zookeeper.server.ServerIdTest" time="1.337"/>
  <testcase name="doTest[177]" classname="org.apache.zookeeper.server.ServerIdTest" time="1.375"/>
  <testcase name="doTest[178]" classname="org.apache.zookeeper.server.ServerIdTest" time="1.499"/>
  <testcase name="doTest[179]" classname="org.apache.zookeeper.server.ServerIdTest" time="1.248"/>
  <testcase name="doTest[180]" classname="org.apache.zookeeper.server.ServerIdTest" time="1.313"/>
  <testcase name="doTest[181]" classname="org.apache.zookeeper.server.ServerIdTest" time="1.41"/>
  <testcase name="doTest[182]" classname="org.apache.zookeeper.server.ServerIdTest" time="1.378"/>
  <testcase name="doTest[183]" classname="org.apache.zookeeper.server.ServerIdTest" time="1.47"/>
  <testcase name="doTest[184]" classname="org.apache.zookeeper.server.ServerIdTest" time="1.241"/>
  <testcase name="doTest[185]" classname="org.apache.zookeeper.server.ServerIdTest" time="1.405"/>
  <testcase name="doTest[186]" classname="org.apache.zookeeper.server.ServerIdTest" time="1.342"/>
  <testcase name="doTest[187]" classname="org.apache.zookeeper.server.ServerIdTest" time="1.383"/>
  <testcase name="doTest[188]" classname="org.apache.zookeeper.server.ServerIdTest" time="1.265"/>
  <testcase name="doTest[189]" classname="org.apache.zookeeper.server.ServerIdTest" time="1.326"/>
  <testcase name="doTest[190]" classname="org.apache.zookeeper.server.ServerIdTest" time="1.539"/>
  <testcase name="doTest[191]" classname="org.apache.zookeeper.server.ServerIdTest" time="1.276"/>
  <testcase name="doTest[192]" classname="org.apache.zookeeper.server.ServerIdTest" time="1.416"/>
  <testcase name="doTest[193]" classname="org.apache.zookeeper.server.ServerIdTest" time="1.406"/>
  <testcase name="doTest[194]" classname="org.apache.zookeeper.server.ServerIdTest" time="1.501"/>
  <testcase name="doTest[195]" classname="org.apache.zookeeper.server.ServerIdTest" time="1.366"/>
  <testcase name="doTest[196]" classname="org.apache.zookeeper.server.ServerIdTest" time="1.4"/>
  <testcase name="doTest[197]" classname="org.apache.zookeeper.server.ServerIdTest" time="1.485"/>
  <testcase name="doTest[198]" classname="org.apache.zookeeper.server.ServerIdTest" time="1.226"/>
  <testcase name="doTest[199]" classname="org.apache.zookeeper.server.ServerIdTest" time="1.287"/>
  <testcase name="doTest[200]" classname="org.apache.zookeeper.server.ServerIdTest" time="1.223"/>
  <testcase name="doTest[201]" classname="org.apache.zookeeper.server.ServerIdTest" time="1.679"/>
  <testcase name="doTest[202]" classname="org.apache.zookeeper.server.ServerIdTest" time="1.418"/>
  <testcase name="doTest[203]" classname="org.apache.zookeeper.server.ServerIdTest" time="1.38"/>
  <testcase name="doTest[204]" classname="org.apache.zookeeper.server.ServerIdTest" time="1.568"/>
  <testcase name="doTest[205]" classname="org.apache.zookeeper.server.ServerIdTest" time="1.313"/>
  <testcase name="doTest[206]" classname="org.apache.zookeeper.server.ServerIdTest" time="1.408"/>
  <testcase name="doTest[207]" classname="org.apache.zookeeper.server.ServerIdTest" time="1.402"/>
  <testcase name="doTest[208]" classname="org.apache.zookeeper.server.ServerIdTest" time="1.278"/>
  <testcase name="doTest[209]" classname="org.apache.zookeeper.server.ServerIdTest" time="1.301"/>
  <testcase name="doTest[210]" classname="org.apache.zookeeper.server.ServerIdTest" time="1.391"/>
  <testcase name="doTest[211]" classname="org.apache.zookeeper.server.ServerIdTest" time="1.463"/>
  <testcase name="doTest[212]" classname="org.apache.zookeeper.server.ServerIdTest" time="1.425"/>
  <testcase name="doTest[213]" classname="org.apache.zookeeper.server.ServerIdTest" time="1.407"/>
  <testcase name="doTest[214]" classname="org.apache.zookeeper.server.ServerIdTest" time="0.913"/>
  <testcase name="doTest[215]" classname="org.apache.zookeeper.server.ServerIdTest" time="1.534"/>
  <testcase name="doTest[216]" classname="org.apache.zookeeper.server.ServerIdTest" time="1.265"/>
  <testcase name="doTest[217]" classname="org.apache.zookeeper.server.ServerIdTest" time="1.438"/>
  <testcase name="doTest[218]" classname="org.apache.zookeeper.server.ServerIdTest" time="1.286"/>
  <testcase name="doTest[219]" classname="org.apache.zookeeper.server.ServerIdTest" time="1.428"/>
  <testcase name="doTest[220]" classname="org.apache.zookeeper.server.ServerIdTest" time="1.404"/>
  <testcase name="doTest[221]" classname="org.apache.zookeeper.server.ServerIdTest" time="1.403"/>
  <testcase name="doTest[222]" classname="org.apache.zookeeper.server.ServerIdTest" time="1.262"/>
  <testcase name="doTest[223]" classname="org.apache.zookeeper.server.ServerIdTest" time="1.27"/>
  <testcase name="doTest[224]" classname="org.apache.zookeeper.server.ServerIdTest" time="1.434"/>
  <testcase name="doTest[225]" classname="org.apache.zookeeper.server.ServerIdTest" time="1.423"/>
  <testcase name="doTest[226]" classname="org.apache.zookeeper.server.ServerIdTest" time="1.28"/>
  <testcase name="doTest[227]" classname="org.apache.zookeeper.server.ServerIdTest" time="1.474"/>
  <testcase name="doTest[228]" classname="org.apache.zookeeper.server.ServerIdTest" time="1.266"/>
  <testcase name="doTest[229]" classname="org.apache.zookeeper.server.ServerIdTest" time="1.325"/>
  <testcase name="doTest[230]" classname="org.apache.zookeeper.server.ServerIdTest" time="1.35"/>
  <testcase name="doTest[231]" classname="org.apache.zookeeper.server.ServerIdTest" time="1.313"/>
  <testcase name="doTest[232]" classname="org.apache.zookeeper.server.ServerIdTest" time="1.311"/>
  <testcase name="doTest[233]" classname="org.apache.zookeeper.server.ServerIdTest" time="1.227"/>
  <testcase name="doTest[234]" classname="org.apache.zookeeper.server.ServerIdTest" time="1.244"/>
  <testcase name="doTest[235]" classname="org.apache.zookeeper.server.ServerIdTest" time="1.293"/>
  <testcase name="doTest[236]" classname="org.apache.zookeeper.server.ServerIdTest" time="1.605"/>
  <testcase name="doTest[237]" classname="org.apache.zookeeper.server.ServerIdTest" time="0.891"/>
  <testcase name="doTest[238]" classname="org.apache.zookeeper.server.ServerIdTest" time="1.43"/>
  <testcase name="doTest[239]" classname="org.apache.zookeeper.server.ServerIdTest" time="1.158"/>
  <testcase name="doTest[240]" classname="org.apache.zookeeper.server.ServerIdTest" time="1.208"/>
  <testcase name="doTest[241]" classname="org.apache.zookeeper.server.ServerIdTest" time="1.334"/>
  <testcase name="doTest[242]" classname="org.apache.zookeeper.server.ServerIdTest" time="1.314"/>
  <testcase name="doTest[243]" classname="org.apache.zookeeper.server.ServerIdTest" time="1.215"/>
  <testcase name="doTest[244]" classname="org.apache.zookeeper.server.ServerIdTest" time="1.243"/>
  <testcase name="doTest[245]" classname="org.apache.zookeeper.server.ServerIdTest" time="1.345"/>
  <testcase name="doTest[246]" classname="org.apache.zookeeper.server.ServerIdTest" time="1.344"/>
  <testcase name="doTest[247]" classname="org.apache.zookeeper.server.ServerIdTest" time="1.424"/>
  <testcase name="doTest[248]" classname="org.apache.zookeeper.server.ServerIdTest" time="1.362"/>
  <testcase name="doTest[249]" classname="org.apache.zookeeper.server.ServerIdTest" time="1.448"/>
  <testcase name="doTest[250]" classname="org.apache.zookeeper.server.ServerIdTest" time="1.26"/>
  <testcase name="doTest[251]" classname="org.apache.zookeeper.server.ServerIdTest" time="1.345"/>
  <testcase name="doTest[252]" classname="org.apache.zookeeper.server.ServerIdTest" time="1.293"/>
  <testcase name="doTest[253]" classname="org.apache.zookeeper.server.ServerIdTest" time="1.116"/>
  <testcase name="doTest[254]" classname="org.apache.zookeeper.server.ServerIdTest" time="0.42"/>
  <testcase name="doTest[255]" classname="org.apache.zookeeper.server.ServerIdTest" time="0.514"/>
  <testcase name="doTest[256]" classname="org.apache.zookeeper.server.ServerIdTest" time="1.118"/>
  <testcase name="doTest[257]" classname="org.apache.zookeeper.server.ServerIdTest" time="1.338"/>
  <testcase name="doTest[258]" classname="org.apache.zookeeper.server.ServerIdTest" time="1.323"/>
  <testcase name="doTest[259]" classname="org.apache.zookeeper.server.ServerIdTest" time="1.348"/>
  <testcase name="doTest[260]" classname="org.apache.zookeeper.server.ServerIdTest" time="1.41"/>
  <testcase name="doTest[261]" classname="org.apache.zookeeper.server.ServerIdTest" time="0.717"/>
  <testcase name="doTest[262]" classname="org.apache.zookeeper.server.ServerIdTest" time="1.44"/>
  <testcase name="doTest[263]" classname="org.apache.zookeeper.server.ServerIdTest" time="1.4"/>
  <testcase name="doTest[264]" classname="org.apache.zookeeper.server.ServerIdTest" time="1.415"/>
  <testcase name="doTest[265]" classname="org.apache.zookeeper.server.ServerIdTest" time="1.391"/>
  <testcase name="doTest[266]" classname="org.apache.zookeeper.server.ServerIdTest" time="1.334"/>
  <testcase name="doTest[267]" classname="org.apache.zookeeper.server.ServerIdTest" time="1.284"/>
  <testcase name="doTest[268]" classname="org.apache.zookeeper.server.ServerIdTest" time="1.368"/>
  <testcase name="doTest[269]" classname="org.apache.zookeeper.server.ServerIdTest" time="1.195"/>
  <testcase name="doTest[270]" classname="org.apache.zookeeper.server.ServerIdTest" time="1.12"/>
  <testcase name="doTest[271]" classname="org.apache.zookeeper.server.ServerIdTest" time="0.976"/>
  <testcase name="doTest[272]" classname="org.apache.zookeeper.server.ServerIdTest" time="1.046"/>
  <testcase name="doTest[273]" classname="org.apache.zookeeper.server.ServerIdTest" time="1.305"/>
  <testcase name="doTest[274]" classname="org.apache.zookeeper.server.ServerIdTest" time="1.008"/>
  <testcase name="doTest[275]" classname="org.apache.zookeeper.server.ServerIdTest" time="1.006"/>
  <testcase name="doTest[276]" classname="org.apache.zookeeper.server.ServerIdTest" time="1.123"/>
  <testcase name="doTest[277]" classname="org.apache.zookeeper.server.ServerIdTest" time="1.097"/>
  <testcase name="doTest[278]" classname="org.apache.zookeeper.server.ServerIdTest" time="1.121"/>
  <testcase name="doTest[279]" classname="org.apache.zookeeper.server.ServerIdTest" time="1.294"/>
  <testcase name="doTest[280]" classname="org.apache.zookeeper.server.ServerIdTest" time="1.201"/>
  <testcase name="doTest[281]" classname="org.apache.zookeeper.server.ServerIdTest" time="1.274"/>
  <testcase name="doTest[282]" classname="org.apache.zookeeper.server.ServerIdTest" time="1.065"/>
  <testcase name="doTest[283]" classname="org.apache.zookeeper.server.ServerIdTest" time="0.973"/>
  <testcase name="doTest[284]" classname="org.apache.zookeeper.server.ServerIdTest" time="0.988"/>
  <testcase name="doTest[285]" classname="org.apache.zookeeper.server.ServerIdTest" time="0.609"/>
  <testcase name="doTest[286]" classname="org.apache.zookeeper.server.ServerIdTest" time="0.604"/>
  <testcase name="doTest[287]" classname="org.apache.zookeeper.server.ServerIdTest" time="0.899"/>
  <testcase name="doTest[288]" classname="org.apache.zookeeper.server.ServerIdTest" time="1.445"/>
  <testcase name="doTest[289]" classname="org.apache.zookeeper.server.ServerIdTest" time="1.542"/>
  <testcase name="doTest[290]" classname="org.apache.zookeeper.server.ServerIdTest" time="1.495"/>
  <testcase name="doTest[291]" classname="org.apache.zookeeper.server.ServerIdTest" time="1.114"/>
  <testcase name="doTest[292]" classname="org.apache.zookeeper.server.ServerIdTest" time="1.269"/>
  <testcase name="doTest[293]" classname="org.apache.zookeeper.server.ServerIdTest" time="1.001"/>
  <testcase name="doTest[294]" classname="org.apache.zookeeper.server.ServerIdTest" time="1.052"/>
  <testcase name="doTest[295]" classname="org.apache.zookeeper.server.ServerIdTest" time="1.02"/>
  <testcase name="doTest[296]" classname="org.apache.zookeeper.server.ServerIdTest" time="1.286"/>
  <testcase name="doTest[297]" classname="org.apache.zookeeper.server.ServerIdTest" time="1.06"/>
  <testcase name="doTest[298]" classname="org.apache.zookeeper.server.ServerIdTest" time="0.959"/>
  <testcase name="doTest[299]" classname="org.apache.zookeeper.server.ServerIdTest" time="1.327"/>
  <testcase name="doTest[300]" classname="org.apache.zookeeper.server.ServerIdTest" time="1.074"/>
  <testcase name="doTest[301]" classname="org.apache.zookeeper.server.ServerIdTest" time="0.997"/>
  <testcase name="doTest[302]" classname="org.apache.zookeeper.server.ServerIdTest" time="1.113"/>
  <testcase name="doTest[303]" classname="org.apache.zookeeper.server.ServerIdTest" time="1.004"/>
  <testcase name="doTest[304]" classname="org.apache.zookeeper.server.ServerIdTest" time="1.151"/>
  <testcase name="doTest[305]" classname="org.apache.zookeeper.server.ServerIdTest" time="0.904"/>
  <testcase name="doTest[306]" classname="org.apache.zookeeper.server.ServerIdTest" time="0.99"/>
  <testcase name="doTest[307]" classname="org.apache.zookeeper.server.ServerIdTest" time="1.146"/>
  <testcase name="doTest[308]" classname="org.apache.zookeeper.server.ServerIdTest" time="0.917"/>
  <testcase name="doTest[309]" classname="org.apache.zookeeper.server.ServerIdTest" time="1.304"/>
  <testcase name="doTest[310]" classname="org.apache.zookeeper.server.ServerIdTest" time="1.167"/>
  <testcase name="doTest[311]" classname="org.apache.zookeeper.server.ServerIdTest" time="0.939"/>
  <testcase name="doTest[312]" classname="org.apache.zookeeper.server.ServerIdTest" time="1.021"/>
  <testcase name="doTest[313]" classname="org.apache.zookeeper.server.ServerIdTest" time="1.087"/>
  <testcase name="doTest[314]" classname="org.apache.zookeeper.server.ServerIdTest" time="1.014"/>
  <testcase name="doTest[315]" classname="org.apache.zookeeper.server.ServerIdTest" time="0.793"/>
  <testcase name="doTest[316]" classname="org.apache.zookeeper.server.ServerIdTest" time="0.637"/>
  <testcase name="doTest[317]" classname="org.apache.zookeeper.server.ServerIdTest" time="0.986"/>
  <testcase name="doTest[318]" classname="org.apache.zookeeper.server.ServerIdTest" time="1.078"/>
  <testcase name="doTest[319]" classname="org.apache.zookeeper.server.ServerIdTest" time="1.163"/>
  <testcase name="doTest[320]" classname="org.apache.zookeeper.server.ServerIdTest" time="1.066"/>
  <testcase name="doTest[321]" classname="org.apache.zookeeper.server.ServerIdTest" time="0.976"/>
  <testcase name="doTest[322]" classname="org.apache.zookeeper.server.ServerIdTest" time="1.01"/>
  <testcase name="doTest[323]" classname="org.apache.zookeeper.server.ServerIdTest" time="0.841"/>
  <testcase name="doTest[324]" classname="org.apache.zookeeper.server.ServerIdTest" time="0.967"/>
  <testcase name="doTest[325]" classname="org.apache.zookeeper.server.ServerIdTest" time="1.061"/>
  <testcase name="doTest[326]" classname="org.apache.zookeeper.server.ServerIdTest" time="1.233"/>
  <testcase name="doTest[327]" classname="org.apache.zookeeper.server.ServerIdTest" time="1.024"/>
  <testcase name="doTest[328]" classname="org.apache.zookeeper.server.ServerIdTest" time="1.008"/>
  <testcase name="doTest[329]" classname="org.apache.zookeeper.server.ServerIdTest" time="0.972"/>
  <testcase name="doTest[330]" classname="org.apache.zookeeper.server.ServerIdTest" time="0.958"/>
  <testcase name="doTest[331]" classname="org.apache.zookeeper.server.ServerIdTest" time="1.041"/>
  <testcase name="doTest[332]" classname="org.apache.zookeeper.server.ServerIdTest" time="0.975"/>
  <testcase name="doTest[333]" classname="org.apache.zookeeper.server.ServerIdTest" time="1.065"/>
  <testcase name="doTest[334]" classname="org.apache.zookeeper.server.ServerIdTest" time="1.033"/>
  <testcase name="doTest[335]" classname="org.apache.zookeeper.server.ServerIdTest" time="1.003"/>
  <testcase name="doTest[336]" classname="org.apache.zookeeper.server.ServerIdTest" time="1.06"/>
  <testcase name="doTest[337]" classname="org.apache.zookeeper.server.ServerIdTest" time="1.154"/>
  <testcase name="doTest[338]" classname="org.apache.zookeeper.server.ServerIdTest" time="1.073"/>
  <testcase name="doTest[339]" classname="org.apache.zookeeper.server.ServerIdTest" time="1.12"/>
  <testcase name="doTest[340]" classname="org.apache.zookeeper.server.ServerIdTest" time="1.091"/>
  <testcase name="doTest[341]" classname="org.apache.zookeeper.server.ServerIdTest" time="0.908"/>
  <testcase name="doTest[342]" classname="org.apache.zookeeper.server.ServerIdTest" time="1.23"/>
  <testcase name="doTest[343]" classname="org.apache.zookeeper.server.ServerIdTest" time="0.765"/>
  <testcase name="doTest[344]" classname="org.apache.zookeeper.server.ServerIdTest" time="0.818"/>
  <testcase name="doTest[345]" classname="org.apache.zookeeper.server.ServerIdTest" time="1.005"/>
  <testcase name="doTest[346]" classname="org.apache.zookeeper.server.ServerIdTest" time="1.145"/>
  <testcase name="doTest[347]" classname="org.apache.zookeeper.server.ServerIdTest" time="1.071"/>
  <testcase name="doTest[348]" classname="org.apache.zookeeper.server.ServerIdTest" time="1.194"/>
  <testcase name="doTest[349]" classname="org.apache.zookeeper.server.ServerIdTest" time="0.991"/>
  <testcase name="doTest[350]" classname="org.apache.zookeeper.server.ServerIdTest" time="1.004"/>
  <testcase name="doTest[351]" classname="org.apache.zookeeper.server.ServerIdTest" time="1.005"/>
  <testcase name="doTest[352]" classname="org.apache.zookeeper.server.ServerIdTest" time="1.04"/>
  <testcase name="doTest[353]" classname="org.apache.zookeeper.server.ServerIdTest" time="1.142"/>
  <testcase name="doTest[354]" classname="org.apache.zookeeper.server.ServerIdTest" time="1.083"/>
  <testcase name="doTest[355]" classname="org.apache.zookeeper.server.ServerIdTest" time="1.018"/>
  <testcase name="doTest[356]" classname="org.apache.zookeeper.server.ServerIdTest" time="1.033"/>
  <testcase name="doTest[357]" classname="org.apache.zookeeper.server.ServerIdTest" time="1.059"/>
  <testcase name="doTest[358]" classname="org.apache.zookeeper.server.ServerIdTest" time="1.081"/>
  <testcase name="doTest[359]" classname="org.apache.zookeeper.server.ServerIdTest" time="1.016"/>
  <testcase name="doTest[360]" classname="org.apache.zookeeper.server.ServerIdTest" time="0.976"/>
  <testcase name="doTest[361]" classname="org.apache.zookeeper.server.ServerIdTest" time="1.05"/>
  <testcase name="doTest[362]" classname="org.apache.zookeeper.server.ServerIdTest" time="1.321"/>
  <testcase name="doTest[363]" classname="org.apache.zookeeper.server.ServerIdTest" time="1.012"/>
  <testcase name="doTest[364]" classname="org.apache.zookeeper.server.ServerIdTest" time="1.134"/>
  <testcase name="doTest[365]" classname="org.apache.zookeeper.server.ServerIdTest" time="1.172"/>
  <testcase name="doTest[366]" classname="org.apache.zookeeper.server.ServerIdTest" time="1.186"/>
  <testcase name="doTest[367]" classname="org.apache.zookeeper.server.ServerIdTest" time="1.041"/>
  <testcase name="doTest[368]" classname="org.apache.zookeeper.server.ServerIdTest" time="0.849"/>
  <testcase name="doTest[369]" classname="org.apache.zookeeper.server.ServerIdTest" time="1.152"/>
  <testcase name="doTest[370]" classname="org.apache.zookeeper.server.ServerIdTest" time="1.043"/>
  <testcase name="doTest[371]" classname="org.apache.zookeeper.server.ServerIdTest" time="0.974"/>
  <testcase name="doTest[372]" classname="org.apache.zookeeper.server.ServerIdTest" time="1.001"/>
  <testcase name="doTest[373]" classname="org.apache.zookeeper.server.ServerIdTest" time="0.664"/>
  <testcase name="doTest[374]" classname="org.apache.zookeeper.server.ServerIdTest" time="1.058"/>
  <testcase name="doTest[375]" classname="org.apache.zookeeper.server.ServerIdTest" time="1.058"/>
  <testcase name="doTest[376]" classname="org.apache.zookeeper.server.ServerIdTest" time="1.026"/>
  <testcase name="doTest[377]" classname="org.apache.zookeeper.server.ServerIdTest" time="1.143"/>
  <testcase name="doTest[378]" classname="org.apache.zookeeper.server.ServerIdTest" time="1.105"/>
  <testcase name="doTest[379]" classname="org.apache.zookeeper.server.ServerIdTest" time="0.903"/>
  <testcase name="doTest[380]" classname="org.apache.zookeeper.server.ServerIdTest" time="0.986"/>
  <testcase name="doTest[381]" classname="org.apache.zookeeper.server.ServerIdTest" time="0.944"/>
  <testcase name="doTest[382]" classname="org.apache.zookeeper.server.ServerIdTest" time="0.994"/>
  <testcase name="doTest[383]" classname="org.apache.zookeeper.server.ServerIdTest" time="0.971"/>
  <testcase name="doTest[384]" classname="org.apache.zookeeper.server.ServerIdTest" time="1.002"/>
  <testcase name="doTest[385]" classname="org.apache.zookeeper.server.ServerIdTest" time="1.016"/>
  <testcase name="doTest[386]" classname="org.apache.zookeeper.server.ServerIdTest" time="0.927"/>
  <testcase name="doTest[387]" classname="org.apache.zookeeper.server.ServerIdTest" time="1.088"/>
  <testcase name="doTest[388]" classname="org.apache.zookeeper.server.ServerIdTest" time="0.884"/>
  <testcase name="doTest[389]" classname="org.apache.zookeeper.server.ServerIdTest" time="1.204"/>
  <testcase name="doTest[390]" classname="org.apache.zookeeper.server.ServerIdTest" time="0.927"/>
  <testcase name="doTest[391]" classname="org.apache.zookeeper.server.ServerIdTest" time="0.979"/>
  <testcase name="doTest[392]" classname="org.apache.zookeeper.server.ServerIdTest" time="1.061"/>
  <testcase name="doTest[393]" classname="org.apache.zookeeper.server.ServerIdTest" time="1.074"/>
  <testcase name="doTest[394]" classname="org.apache.zookeeper.server.ServerIdTest" time="0.898"/>
  <testcase name="doTest[395]" classname="org.apache.zookeeper.server.ServerIdTest" time="1.072"/>
  <testcase name="doTest[396]" classname="org.apache.zookeeper.server.ServerIdTest" time="0.92"/>
  <testcase name="doTest[397]" classname="org.apache.zookeeper.server.ServerIdTest" time="1.054"/>
  <testcase name="doTest[398]" classname="org.apache.zookeeper.server.ServerIdTest" time="1.215"/>
  <testcase name="doTest[399]" classname="org.apache.zookeeper.server.ServerIdTest" time="0.887"/>
  <testcase name="doTest[400]" classname="org.apache.zookeeper.server.ServerIdTest" time="1.137"/>
  <testcase name="doTest[401]" classname="org.apache.zookeeper.server.ServerIdTest" time="1.137"/>
  <testcase name="doTest[402]" classname="org.apache.zookeeper.server.ServerIdTest" time="1.195"/>
  <testcase name="doTest[403]" classname="org.apache.zookeeper.server.ServerIdTest" time="1.242"/>
  <testcase name="doTest[404]" classname="org.apache.zookeeper.server.ServerIdTest" time="0.969"/>
  <testcase name="doTest[405]" classname="org.apache.zookeeper.server.ServerIdTest" time="0.994"/>
  <testcase name="doTest[406]" classname="org.apache.zookeeper.server.ServerIdTest" time="1.068"/>
  <testcase name="doTest[407]" classname="org.apache.zookeeper.server.ServerIdTest" time="0.511"/>
  <testcase name="doTest[408]" classname="org.apache.zookeeper.server.ServerIdTest" time="0.653"/>
  <testcase name="doTest[409]" classname="org.apache.zookeeper.server.ServerIdTest" time="0.543"/>
  <testcase name="doTest[410]" classname="org.apache.zookeeper.server.ServerIdTest" time="0.579"/>
  <testcase name="doTest[411]" classname="org.apache.zookeeper.server.ServerIdTest" time="0.438"/>
  <testcase name="doTest[412]" classname="org.apache.zookeeper.server.ServerIdTest" time="0.509"/>
  <testcase name="doTest[413]" classname="org.apache.zookeeper.server.ServerIdTest" time="0.528"/>
  <testcase name="doTest[414]" classname="org.apache.zookeeper.server.ServerIdTest" time="0.614"/>
  <testcase name="doTest[415]" classname="org.apache.zookeeper.server.ServerIdTest" time="0.457"/>
  <testcase name="doTest[416]" classname="org.apache.zookeeper.server.ServerIdTest" time="0.602"/>
  <testcase name="doTest[417]" classname="org.apache.zookeeper.server.ServerIdTest" time="0.544"/>
  <testcase name="doTest[418]" classname="org.apache.zookeeper.server.ServerIdTest" time="0.552"/>
  <testcase name="doTest[419]" classname="org.apache.zookeeper.server.ServerIdTest" time="1.034"/>
  <testcase name="doTest[420]" classname="org.apache.zookeeper.server.ServerIdTest" time="0.765"/>
  <testcase name="doTest[421]" classname="org.apache.zookeeper.server.ServerIdTest" time="0.751"/>
  <testcase name="doTest[422]" classname="org.apache.zookeeper.server.ServerIdTest" time="1.376"/>
  <testcase name="doTest[423]" classname="org.apache.zookeeper.server.ServerIdTest" time="0.748"/>
  <testcase name="doTest[424]" classname="org.apache.zookeeper.server.ServerIdTest" time="0.43"/>
  <testcase name="doTest[425]" classname="org.apache.zookeeper.server.ServerIdTest" time="0.574"/>
  <testcase name="doTest[426]" classname="org.apache.zookeeper.server.ServerIdTest" time="0.589"/>
  <testcase name="doTest[427]" classname="org.apache.zookeeper.server.ServerIdTest" time="0.473"/>
  <testcase name="doTest[428]" classname="org.apache.zookeeper.server.ServerIdTest" time="0.849"/>
  <testcase name="doTest[429]" classname="org.apache.zookeeper.server.ServerIdTest" time="0.498"/>
  <testcase name="doTest[430]" classname="org.apache.zookeeper.server.ServerIdTest" time="0.93"/>
  <testcase name="doTest[431]" classname="org.apache.zookeeper.server.ServerIdTest" time="0.564"/>
  <testcase name="doTest[432]" classname="org.apache.zookeeper.server.ServerIdTest" time="0.75"/>
  <testcase name="doTest[433]" classname="org.apache.zookeeper.server.ServerIdTest" time="0.458"/>
  <testcase name="doTest[434]" classname="org.apache.zookeeper.server.ServerIdTest" time="0.513"/>
  <testcase name="doTest[435]" classname="org.apache.zookeeper.server.ServerIdTest" time="0.46"/>
  <testcase name="doTest[436]" classname="org.apache.zookeeper.server.ServerIdTest" time="0.497"/>
  <testcase name="doTest[437]" classname="org.apache.zookeeper.server.ServerIdTest" time="0.825"/>
  <testcase name="doTest[438]" classname="org.apache.zookeeper.server.ServerIdTest" time="0.465"/>
  <testcase name="doTest[439]" classname="org.apache.zookeeper.server.ServerIdTest" time="0.649"/>
  <testcase name="doTest[440]" classname="org.apache.zookeeper.server.ServerIdTest" time="0.832"/>
  <testcase name="doTest[441]" classname="org.apache.zookeeper.server.ServerIdTest" time="0.513"/>
  <testcase name="doTest[442]" classname="org.apache.zookeeper.server.ServerIdTest" time="0.858"/>
  <testcase name="doTest[443]" classname="org.apache.zookeeper.server.ServerIdTest" time="1.033"/>
  <testcase name="doTest[444]" classname="org.apache.zookeeper.server.ServerIdTest" time="0.452"/>
  <testcase name="doTest[445]" classname="org.apache.zookeeper.server.ServerIdTest" time="0.585"/>
  <testcase name="doTest[446]" classname="org.apache.zookeeper.server.ServerIdTest" time="0.538"/>
  <testcase name="doTest[447]" classname="org.apache.zookeeper.server.ServerIdTest" time="0.66"/>
  <testcase name="doTest[448]" classname="org.apache.zookeeper.server.ServerIdTest" time="0.453"/>
  <testcase name="doTest[449]" classname="org.apache.zookeeper.server.ServerIdTest" time="0.631"/>
  <testcase name="doTest[450]" classname="org.apache.zookeeper.server.ServerIdTest" time="0.615"/>
  <testcase name="doTest[451]" classname="org.apache.zookeeper.server.ServerIdTest" time="0.478"/>
  <testcase name="doTest[452]" classname="org.apache.zookeeper.server.ServerIdTest" time="0.824"/>
  <testcase name="doTest[453]" classname="org.apache.zookeeper.server.ServerIdTest" time="0.71"/>
  <testcase name="doTest[454]" classname="org.apache.zookeeper.server.ServerIdTest" time="0.938"/>
  <testcase name="doTest[455]" classname="org.apache.zookeeper.server.ServerIdTest" time="0.686"/>
  <testcase name="doTest[456]" classname="org.apache.zookeeper.server.ServerIdTest" time="0.642"/>
  <testcase name="doTest[457]" classname="org.apache.zookeeper.server.ServerIdTest" time="0.655"/>
  <testcase name="doTest[458]" classname="org.apache.zookeeper.server.ServerIdTest" time="0.595"/>
  <testcase name="doTest[459]" classname="org.apache.zookeeper.server.ServerIdTest" time="0.47"/>
  <testcase name="doTest[460]" classname="org.apache.zookeeper.server.ServerIdTest" time="0.611"/>
  <testcase name="doTest[461]" classname="org.apache.zookeeper.server.ServerIdTest" time="0.603"/>
  <testcase name="doTest[462]" classname="org.apache.zookeeper.server.ServerIdTest" time="0.475"/>
  <testcase name="doTest[463]" classname="org.apache.zookeeper.server.ServerIdTest" time="0.573"/>
  <testcase name="doTest[464]" classname="org.apache.zookeeper.server.ServerIdTest" time="0.881"/>
  <testcase name="doTest[465]" classname="org.apache.zookeeper.server.ServerIdTest" time="0.757"/>
  <testcase name="doTest[466]" classname="org.apache.zookeeper.server.ServerIdTest" time="0.791"/>
  <testcase name="doTest[467]" classname="org.apache.zookeeper.server.ServerIdTest" time="0.537"/>
  <testcase name="doTest[468]" classname="org.apache.zookeeper.server.ServerIdTest" time="0.587"/>
  <testcase name="doTest[469]" classname="org.apache.zookeeper.server.ServerIdTest" time="0.818"/>
  <testcase name="doTest[470]" classname="org.apache.zookeeper.server.ServerIdTest" time="0.472"/>
  <testcase name="doTest[471]" classname="org.apache.zookeeper.server.ServerIdTest" time="0.687"/>
  <testcase name="doTest[472]" classname="org.apache.zookeeper.server.ServerIdTest" time="0.659"/>
  <testcase name="doTest[473]" classname="org.apache.zookeeper.server.ServerIdTest" time="0.528"/>
  <testcase name="doTest[474]" classname="org.apache.zookeeper.server.ServerIdTest" time="0.66"/>
  <testcase name="doTest[475]" classname="org.apache.zookeeper.server.ServerIdTest" time="0.512"/>
  <testcase name="doTest[476]" classname="org.apache.zookeeper.server.ServerIdTest" time="0.498"/>
  <testcase name="doTest[477]" classname="org.apache.zookeeper.server.ServerIdTest" time="0.681"/>
  <testcase name="doTest[478]" classname="org.apache.zookeeper.server.ServerIdTest" time="0.467"/>
  <testcase name="doTest[479]" classname="org.apache.zookeeper.server.ServerIdTest" time="0.511"/>
  <testcase name="doTest[480]" classname="org.apache.zookeeper.server.ServerIdTest" time="1.012"/>
  <testcase name="doTest[481]" classname="org.apache.zookeeper.server.ServerIdTest" time="0.437"/>
  <testcase name="doTest[482]" classname="org.apache.zookeeper.server.ServerIdTest" time="0.671"/>
  <testcase name="doTest[483]" classname="org.apache.zookeeper.server.ServerIdTest" time="0.535"/>
  <testcase name="doTest[484]" classname="org.apache.zookeeper.server.ServerIdTest" time="0.575"/>
  <testcase name="doTest[485]" classname="org.apache.zookeeper.server.ServerIdTest" time="0.892"/>
  <testcase name="doTest[486]" classname="org.apache.zookeeper.server.ServerIdTest" time="0.477"/>
  <testcase name="doTest[487]" classname="org.apache.zookeeper.server.ServerIdTest" time="0.685"/>
  <testcase name="doTest[488]" classname="org.apache.zookeeper.server.ServerIdTest" time="0.504"/>
  <testcase name="doTest[489]" classname="org.apache.zookeeper.server.ServerIdTest" time="0.548"/>
  <testcase name="doTest[490]" classname="org.apache.zookeeper.server.ServerIdTest" time="0.82"/>
  <testcase name="doTest[491]" classname="org.apache.zookeeper.server.ServerIdTest" time="0.588"/>
  <testcase name="doTest[492]" classname="org.apache.zookeeper.server.ServerIdTest" time="0.621"/>
  <testcase name="doTest[493]" classname="org.apache.zookeeper.server.ServerIdTest" time="0.495"/>
  <testcase name="doTest[494]" classname="org.apache.zookeeper.server.ServerIdTest" time="0.569"/>
  <testcase name="doTest[495]" classname="org.apache.zookeeper.server.ServerIdTest" time="0.577"/>
  <testcase name="doTest[496]" classname="org.apache.zookeeper.server.ServerIdTest" time="0.559"/>
  <testcase name="doTest[497]" classname="org.apache.zookeeper.server.ServerIdTest" time="0.519"/>
  <testcase name="doTest[498]" classname="org.apache.zookeeper.server.ServerIdTest" time="0.671"/>
  <testcase name="doTest[499]" classname="org.apache.zookeeper.server.ServerIdTest" time="0.648"/>
  <testcase name="doTest[500]" classname="org.apache.zookeeper.server.ServerIdTest" time="0.538"/>
  <testcase name="doTest[501]" classname="org.apache.zookeeper.server.ServerIdTest" time="0.549"/>
  <testcase name="doTest[502]" classname="org.apache.zookeeper.server.ServerIdTest" time="0.522"/>
  <testcase name="doTest[503]" classname="org.apache.zookeeper.server.ServerIdTest" time="0.609"/>
  <testcase name="doTest[504]" classname="org.apache.zookeeper.server.ServerIdTest" time="0.701"/>
  <testcase name="doTest[505]" classname="org.apache.zookeeper.server.ServerIdTest" time="0.723"/>
  <testcase name="doTest[506]" classname="org.apache.zookeeper.server.ServerIdTest" time="0.541"/>
  <testcase name="doTest[507]" classname="org.apache.zookeeper.server.ServerIdTest" time="0.522"/>
  <testcase name="doTest[508]" classname="org.apache.zookeeper.server.ServerIdTest" time="0.796"/>
  <testcase name="doTest[509]" classname="org.apache.zookeeper.server.ServerIdTest" time="0.792"/>
  <testcase name="doTest[510]" classname="org.apache.zookeeper.server.ServerIdTest" time="0.509"/>
  <testcase name="doTest[511]" classname="org.apache.zookeeper.server.ServerIdTest" time="0.528"/>
</testsuite>