<?xml version="1.0" encoding="UTF-8"?>
<testsuite xmlns:xsi="http://www.w3.org/2001/XMLSchema-instance" xsi:noNamespaceSchemaLocation="https://maven.apache.org/surefire/maven-surefire-plugin/xsd/surefire-test-report.xsd" name="org.apache.zookeeper.test.NioNettySuiteTest" time="666.43" tests="110" errors="0" skipped="0" failures="0">
  <properties>
[...]
</properties>
  <testcase name="testNettyIpAuthDefault" classname="org.apache.zookeeper.test.ACLTest" time="1.427"/>
  <testcase name="testAcls" classname="org.apache.zookeeper.test.ACLTest" time="20.645"/>
  <testcase name="testIPAuthenticationIsValidCIDR" classname="org.apache.zookeeper.test.ACLTest" time="0.002"/>
  <testcase name="testNullValueACL" classname="org.apache.zookeeper.test.ACLTest" time="0.804"/>
  <testcase name="testDisconnectedAddAuth" classname="org.apache.zookeeper.test.ACLTest" time="0.709"/>
  <testcase name="testNullACL" classname="org.apache.zookeeper.test.ACLTest" time="0.775"/>
  <testcase name="testAsyncMulti" classname="org.apache.zookeeper.test.AsyncOpsTest" time="1.007"/>
  <testcase name="testAsyncMultiSequential_NoSideEffect" classname="org.apache.zookeeper.test.AsyncOpsTest" time="1.237"/>
  <testcase name="testAsyncGetChildrenEmpty" classname="org.apache.zookeeper.test.AsyncOpsTest" time="1.006"/>
  <testcase name="testAsyncSetACLFailure_BadVersion" classname="org.apache.zookeeper.test.AsyncOpsTest" time="1.148"/>
  <testcase name="testAsyncCreate" classname="org.apache.zookeeper.test.AsyncOpsTest" time="1.139"/>
  <testcase name="testAsyncDelete" classname="org.apache.zookeeper.test.AsyncOpsTest" time="0.877"/>
  <testcase name="testAsyncGetChildren2Failure_NoNode" classname="org.apache.zookeeper.test.AsyncOpsTest" time="0.864"/>
  <testcase name="testAsyncExists" classname="org.apache.zookeeper.test.AsyncOpsTest" time="1.078"/>
  <testcase name="testAsyncGetDataFailure_NoNode" classname="org.apache.zookeeper.test.AsyncOpsTest" time="0.783"/>
  <testcase name="testAsyncGetACL" classname="org.apache.zookeeper.test.AsyncOpsTest" time="1.25"/>
  <testcase name="testAsyncCreate2Failure_NoNode" classname="org.apache.zookeeper.test.AsyncOpsTest" time="0.838"/>
  <testcase name="testAsyncCreateFailure_NoNode" classname="org.apache.zookeeper.test.AsyncOpsTest" time="1.088"/>
  <testcase name="testAsyncSetACL" classname="org.apache.zookeeper.test.AsyncOpsTest" time="1.128"/>
  <testcase name="testAsyncMultiFailure_NoSideEffect" classname="org.apache.zookeeper.test.AsyncOpsTest" time="1.327"/>
  <testcase name="testAsyncGetData" classname="org.apache.zookeeper.test.AsyncOpsTest" time="1.206"/>
  <testcase name="testAsyncSync" classname="org.apache.zookeeper.test.AsyncOpsTest" time="0.951"/>
  <testcase name="testAsyncGetChildren2Two" classname="org.apache.zookeeper.test.AsyncOpsTest" time="1.351"/>
  <testcase name="testAsyncCreateFailure_NoChildForEphemeral" classname="org.apache.zookeeper.test.AsyncOpsTest" time="1.395"/>
  <testcase name="testAsyncDeleteFailure_BadVersion" classname="org.apache.zookeeper.test.AsyncOpsTest" time="1.09"/>
  <testcase name="testAsyncDeleteFailure_NoNode" classname="org.apache.zookeeper.test.AsyncOpsTest" time="0.973"/>
  <testcase name="testAsyncSetDataFailure_BadVersion" classname="org.apache.zookeeper.test.AsyncOpsTest" time="1.049"/>
  <testcase name="testAsyncGetChildrenFailure_NoNode" classname="org.apache.zookeeper.test.AsyncOpsTest" time="0.778"/>
  <testcase name="testAsyncCreate2" classname="org.apache.zookeeper.test.AsyncOpsTest" time="0.809"/>
  <testcase name="testAsyncExistsFailure_NoNode" classname="org.apache.zookeeper.test.AsyncOpsTest" time="0.762"/>
  <testcase name="testAsyncGetChildren2Empty" classname="org.apache.zookeeper.test.AsyncOpsTest" time="0.827"/>
  <testcase name="testAsyncCreateThree" classname="org.apache.zookeeper.test.AsyncOpsTest" time="0.716"/>
  <testcase name="testAsyncMultiFailure_AllErrorResult" classname="org.apache.zookeeper.test.AsyncOpsTest" time="1.054"/>
  <testcase name="testAsyncGetChildrenTwo" classname="org.apache.zookeeper.test.AsyncOpsTest" time="1.168"/>
  <testcase name="testAsyncCreateFailure_NodeExists" classname="org.apache.zookeeper.test.AsyncOpsTest" time="0.997"/>
  <testcase name="testAsyncCreate2Failure_NoChildForEphemeral" classname="org.apache.zookeeper.test.AsyncOpsTest" time="0.961"/>
  <testcase name="testAsyncSetData" classname="org.apache.zookeeper.test.AsyncOpsTest" time="0.977"/>
  <testcase name="testAsyncSetDataFailure_NoNode" classname="org.apache.zookeeper.test.AsyncOpsTest" time="1.079"/>
  <testcase name="testAsyncSetACLFailure_NoNode" classname="org.apache.zookeeper.test.AsyncOpsTest" time="1.096"/>
  <testcase name="testAsyncDeleteFailure_NotEmpty" classname="org.apache.zookeeper.test.AsyncOpsTest" time="1.147"/>
  <testcase name="testAsyncGetChildrenSingle" classname="org.apache.zookeeper.test.AsyncOpsTest" time="1.297"/>
  <testcase name="testAsyncCreate2Failure_NodeExists" classname="org.apache.zookeeper.test.AsyncOpsTest" time="1.185"/>
  <testcase name="testAsyncGetACLFailure_NoNode" classname="org.apache.zookeeper.test.AsyncOpsTest" time="0.919"/>
  <testcase name="testAsyncGetChildren2Single" classname="org.apache.zookeeper.test.AsyncOpsTest" time="1.03"/>
  <testcase name="testPing" classname="org.apache.zookeeper.test.ChrootClientTest" time="1.242"/>
  <testcase name="testTryWithResources" classname="org.apache.zookeeper.test.ChrootClientTest" time="1.088"/>
  <testcase name="testACLs" classname="org.apache.zookeeper.test.ChrootClientTest" time="2.327"/>
  <testcase name="testClientCleanup" classname="org.apache.zookeeper.test.ChrootClientTest" time="4.901"/>
  <testcase name="testClientwithoutWatcherObj" classname="org.apache.zookeeper.test.ChrootClientTest" time="7.289"/>
  <testcase name="testSequentialNodeData" classname="org.apache.zookeeper.test.ChrootClientTest" time="1.451"/>
  <testcase name="testSequentialNodeNames" classname="org.apache.zookeeper.test.ChrootClientTest" time="9.094"/>
  <testcase name="testClientWithWatcherObj" classname="org.apache.zookeeper.test.ChrootClientTest" time="6.44"/>
  <testcase name="testTestability" classname="org.apache.zookeeper.test.ChrootClientTest" time="0.937"/>
  <testcase name="testNullAuthId" classname="org.apache.zookeeper.test.ChrootClientTest" time="1.857"/>
  <testcase name="testNonExistingOpCode" classname="org.apache.zookeeper.test.ChrootClientTest" time="2.027"/>
  <testcase name="testDeleteWithChildren" classname="org.apache.zookeeper.test.ChrootClientTest" time="1.893"/>
  <testcase name="testPathValidation" classname="org.apache.zookeeper.test.ChrootClientTest" time="2.541"/>
  <testcase name="testLargeNodeData" classname="org.apache.zookeeper.test.ChrootClientTest" time="0.662"/>
  <testcase name="testMutipleWatcherObjs" classname="org.apache.zookeeper.test.ChrootClientTest" time="61.805"/>
  <testcase name="testCXidRollover" classname="org.apache.zookeeper.test.ChrootClientTest" time="3.984"/>
  <testcase name="testTryWithResources" classname="org.apache.zookeeper.test.ClientTest" time="1.176"/>
  <testcase name="testACLs" classname="org.apache.zookeeper.test.ClientTest" time="2.804"/>
  <testcase name="testPing" classname="org.apache.zookeeper.test.ClientTest" time="13.991"/>
  <testcase name="testClientCleanup" classname="org.apache.zookeeper.test.ClientTest" time="4.804"/>
  <testcase name="testClientwithoutWatcherObj" classname="org.apache.zookeeper.test.ClientTest" time="7.537"/>
  <testcase name="testSequentialNodeData" classname="org.apache.zookeeper.test.ClientTest" time="1.358"/>
  <testcase name="testSequentialNodeNames" classname="org.apache.zookeeper.test.ClientTest" time="12.038"/>
  <testcase name="testClientWithWatcherObj" classname="org.apache.zookeeper.test.ClientTest" time="7.383"/>
  <testcase name="testTestability" classname="org.apache.zookeeper.test.ClientTest" time="1.065"/>
  <testcase name="testNullAuthId" classname="org.apache.zookeeper.test.ClientTest" time="1.886"/>
  <testcase name="testNonExistingOpCode" classname="org.apache.zookeeper.test.ClientTest" time="2.686"/>
  <testcase name="testDeleteWithChildren" classname="org.apache.zookeeper.test.ClientTest" time="1.643"/>
  <testcase name="testPathValidation" classname="org.apache.zookeeper.test.ClientTest" time="3.069"/>
  <testcase name="testLargeNodeData" classname="org.apache.zookeeper.test.ClientTest" time="1.208"/>
  <testcase name="testMutipleWatcherObjs" classname="org.apache.zookeeper.test.ClientTest" time="57.146"/>
  <testcase name="testCXidRollover" classname="org.apache.zookeeper.test.ClientTest" time="1.692"/>
  <testcase name="testFourLetterWords" classname="org.apache.zookeeper.test.FourLetterWordsTest" time="0.328"/>
  <testcase name="testSetTraceMask" classname="org.apache.zookeeper.test.FourLetterWordsTest" time="0.081"/>
  <testcase name="testValidateConsOutput" classname="org.apache.zookeeper.test.FourLetterWordsTest" time="0.617"/>
  <testcase name="testValidateSocketTimeout" classname="org.apache.zookeeper.test.FourLetterWordsTest" time="0.063"/>
  <testcase name="testValidateStatOutput" classname="org.apache.zookeeper.test.FourLetterWordsTest" time="0.618"/>
  <testcase name="testNullData" classname="org.apache.zookeeper.test.NullDataTest" time="0.49"/>
  <testcase name="testQuorumSystemChange" classname="org.apache.zookeeper.test.ReconfigTest" time="20.193"/>
  <testcase name="testPortChange" classname="org.apache.zookeeper.test.ReconfigTest" time="43.051"/>
  <testcase name="testPortChangeToBlockedPortLeader" classname="org.apache.zookeeper.test.ReconfigTest" time="66.219"/>
  <testcase name="testUnspecifiedClientAddress" classname="org.apache.zookeeper.test.ReconfigTest" time="0"/>
  <testcase name="testReconfigEnablemntWithRollingRestart" classname="org.apache.zookeeper.test.ReconfigTest" time="11.133"/>
  <testcase name="testInitialConfigHasPositiveVersion" classname="org.apache.zookeeper.test.ReconfigTest" time="4.317"/>
  <testcase name="testRemoveAddOne" classname="org.apache.zookeeper.test.ReconfigTest" time="10.799"/>
  <testcase name="testRemoveAddTwo" classname="org.apache.zookeeper.test.ReconfigTest" time="25.926"/>
  <testcase name="testPortChangeToBlockedPortFollower" classname="org.apache.zookeeper.test.ReconfigTest" time="68.699"/>
  <testcase name="testJMXBeanAfterRemoveAddOne" classname="org.apache.zookeeper.test.ReconfigTest" time="4.563"/>
  <testcase name="testRoleChange" classname="org.apache.zookeeper.test.ReconfigTest" time="13.613"/>
  <testcase name="testBulkReconfig" classname="org.apache.zookeeper.test.ReconfigTest" time="22.19"/>
  <testcase name="testJMXBeanAfterRoleChange" classname="org.apache.zookeeper.test.ReconfigTest" time="6.332"/>
  <testcase name="testRemoveOneAsynchronous" classname="org.apache.zookeeper.test.ReconfigTest" time="6.965"/>
  <testcase name="testMinMaxSessionTimeout" classname="org.apache.zookeeper.test.SessionTest" time="1.317"/>
  <testcase name="testSessionMove" classname="org.apache.zookeeper.test.SessionTest" time="1.42"/>
  <testcase name="testMaximumCnxnPerIP" classname="org.apache.zookeeper.test.SessionTest" time="3.823"/>
  <testcase name="testSessionTimeoutAccess" classname="org.apache.zookeeper.test.SessionTest" time="1.381"/>
  <testcase name="testSession" classname="org.apache.zookeeper.test.SessionTest" time="1.518"/>
  <testcase name="testSessionStateNoDupStateReporting" classname="org.apache.zookeeper.test.SessionTest" time="11.348"/>
  <testcase name="testWatchAutoResetWithPending" classname="org.apache.zookeeper.test.WatcherTest" time="5.384"/>
  <testcase name="testWatcherCorrectness" classname="org.apache.zookeeper.test.WatcherTest" time="3.437"/>
  <testcase name="testWatcherAutoResetDisabledWithLocal" classname="org.apache.zookeeper.test.WatcherTest" time="8.202"/>
  <testcase name="testWatcherAutoResetWithGlobal" classname="org.apache.zookeeper.test.WatcherTest" time="8.189"/>
  <testcase name="testWatcherDisconnectOnClose" classname="org.apache.zookeeper.test.WatcherTest" time="1.143"/>
  <testcase name="testWatcherCount" classname="org.apache.zookeeper.test.WatcherTest" time="1.495"/>
  <testcase name="testWatcherAutoResetDisabledWithGlobal" classname="org.apache.zookeeper.test.WatcherTest" time="8.059"/>
  <testcase name="testWatcherAutoResetWithLocal" classname="org.apache.zookeeper.test.WatcherTest" time="7.665"/>
</testsuite>