<?xml version="1.0" encoding="UTF-8"?>
<testsuite xmlns:xsi="http://www.w3.org/2001/XMLSchema-instance" xsi:noNamespaceSchemaLocation="https://maven.apache.org/surefire/maven-surefire-plugin/xsd/surefire-test-report.xsd" name="org.apache.zookeeper.recipes.lock.ZNodeNameTest" time="0.078" tests="4" errors="0" skipped="0" failures="0">
  <properties>
[...]
</properties>
  <testcase name="testOrderWithExtraPrefixes" classname="org.apache.zookeeper.recipes.lock.ZNodeNameTest" time="0.026"/>
  <testcase name="testOrderWithDifferentPrefixes" classname="org.apache.zookeeper.recipes.lock.ZNodeNameTest" time="0"/>
  <testcase name="testOrderWithDifferentPrefixIncludingSessionId" classname="org.apache.zookeeper.recipes.lock.ZNodeNameTest" time="0.001"/>
  <testcase name="testOrderWithSamePrefix" classname="org.apache.zookeeper.recipes.lock.ZNodeNameTest" time="0"/>
</testsuite>